ARM GAS  C:\Users\d3bug\AppData\Local\Temp\ccQIvhDN.s 			page 1


   1              		.syntax unified
   2              		.cpu cortex-m0plus
   3              		.fpu softvfp
   4              		.eabi_attribute 20, 1
   5              		.eabi_attribute 21, 1
   6              		.eabi_attribute 23, 3
   7              		.eabi_attribute 24, 1
   8              		.eabi_attribute 25, 1
   9              		.eabi_attribute 26, 1
  10              		.eabi_attribute 30, 1
  11              		.eabi_attribute 34, 0
  12              		.eabi_attribute 18, 4
  13              		.thumb
  14              		.syntax unified
  15              		.file	"nRF24_COMMANDS.c"
  16              		.text
  17              	.Ltext0:
  18              		.cfi_sections	.debug_frame
  19              		.section	.text.nRF24_send_cmd,"ax",%progbits
  20              		.align	2
  21              		.code	16
  22              		.thumb_func
  23              		.type	nRF24_send_cmd, %function
  24              	nRF24_send_cmd:
  25              	.LFB10:
  26              		.file 1 "Generated_Source\\PSoC4\\nRF24_COMMANDS.c"
   1:Generated_Source\PSoC4/nRF24_COMMANDS.c **** /**
   2:Generated_Source\PSoC4/nRF24_COMMANDS.c **** * @file     nRF24_COMMANDS.c
   3:Generated_Source\PSoC4/nRF24_COMMANDS.c **** * @version  3
   4:Generated_Source\PSoC4/nRF24_COMMANDS.c **** * @brief    nRF24 commands.
   5:Generated_Source\PSoC4/nRF24_COMMANDS.c **** */
   6:Generated_Source\PSoC4/nRF24_COMMANDS.c **** 
   7:Generated_Source\PSoC4/nRF24_COMMANDS.c **** #include "nRF24_CONFIG.h"
   8:Generated_Source\PSoC4/nRF24_COMMANDS.c **** #include "nRF24_HAL.h"
   9:Generated_Source\PSoC4/nRF24_COMMANDS.c **** #include "nRF24_COMMANDS.h"
  10:Generated_Source\PSoC4/nRF24_COMMANDS.c **** #include "nRF24_DEFS.h"
  11:Generated_Source\PSoC4/nRF24_COMMANDS.c **** 
  12:Generated_Source\PSoC4/nRF24_COMMANDS.c **** /**
  13:Generated_Source\PSoC4/nRF24_COMMANDS.c ****  * @brief Send the @c cmd to the nRF24.
  14:Generated_Source\PSoC4/nRF24_COMMANDS.c ****  *
  15:Generated_Source\PSoC4/nRF24_COMMANDS.c ****  * @param[in]   nrf_cmd cmd: Command to be sent.
  16:Generated_Source\PSoC4/nRF24_COMMANDS.c ****  */
  17:Generated_Source\PSoC4/nRF24_COMMANDS.c **** static uint8_t nRF24_send_cmd(const nrf_cmd cmd);
  18:Generated_Source\PSoC4/nRF24_COMMANDS.c **** 
  19:Generated_Source\PSoC4/nRF24_COMMANDS.c **** /**
  20:Generated_Source\PSoC4/nRF24_COMMANDS.c ****  * @brief Reuse the last transmitted payload.
  21:Generated_Source\PSoC4/nRF24_COMMANDS.c ****  *
  22:Generated_Source\PSoC4/nRF24_COMMANDS.c ****  * Reuse last transmitted payload. TX payload reuse is active until
  23:Generated_Source\PSoC4/nRF24_COMMANDS.c ****  * NRF_CMD_W_TX_PAYLOAD or NRF_CMD_FLUSH_TX commands are executed.
  24:Generated_Source\PSoC4/nRF24_COMMANDS.c ****  *
  25:Generated_Source\PSoC4/nRF24_COMMANDS.c ****  * @note Used in TX mode.
  26:Generated_Source\PSoC4/nRF24_COMMANDS.c ****  *
  27:Generated_Source\PSoC4/nRF24_COMMANDS.c ****  * @warning TX payload reuse must not be activated or deactivated during
  28:Generated_Source\PSoC4/nRF24_COMMANDS.c ****  * package transmission.
  29:Generated_Source\PSoC4/nRF24_COMMANDS.c ****  */
  30:Generated_Source\PSoC4/nRF24_COMMANDS.c **** void nRF24_cmd_reuse_tx_payload(void)
  31:Generated_Source\PSoC4/nRF24_COMMANDS.c **** {
ARM GAS  C:\Users\d3bug\AppData\Local\Temp\ccQIvhDN.s 			page 2


  32:Generated_Source\PSoC4/nRF24_COMMANDS.c ****     nRF24_send_cmd(NRF_CMD_REUSE_TX_PL);
  33:Generated_Source\PSoC4/nRF24_COMMANDS.c **** }
  34:Generated_Source\PSoC4/nRF24_COMMANDS.c **** 
  35:Generated_Source\PSoC4/nRF24_COMMANDS.c **** /**
  36:Generated_Source\PSoC4/nRF24_COMMANDS.c ****  * @brief Flush the RX FIFO.
  37:Generated_Source\PSoC4/nRF24_COMMANDS.c ****  *
  38:Generated_Source\PSoC4/nRF24_COMMANDS.c ****  * @note Used in RX mode.
  39:Generated_Source\PSoC4/nRF24_COMMANDS.c ****  *
  40:Generated_Source\PSoC4/nRF24_COMMANDS.c ****  * @warning Should be not executed during transmission of acknowledge,
  41:Generated_Source\PSoC4/nRF24_COMMANDS.c ****  * that is, acknowledge package will not be completed.
  42:Generated_Source\PSoC4/nRF24_COMMANDS.c ****  */
  43:Generated_Source\PSoC4/nRF24_COMMANDS.c **** void nRF24_cmd_flush_rx(void)
  44:Generated_Source\PSoC4/nRF24_COMMANDS.c **** {
  45:Generated_Source\PSoC4/nRF24_COMMANDS.c ****     nRF24_send_cmd(NRF_CMD_FLUSH_RX);
  46:Generated_Source\PSoC4/nRF24_COMMANDS.c **** }
  47:Generated_Source\PSoC4/nRF24_COMMANDS.c **** 
  48:Generated_Source\PSoC4/nRF24_COMMANDS.c **** /**
  49:Generated_Source\PSoC4/nRF24_COMMANDS.c ****  * @brief Flush the TX FIFO.
  50:Generated_Source\PSoC4/nRF24_COMMANDS.c ****  * 
  51:Generated_Source\PSoC4/nRF24_COMMANDS.c ****  * @note Used in TX mode.
  52:Generated_Source\PSoC4/nRF24_COMMANDS.c ****  */
  53:Generated_Source\PSoC4/nRF24_COMMANDS.c **** void nRF24_cmd_flush_tx(void)
  54:Generated_Source\PSoC4/nRF24_COMMANDS.c **** {
  55:Generated_Source\PSoC4/nRF24_COMMANDS.c ****     nRF24_send_cmd(NRF_CMD_FLUSH_TX);
  56:Generated_Source\PSoC4/nRF24_COMMANDS.c **** }
  57:Generated_Source\PSoC4/nRF24_COMMANDS.c **** 
  58:Generated_Source\PSoC4/nRF24_COMMANDS.c **** /**
  59:Generated_Source\PSoC4/nRF24_COMMANDS.c ****  * @brief
  60:Generated_Source\PSoC4/nRF24_COMMANDS.c ****  * Read RX payload: 1 - 32 bytes. A read operation always starts at byte 0.
  61:Generated_Source\PSoC4/nRF24_COMMANDS.c ****  * Payload is deleted from FIFO after it is read.
  62:Generated_Source\PSoC4/nRF24_COMMANDS.c ****  *
  63:Generated_Source\PSoC4/nRF24_COMMANDS.c ****  * @note Used in RX mode.
  64:Generated_Source\PSoC4/nRF24_COMMANDS.c ****  *
  65:Generated_Source\PSoC4/nRF24_COMMANDS.c ****  * @param payload: payload to be read.
  66:Generated_Source\PSoC4/nRF24_COMMANDS.c ****  * @param data_size: Bytes of payload to be read (max 32).
  67:Generated_Source\PSoC4/nRF24_COMMANDS.c ****  */
  68:Generated_Source\PSoC4/nRF24_COMMANDS.c **** void nRF24_cmd_read_rx_payload(uint8_t *payload, const size_t payload_size)
  69:Generated_Source\PSoC4/nRF24_COMMANDS.c **** {
  70:Generated_Source\PSoC4/nRF24_COMMANDS.c ****     uint8_t nrf_data_out[payload_size + 1];
  71:Generated_Source\PSoC4/nRF24_COMMANDS.c ****     // the nrf_data_in array is to keep the spi sending dummy bytes so the
  72:Generated_Source\PSoC4/nRF24_COMMANDS.c ****     // radio can send us the payload, there's no need to set the array to
  73:Generated_Source\PSoC4/nRF24_COMMANDS.c ****     // any specific value, apart of the first element being the command
  74:Generated_Source\PSoC4/nRF24_COMMANDS.c ****     uint8_t nrf_data_in[payload_size + 1];
  75:Generated_Source\PSoC4/nRF24_COMMANDS.c ****     
  76:Generated_Source\PSoC4/nRF24_COMMANDS.c ****     nrf_data_in[0] = NRF_CMD_R_RX_PAYLOAD;
  77:Generated_Source\PSoC4/nRF24_COMMANDS.c ****     
  78:Generated_Source\PSoC4/nRF24_COMMANDS.c ****     nRF24_spi_xfer(nrf_data_in, nrf_data_out, sizeof(nrf_data_out));
  79:Generated_Source\PSoC4/nRF24_COMMANDS.c ****     
  80:Generated_Source\PSoC4/nRF24_COMMANDS.c ****     memcpy(payload, &nrf_data_out[1], payload_size);
  81:Generated_Source\PSoC4/nRF24_COMMANDS.c **** }
  82:Generated_Source\PSoC4/nRF24_COMMANDS.c **** 
  83:Generated_Source\PSoC4/nRF24_COMMANDS.c **** /**
  84:Generated_Source\PSoC4/nRF24_COMMANDS.c ****  * @brief Write TX payload: 1 - 32 bytes.
  85:Generated_Source\PSoC4/nRF24_COMMANDS.c ****  *
  86:Generated_Source\PSoC4/nRF24_COMMANDS.c ****  * A write operation always starts at byte 0 used in TX payload.
  87:Generated_Source\PSoC4/nRF24_COMMANDS.c ****  *
  88:Generated_Source\PSoC4/nRF24_COMMANDS.c ****  * @param const uint8_t* data: Data to be sent.
ARM GAS  C:\Users\d3bug\AppData\Local\Temp\ccQIvhDN.s 			page 3


  89:Generated_Source\PSoC4/nRF24_COMMANDS.c ****  * @param const size_t size: Bytes of data to be sent (max 32).
  90:Generated_Source\PSoC4/nRF24_COMMANDS.c ****  */
  91:Generated_Source\PSoC4/nRF24_COMMANDS.c **** void nRF24_cmd_write_tx_payload(const uint8_t *payload, const size_t payload_size)
  92:Generated_Source\PSoC4/nRF24_COMMANDS.c **** {
  93:Generated_Source\PSoC4/nRF24_COMMANDS.c ****     uint8_t nrf_data_in[payload_size + 1];
  94:Generated_Source\PSoC4/nRF24_COMMANDS.c ****     uint8_t nrf_data_out[payload_size + 1];
  95:Generated_Source\PSoC4/nRF24_COMMANDS.c ****     
  96:Generated_Source\PSoC4/nRF24_COMMANDS.c ****     nrf_data_in[0] = NRF_CMD_W_TX_PAYLOAD;
  97:Generated_Source\PSoC4/nRF24_COMMANDS.c ****     memcpy(&nrf_data_in[1], payload, payload_size);
  98:Generated_Source\PSoC4/nRF24_COMMANDS.c ****     
  99:Generated_Source\PSoC4/nRF24_COMMANDS.c ****     nRF24_spi_xfer(nrf_data_in, nrf_data_out, sizeof(nrf_data_in));
 100:Generated_Source\PSoC4/nRF24_COMMANDS.c **** }
 101:Generated_Source\PSoC4/nRF24_COMMANDS.c **** 
 102:Generated_Source\PSoC4/nRF24_COMMANDS.c **** /**
 103:Generated_Source\PSoC4/nRF24_COMMANDS.c ****  * @brief Read RX payload width for the top R_RX_PAYLOAD in the RX FIFO.
 104:Generated_Source\PSoC4/nRF24_COMMANDS.c ****  * 
 105:Generated_Source\PSoC4/nRF24_COMMANDS.c ****  * @note Flush RX FIFO if the read value is larger than 32 bytes.
 106:Generated_Source\PSoC4/nRF24_COMMANDS.c ****  *
 107:Generated_Source\PSoC4/nRF24_COMMANDS.c ****  * @return uint8_t: width of the payload on the top of the RX FIFO.
 108:Generated_Source\PSoC4/nRF24_COMMANDS.c ****  */
 109:Generated_Source\PSoC4/nRF24_COMMANDS.c **** uint8_t nRF24_cmd_read_payload_width(void)
 110:Generated_Source\PSoC4/nRF24_COMMANDS.c **** {
 111:Generated_Source\PSoC4/nRF24_COMMANDS.c ****     uint8_t nrf_data_in[2] = {
 112:Generated_Source\PSoC4/nRF24_COMMANDS.c ****         NRF_CMD_R_RX_PL_WID, NRF_CMD_NOP
 113:Generated_Source\PSoC4/nRF24_COMMANDS.c ****     };
 114:Generated_Source\PSoC4/nRF24_COMMANDS.c ****     // nrf_data_out[0] = STATUS_REGISTER, nrf_data_out[1] = payload_width
 115:Generated_Source\PSoC4/nRF24_COMMANDS.c ****     uint8_t nrf_data_out[2] = {0};
 116:Generated_Source\PSoC4/nRF24_COMMANDS.c ****     
 117:Generated_Source\PSoC4/nRF24_COMMANDS.c ****     nRF24_spi_xfer(nrf_data_in, nrf_data_out, sizeof(nrf_data_in));
 118:Generated_Source\PSoC4/nRF24_COMMANDS.c **** 
 119:Generated_Source\PSoC4/nRF24_COMMANDS.c ****     return nrf_data_out[1];
 120:Generated_Source\PSoC4/nRF24_COMMANDS.c **** }
 121:Generated_Source\PSoC4/nRF24_COMMANDS.c **** 
 122:Generated_Source\PSoC4/nRF24_COMMANDS.c **** /**
 123:Generated_Source\PSoC4/nRF24_COMMANDS.c ****  * @brief Write Payload to be transmitted together with ACK packet.
 124:Generated_Source\PSoC4/nRF24_COMMANDS.c ****  *
 125:Generated_Source\PSoC4/nRF24_COMMANDS.c ****  * Write Payload to be transmitted together with ACK packet on PIPE PPP
 126:Generated_Source\PSoC4/nRF24_COMMANDS.c ****  * (PPP valid in the range from 000 to 101). Maximum three ACK packet
 127:Generated_Source\PSoC4/nRF24_COMMANDS.c ****  * payloads can be pending. Payloads with same PPP are handled using
 128:Generated_Source\PSoC4/nRF24_COMMANDS.c ****  * first in - first out principle.
 129:Generated_Source\PSoC4/nRF24_COMMANDS.c ****  * Write payload: 1 - 32 bytes.
 130:Generated_Source\PSoC4/nRF24_COMMANDS.c ****  * A write operation always starts at byte 0.
 131:Generated_Source\PSoC4/nRF24_COMMANDS.c ****  *
 132:Generated_Source\PSoC4/nRF24_COMMANDS.c ****  * @param const nrf_pipe pipe: Pipe to use.
 133:Generated_Source\PSoC4/nRF24_COMMANDS.c ****  * @param const uint8_t* data: Data to be sent.
 134:Generated_Source\PSoC4/nRF24_COMMANDS.c ****  * @param const size_t size: Bytes of data to be sent (max 32)
 135:Generated_Source\PSoC4/nRF24_COMMANDS.c ****  *
 136:Generated_Source\PSoC4/nRF24_COMMANDS.c ****  * @note Used in RX mode.
 137:Generated_Source\PSoC4/nRF24_COMMANDS.c ****  */
 138:Generated_Source\PSoC4/nRF24_COMMANDS.c **** void nRF24_cmd_write_ack_payload(const nrf_pipe pipe,
 139:Generated_Source\PSoC4/nRF24_COMMANDS.c ****                                             const uint8_t* payload, const size_t payload_size)
 140:Generated_Source\PSoC4/nRF24_COMMANDS.c **** {
 141:Generated_Source\PSoC4/nRF24_COMMANDS.c ****     uint8_t nrf_data_in[payload_size + 1];
 142:Generated_Source\PSoC4/nRF24_COMMANDS.c ****     uint8_t nrf_data_out[payload_size + 1];
 143:Generated_Source\PSoC4/nRF24_COMMANDS.c ****     
 144:Generated_Source\PSoC4/nRF24_COMMANDS.c ****     nrf_data_in[0] = NRF_CMD_W_ACK_PAYLOAD | pipe;
 145:Generated_Source\PSoC4/nRF24_COMMANDS.c ****     memcpy(&nrf_data_in[1], payload, payload_size);
ARM GAS  C:\Users\d3bug\AppData\Local\Temp\ccQIvhDN.s 			page 4


 146:Generated_Source\PSoC4/nRF24_COMMANDS.c ****     
 147:Generated_Source\PSoC4/nRF24_COMMANDS.c ****     nRF24_spi_xfer(nrf_data_in, nrf_data_out, sizeof(nrf_data_in));
 148:Generated_Source\PSoC4/nRF24_COMMANDS.c **** }
 149:Generated_Source\PSoC4/nRF24_COMMANDS.c **** 
 150:Generated_Source\PSoC4/nRF24_COMMANDS.c **** /**
 151:Generated_Source\PSoC4/nRF24_COMMANDS.c ****  * @brief Disable AUTOACK on this packet.
 152:Generated_Source\PSoC4/nRF24_COMMANDS.c ****  *
 153:Generated_Source\PSoC4/nRF24_COMMANDS.c ****  * @param const uint8_t* data: Data to be sent.
 154:Generated_Source\PSoC4/nRF24_COMMANDS.c ****  * @param const size_t size: Bytes of data to be sent (max 32).
 155:Generated_Source\PSoC4/nRF24_COMMANDS.c ****  *
 156:Generated_Source\PSoC4/nRF24_COMMANDS.c ****  * @note Used in TX mode.
 157:Generated_Source\PSoC4/nRF24_COMMANDS.c ****  */
 158:Generated_Source\PSoC4/nRF24_COMMANDS.c **** void nRF24_cmd_no_ack_payload(const uint8_t* payload, const size_t payload_size)
 159:Generated_Source\PSoC4/nRF24_COMMANDS.c **** {
 160:Generated_Source\PSoC4/nRF24_COMMANDS.c ****     uint8_t nrf_data_in[payload_size + 1];
 161:Generated_Source\PSoC4/nRF24_COMMANDS.c ****     uint8_t nrf_data_out[payload_size + 1];
 162:Generated_Source\PSoC4/nRF24_COMMANDS.c ****     
 163:Generated_Source\PSoC4/nRF24_COMMANDS.c ****     nrf_data_in[0] = NRF_CMD_W_TX_PAYLOAD_NO_ACK;
 164:Generated_Source\PSoC4/nRF24_COMMANDS.c ****     memcpy(&nrf_data_in[1], payload, payload_size);
 165:Generated_Source\PSoC4/nRF24_COMMANDS.c ****     
 166:Generated_Source\PSoC4/nRF24_COMMANDS.c ****     nRF24_spi_xfer(nrf_data_in, nrf_data_out, sizeof(nrf_data_in));
 167:Generated_Source\PSoC4/nRF24_COMMANDS.c **** }
 168:Generated_Source\PSoC4/nRF24_COMMANDS.c **** 
 169:Generated_Source\PSoC4/nRF24_COMMANDS.c **** /**
 170:Generated_Source\PSoC4/nRF24_COMMANDS.c ****  * @brief NOP (No OPeration) Command. Useful to read the STATUS register.
 171:Generated_Source\PSoC4/nRF24_COMMANDS.c ****  *
 172:Generated_Source\PSoC4/nRF24_COMMANDS.c ****  * @return uint8_t: STATUS register.
 173:Generated_Source\PSoC4/nRF24_COMMANDS.c ****  */
 174:Generated_Source\PSoC4/nRF24_COMMANDS.c **** uint8_t nRF24_cmd_nop(void)
 175:Generated_Source\PSoC4/nRF24_COMMANDS.c **** {
 176:Generated_Source\PSoC4/nRF24_COMMANDS.c ****     return nRF24_send_cmd(NRF_CMD_NOP);
 177:Generated_Source\PSoC4/nRF24_COMMANDS.c **** }
 178:Generated_Source\PSoC4/nRF24_COMMANDS.c **** 
 179:Generated_Source\PSoC4/nRF24_COMMANDS.c **** static uint8_t nRF24_send_cmd(const nrf_cmd cmd)
 180:Generated_Source\PSoC4/nRF24_COMMANDS.c **** {
  27              		.loc 1 180 0
  28              		.cfi_startproc
  29              		@ args = 0, pretend = 0, frame = 16
  30              		@ frame_needed = 0, uses_anonymous_args = 0
  31              	.LVL0:
  32 0000 10B5     		push	{r4, lr}
  33              		.cfi_def_cfa_offset 8
  34              		.cfi_offset 4, -8
  35              		.cfi_offset 14, -4
  36 0002 84B0     		sub	sp, sp, #16
  37              		.cfi_def_cfa_offset 24
  38 0004 6B46     		mov	r3, sp
  39 0006 D871     		strb	r0, [r3, #7]
  40 0008 0733     		adds	r3, r3, #7
 181:Generated_Source\PSoC4/nRF24_COMMANDS.c ****     uint8_t status = 0;
  41              		.loc 1 181 0
  42 000a 0F24     		movs	r4, #15
  43 000c 6C44     		add	r4, r4, sp
  44 000e 0022     		movs	r2, #0
  45 0010 2270     		strb	r2, [r4]
 182:Generated_Source\PSoC4/nRF24_COMMANDS.c ****     nRF24_spi_xfer(&cmd, &status, 1);
  46              		.loc 1 182 0
ARM GAS  C:\Users\d3bug\AppData\Local\Temp\ccQIvhDN.s 			page 5


  47 0012 0132     		adds	r2, r2, #1
  48 0014 2100     		movs	r1, r4
  49 0016 1800     		movs	r0, r3
  50              	.LVL1:
  51 0018 FFF7FEFF 		bl	nRF24_spi_xfer
  52              	.LVL2:
 183:Generated_Source\PSoC4/nRF24_COMMANDS.c ****     return status;
  53              		.loc 1 183 0
  54 001c 2078     		ldrb	r0, [r4]
 184:Generated_Source\PSoC4/nRF24_COMMANDS.c **** }
  55              		.loc 1 184 0
  56 001e 04B0     		add	sp, sp, #16
  57              	.LVL3:
  58              		@ sp needed
  59 0020 10BD     		pop	{r4, pc}
  60              		.cfi_endproc
  61              	.LFE10:
  62              		.size	nRF24_send_cmd, .-nRF24_send_cmd
  63 0022 C046     		.section	.text.nRF24_cmd_reuse_tx_payload,"ax",%progbits
  64              		.align	2
  65              		.global	nRF24_cmd_reuse_tx_payload
  66              		.code	16
  67              		.thumb_func
  68              		.type	nRF24_cmd_reuse_tx_payload, %function
  69              	nRF24_cmd_reuse_tx_payload:
  70              	.LFB1:
  31:Generated_Source\PSoC4/nRF24_COMMANDS.c ****     nRF24_send_cmd(NRF_CMD_REUSE_TX_PL);
  71              		.loc 1 31 0
  72              		.cfi_startproc
  73              		@ args = 0, pretend = 0, frame = 0
  74              		@ frame_needed = 0, uses_anonymous_args = 0
  75 0000 10B5     		push	{r4, lr}
  76              		.cfi_def_cfa_offset 8
  77              		.cfi_offset 4, -8
  78              		.cfi_offset 14, -4
  32:Generated_Source\PSoC4/nRF24_COMMANDS.c **** }
  79              		.loc 1 32 0
  80 0002 E320     		movs	r0, #227
  81 0004 FFF7FEFF 		bl	nRF24_send_cmd
  82              	.LVL4:
  33:Generated_Source\PSoC4/nRF24_COMMANDS.c **** 
  83              		.loc 1 33 0
  84              		@ sp needed
  85 0008 10BD     		pop	{r4, pc}
  86              		.cfi_endproc
  87              	.LFE1:
  88              		.size	nRF24_cmd_reuse_tx_payload, .-nRF24_cmd_reuse_tx_payload
  89 000a C046     		.section	.text.nRF24_cmd_flush_rx,"ax",%progbits
  90              		.align	2
  91              		.global	nRF24_cmd_flush_rx
  92              		.code	16
  93              		.thumb_func
  94              		.type	nRF24_cmd_flush_rx, %function
  95              	nRF24_cmd_flush_rx:
  96              	.LFB2:
  44:Generated_Source\PSoC4/nRF24_COMMANDS.c ****     nRF24_send_cmd(NRF_CMD_FLUSH_RX);
  97              		.loc 1 44 0
ARM GAS  C:\Users\d3bug\AppData\Local\Temp\ccQIvhDN.s 			page 6


  98              		.cfi_startproc
  99              		@ args = 0, pretend = 0, frame = 0
 100              		@ frame_needed = 0, uses_anonymous_args = 0
 101 0000 10B5     		push	{r4, lr}
 102              		.cfi_def_cfa_offset 8
 103              		.cfi_offset 4, -8
 104              		.cfi_offset 14, -4
  45:Generated_Source\PSoC4/nRF24_COMMANDS.c **** }
 105              		.loc 1 45 0
 106 0002 E220     		movs	r0, #226
 107 0004 FFF7FEFF 		bl	nRF24_send_cmd
 108              	.LVL5:
  46:Generated_Source\PSoC4/nRF24_COMMANDS.c **** 
 109              		.loc 1 46 0
 110              		@ sp needed
 111 0008 10BD     		pop	{r4, pc}
 112              		.cfi_endproc
 113              	.LFE2:
 114              		.size	nRF24_cmd_flush_rx, .-nRF24_cmd_flush_rx
 115 000a C046     		.section	.text.nRF24_cmd_flush_tx,"ax",%progbits
 116              		.align	2
 117              		.global	nRF24_cmd_flush_tx
 118              		.code	16
 119              		.thumb_func
 120              		.type	nRF24_cmd_flush_tx, %function
 121              	nRF24_cmd_flush_tx:
 122              	.LFB3:
  54:Generated_Source\PSoC4/nRF24_COMMANDS.c ****     nRF24_send_cmd(NRF_CMD_FLUSH_TX);
 123              		.loc 1 54 0
 124              		.cfi_startproc
 125              		@ args = 0, pretend = 0, frame = 0
 126              		@ frame_needed = 0, uses_anonymous_args = 0
 127 0000 10B5     		push	{r4, lr}
 128              		.cfi_def_cfa_offset 8
 129              		.cfi_offset 4, -8
 130              		.cfi_offset 14, -4
  55:Generated_Source\PSoC4/nRF24_COMMANDS.c **** }
 131              		.loc 1 55 0
 132 0002 E120     		movs	r0, #225
 133 0004 FFF7FEFF 		bl	nRF24_send_cmd
 134              	.LVL6:
  56:Generated_Source\PSoC4/nRF24_COMMANDS.c **** 
 135              		.loc 1 56 0
 136              		@ sp needed
 137 0008 10BD     		pop	{r4, pc}
 138              		.cfi_endproc
 139              	.LFE3:
 140              		.size	nRF24_cmd_flush_tx, .-nRF24_cmd_flush_tx
 141 000a C046     		.section	.text.nRF24_cmd_read_rx_payload,"ax",%progbits
 142              		.align	2
 143              		.global	nRF24_cmd_read_rx_payload
 144              		.code	16
 145              		.thumb_func
 146              		.type	nRF24_cmd_read_rx_payload, %function
 147              	nRF24_cmd_read_rx_payload:
 148              	.LFB4:
  69:Generated_Source\PSoC4/nRF24_COMMANDS.c ****     uint8_t nrf_data_out[payload_size + 1];
ARM GAS  C:\Users\d3bug\AppData\Local\Temp\ccQIvhDN.s 			page 7


 149              		.loc 1 69 0
 150              		.cfi_startproc
 151              		@ args = 0, pretend = 0, frame = 0
 152              		@ frame_needed = 1, uses_anonymous_args = 0
 153              	.LVL7:
 154 0000 F8B5     		push	{r3, r4, r5, r6, r7, lr}
 155              		.cfi_def_cfa_offset 24
 156              		.cfi_offset 3, -24
 157              		.cfi_offset 4, -20
 158              		.cfi_offset 5, -16
 159              		.cfi_offset 6, -12
 160              		.cfi_offset 7, -8
 161              		.cfi_offset 14, -4
 162 0002 00AF     		add	r7, sp, #0
 163              		.cfi_def_cfa_register 7
 164 0004 0400     		movs	r4, r0
 165 0006 0E00     		movs	r6, r1
  70:Generated_Source\PSoC4/nRF24_COMMANDS.c ****     // the nrf_data_in array is to keep the spi sending dummy bytes so the
 166              		.loc 1 70 0
 167 0008 4A1C     		adds	r2, r1, #1
 168 000a 0B00     		movs	r3, r1
 169 000c 0833     		adds	r3, r3, #8
 170 000e DB08     		lsrs	r3, r3, #3
 171 0010 DB00     		lsls	r3, r3, #3
 172 0012 6946     		mov	r1, sp
 173              	.LVL8:
 174 0014 C91A     		subs	r1, r1, r3
 175 0016 8D46     		mov	sp, r1
 176 0018 6D46     		mov	r5, sp
 177              	.LVL9:
  74:Generated_Source\PSoC4/nRF24_COMMANDS.c ****     
 178              		.loc 1 74 0
 179 001a CB1A     		subs	r3, r1, r3
 180 001c 9D46     		mov	sp, r3
 181              	.LVL10:
  76:Generated_Source\PSoC4/nRF24_COMMANDS.c ****     
 182              		.loc 1 76 0
 183 001e 6121     		movs	r1, #97
 184              	.LVL11:
 185 0020 1970     		strb	r1, [r3]
  78:Generated_Source\PSoC4/nRF24_COMMANDS.c ****     
 186              		.loc 1 78 0
 187 0022 2900     		movs	r1, r5
 188 0024 6846     		mov	r0, sp
 189              	.LVL12:
 190 0026 FFF7FEFF 		bl	nRF24_spi_xfer
 191              	.LVL13:
  80:Generated_Source\PSoC4/nRF24_COMMANDS.c **** }
 192              		.loc 1 80 0
 193 002a 691C     		adds	r1, r5, #1
 194 002c 3200     		movs	r2, r6
 195 002e 2000     		movs	r0, r4
 196 0030 FFF7FEFF 		bl	memcpy
 197              	.LVL14:
  81:Generated_Source\PSoC4/nRF24_COMMANDS.c **** 
 198              		.loc 1 81 0
 199 0034 BD46     		mov	sp, r7
ARM GAS  C:\Users\d3bug\AppData\Local\Temp\ccQIvhDN.s 			page 8


 200              	.LVL15:
 201              		@ sp needed
 202              	.LVL16:
 203              	.LVL17:
 204              	.LVL18:
 205 0036 F8BD     		pop	{r3, r4, r5, r6, r7, pc}
 206              		.cfi_endproc
 207              	.LFE4:
 208              		.size	nRF24_cmd_read_rx_payload, .-nRF24_cmd_read_rx_payload
 209              		.section	.text.nRF24_cmd_write_tx_payload,"ax",%progbits
 210              		.align	2
 211              		.global	nRF24_cmd_write_tx_payload
 212              		.code	16
 213              		.thumb_func
 214              		.type	nRF24_cmd_write_tx_payload, %function
 215              	nRF24_cmd_write_tx_payload:
 216              	.LFB5:
  92:Generated_Source\PSoC4/nRF24_COMMANDS.c ****     uint8_t nrf_data_in[payload_size + 1];
 217              		.loc 1 92 0
 218              		.cfi_startproc
 219              		@ args = 0, pretend = 0, frame = 0
 220              		@ frame_needed = 1, uses_anonymous_args = 0
 221              	.LVL19:
 222 0000 F8B5     		push	{r3, r4, r5, r6, r7, lr}
 223              		.cfi_def_cfa_offset 24
 224              		.cfi_offset 3, -24
 225              		.cfi_offset 4, -20
 226              		.cfi_offset 5, -16
 227              		.cfi_offset 6, -12
 228              		.cfi_offset 7, -8
 229              		.cfi_offset 14, -4
 230 0002 00AF     		add	r7, sp, #0
 231              		.cfi_def_cfa_register 7
 232 0004 0500     		movs	r5, r0
 233 0006 0A00     		movs	r2, r1
  93:Generated_Source\PSoC4/nRF24_COMMANDS.c ****     uint8_t nrf_data_out[payload_size + 1];
 234              		.loc 1 93 0
 235 0008 4E1C     		adds	r6, r1, #1
 236 000a 0B00     		movs	r3, r1
 237 000c 0833     		adds	r3, r3, #8
 238 000e DB08     		lsrs	r3, r3, #3
 239 0010 DB00     		lsls	r3, r3, #3
 240 0012 6946     		mov	r1, sp
 241              	.LVL20:
 242 0014 C91A     		subs	r1, r1, r3
 243 0016 8D46     		mov	sp, r1
 244 0018 6C46     		mov	r4, sp
 245              	.LVL21:
  94:Generated_Source\PSoC4/nRF24_COMMANDS.c ****     
 246              		.loc 1 94 0
 247 001a CB1A     		subs	r3, r1, r3
 248 001c 9D46     		mov	sp, r3
 249              	.LVL22:
  96:Generated_Source\PSoC4/nRF24_COMMANDS.c ****     memcpy(&nrf_data_in[1], payload, payload_size);
 250              		.loc 1 96 0
 251 001e A023     		movs	r3, #160
 252              	.LVL23:
ARM GAS  C:\Users\d3bug\AppData\Local\Temp\ccQIvhDN.s 			page 9


 253 0020 2370     		strb	r3, [r4]
  97:Generated_Source\PSoC4/nRF24_COMMANDS.c ****     
 254              		.loc 1 97 0
 255 0022 601C     		adds	r0, r4, #1
 256              	.LVL24:
 257 0024 2900     		movs	r1, r5
 258              	.LVL25:
 259 0026 FFF7FEFF 		bl	memcpy
 260              	.LVL26:
  99:Generated_Source\PSoC4/nRF24_COMMANDS.c **** }
 261              		.loc 1 99 0
 262 002a 3200     		movs	r2, r6
 263 002c 6946     		mov	r1, sp
 264 002e 2000     		movs	r0, r4
 265 0030 FFF7FEFF 		bl	nRF24_spi_xfer
 266              	.LVL27:
 100:Generated_Source\PSoC4/nRF24_COMMANDS.c **** 
 267              		.loc 1 100 0
 268 0034 BD46     		mov	sp, r7
 269              	.LVL28:
 270              		@ sp needed
 271              	.LVL29:
 272              	.LVL30:
 273              	.LVL31:
 274 0036 F8BD     		pop	{r3, r4, r5, r6, r7, pc}
 275              		.cfi_endproc
 276              	.LFE5:
 277              		.size	nRF24_cmd_write_tx_payload, .-nRF24_cmd_write_tx_payload
 278              		.section	.text.nRF24_cmd_read_payload_width,"ax",%progbits
 279              		.align	2
 280              		.global	nRF24_cmd_read_payload_width
 281              		.code	16
 282              		.thumb_func
 283              		.type	nRF24_cmd_read_payload_width, %function
 284              	nRF24_cmd_read_payload_width:
 285              	.LFB6:
 110:Generated_Source\PSoC4/nRF24_COMMANDS.c ****     uint8_t nrf_data_in[2] = {
 286              		.loc 1 110 0
 287              		.cfi_startproc
 288              		@ args = 0, pretend = 0, frame = 8
 289              		@ frame_needed = 0, uses_anonymous_args = 0
 290 0000 00B5     		push	{lr}
 291              		.cfi_def_cfa_offset 4
 292              		.cfi_offset 14, -4
 293 0002 83B0     		sub	sp, sp, #12
 294              		.cfi_def_cfa_offset 16
 111:Generated_Source\PSoC4/nRF24_COMMANDS.c ****         NRF_CMD_R_RX_PL_WID, NRF_CMD_NOP
 295              		.loc 1 111 0
 296 0004 0222     		movs	r2, #2
 297 0006 0849     		ldr	r1, .L8
 298 0008 01A8     		add	r0, sp, #4
 299 000a FFF7FEFF 		bl	memcpy
 300              	.LVL32:
 115:Generated_Source\PSoC4/nRF24_COMMANDS.c ****     
 301              		.loc 1 115 0
 302 000e 0023     		movs	r3, #0
 303 0010 6A46     		mov	r2, sp
ARM GAS  C:\Users\d3bug\AppData\Local\Temp\ccQIvhDN.s 			page 10


 304 0012 1380     		strh	r3, [r2]
 117:Generated_Source\PSoC4/nRF24_COMMANDS.c **** 
 305              		.loc 1 117 0
 306 0014 0222     		movs	r2, #2
 307 0016 6946     		mov	r1, sp
 308 0018 01A8     		add	r0, sp, #4
 309 001a FFF7FEFF 		bl	nRF24_spi_xfer
 310              	.LVL33:
 119:Generated_Source\PSoC4/nRF24_COMMANDS.c **** }
 311              		.loc 1 119 0
 312 001e 6B46     		mov	r3, sp
 313 0020 5878     		ldrb	r0, [r3, #1]
 120:Generated_Source\PSoC4/nRF24_COMMANDS.c **** 
 314              		.loc 1 120 0
 315 0022 03B0     		add	sp, sp, #12
 316              		@ sp needed
 317 0024 00BD     		pop	{pc}
 318              	.L9:
 319 0026 C046     		.align	2
 320              	.L8:
 321 0028 00000000 		.word	.LANCHOR0
 322              		.cfi_endproc
 323              	.LFE6:
 324              		.size	nRF24_cmd_read_payload_width, .-nRF24_cmd_read_payload_width
 325              		.section	.text.nRF24_cmd_write_ack_payload,"ax",%progbits
 326              		.align	2
 327              		.global	nRF24_cmd_write_ack_payload
 328              		.code	16
 329              		.thumb_func
 330              		.type	nRF24_cmd_write_ack_payload, %function
 331              	nRF24_cmd_write_ack_payload:
 332              	.LFB7:
 140:Generated_Source\PSoC4/nRF24_COMMANDS.c ****     uint8_t nrf_data_in[payload_size + 1];
 333              		.loc 1 140 0
 334              		.cfi_startproc
 335              		@ args = 0, pretend = 0, frame = 0
 336              		@ frame_needed = 1, uses_anonymous_args = 0
 337              	.LVL34:
 338 0000 F8B5     		push	{r3, r4, r5, r6, r7, lr}
 339              		.cfi_def_cfa_offset 24
 340              		.cfi_offset 3, -24
 341              		.cfi_offset 4, -20
 342              		.cfi_offset 5, -16
 343              		.cfi_offset 6, -12
 344              		.cfi_offset 7, -8
 345              		.cfi_offset 14, -4
 346 0002 00AF     		add	r7, sp, #0
 347              		.cfi_def_cfa_register 7
 141:Generated_Source\PSoC4/nRF24_COMMANDS.c ****     uint8_t nrf_data_out[payload_size + 1];
 348              		.loc 1 141 0
 349 0004 551C     		adds	r5, r2, #1
 350 0006 1300     		movs	r3, r2
 351 0008 0833     		adds	r3, r3, #8
 352 000a DB08     		lsrs	r3, r3, #3
 353 000c DB00     		lsls	r3, r3, #3
 354 000e 6C46     		mov	r4, sp
 355 0010 E41A     		subs	r4, r4, r3
ARM GAS  C:\Users\d3bug\AppData\Local\Temp\ccQIvhDN.s 			page 11


 356 0012 A546     		mov	sp, r4
 357              	.LVL35:
 142:Generated_Source\PSoC4/nRF24_COMMANDS.c ****     
 358              		.loc 1 142 0
 359 0014 6E46     		mov	r6, sp
 360 0016 F31A     		subs	r3, r6, r3
 361 0018 9D46     		mov	sp, r3
 362              	.LVL36:
 144:Generated_Source\PSoC4/nRF24_COMMANDS.c ****     memcpy(&nrf_data_in[1], payload, payload_size);
 363              		.loc 1 144 0
 364 001a 5823     		movs	r3, #88
 365              	.LVL37:
 366 001c 5B42     		rsbs	r3, r3, #0
 367 001e 1843     		orrs	r0, r3
 368              	.LVL38:
 369 0020 2070     		strb	r0, [r4]
 145:Generated_Source\PSoC4/nRF24_COMMANDS.c ****     
 370              		.loc 1 145 0
 371 0022 601C     		adds	r0, r4, #1
 372 0024 FFF7FEFF 		bl	memcpy
 373              	.LVL39:
 147:Generated_Source\PSoC4/nRF24_COMMANDS.c **** }
 374              		.loc 1 147 0
 375 0028 2A00     		movs	r2, r5
 376 002a 6946     		mov	r1, sp
 377 002c 2000     		movs	r0, r4
 378 002e FFF7FEFF 		bl	nRF24_spi_xfer
 379              	.LVL40:
 148:Generated_Source\PSoC4/nRF24_COMMANDS.c **** 
 380              		.loc 1 148 0
 381 0032 BD46     		mov	sp, r7
 382              	.LVL41:
 383              		@ sp needed
 384              	.LVL42:
 385              	.LVL43:
 386              	.LVL44:
 387 0034 F8BD     		pop	{r3, r4, r5, r6, r7, pc}
 388              		.cfi_endproc
 389              	.LFE7:
 390              		.size	nRF24_cmd_write_ack_payload, .-nRF24_cmd_write_ack_payload
 391 0036 C046     		.section	.text.nRF24_cmd_no_ack_payload,"ax",%progbits
 392              		.align	2
 393              		.global	nRF24_cmd_no_ack_payload
 394              		.code	16
 395              		.thumb_func
 396              		.type	nRF24_cmd_no_ack_payload, %function
 397              	nRF24_cmd_no_ack_payload:
 398              	.LFB8:
 159:Generated_Source\PSoC4/nRF24_COMMANDS.c ****     uint8_t nrf_data_in[payload_size + 1];
 399              		.loc 1 159 0
 400              		.cfi_startproc
 401              		@ args = 0, pretend = 0, frame = 0
 402              		@ frame_needed = 1, uses_anonymous_args = 0
 403              	.LVL45:
 404 0000 F8B5     		push	{r3, r4, r5, r6, r7, lr}
 405              		.cfi_def_cfa_offset 24
 406              		.cfi_offset 3, -24
ARM GAS  C:\Users\d3bug\AppData\Local\Temp\ccQIvhDN.s 			page 12


 407              		.cfi_offset 4, -20
 408              		.cfi_offset 5, -16
 409              		.cfi_offset 6, -12
 410              		.cfi_offset 7, -8
 411              		.cfi_offset 14, -4
 412 0002 00AF     		add	r7, sp, #0
 413              		.cfi_def_cfa_register 7
 414 0004 0500     		movs	r5, r0
 415 0006 0A00     		movs	r2, r1
 160:Generated_Source\PSoC4/nRF24_COMMANDS.c ****     uint8_t nrf_data_out[payload_size + 1];
 416              		.loc 1 160 0
 417 0008 4E1C     		adds	r6, r1, #1
 418 000a 0B00     		movs	r3, r1
 419 000c 0833     		adds	r3, r3, #8
 420 000e DB08     		lsrs	r3, r3, #3
 421 0010 DB00     		lsls	r3, r3, #3
 422 0012 6946     		mov	r1, sp
 423              	.LVL46:
 424 0014 C91A     		subs	r1, r1, r3
 425 0016 8D46     		mov	sp, r1
 426 0018 6C46     		mov	r4, sp
 427              	.LVL47:
 161:Generated_Source\PSoC4/nRF24_COMMANDS.c ****     
 428              		.loc 1 161 0
 429 001a CB1A     		subs	r3, r1, r3
 430 001c 9D46     		mov	sp, r3
 431              	.LVL48:
 163:Generated_Source\PSoC4/nRF24_COMMANDS.c ****     memcpy(&nrf_data_in[1], payload, payload_size);
 432              		.loc 1 163 0
 433 001e B023     		movs	r3, #176
 434              	.LVL49:
 435 0020 2370     		strb	r3, [r4]
 164:Generated_Source\PSoC4/nRF24_COMMANDS.c ****     
 436              		.loc 1 164 0
 437 0022 601C     		adds	r0, r4, #1
 438              	.LVL50:
 439 0024 2900     		movs	r1, r5
 440              	.LVL51:
 441 0026 FFF7FEFF 		bl	memcpy
 442              	.LVL52:
 166:Generated_Source\PSoC4/nRF24_COMMANDS.c **** }
 443              		.loc 1 166 0
 444 002a 3200     		movs	r2, r6
 445 002c 6946     		mov	r1, sp
 446 002e 2000     		movs	r0, r4
 447 0030 FFF7FEFF 		bl	nRF24_spi_xfer
 448              	.LVL53:
 167:Generated_Source\PSoC4/nRF24_COMMANDS.c **** 
 449              		.loc 1 167 0
 450 0034 BD46     		mov	sp, r7
 451              	.LVL54:
 452              		@ sp needed
 453              	.LVL55:
 454              	.LVL56:
 455              	.LVL57:
 456 0036 F8BD     		pop	{r3, r4, r5, r6, r7, pc}
 457              		.cfi_endproc
ARM GAS  C:\Users\d3bug\AppData\Local\Temp\ccQIvhDN.s 			page 13


 458              	.LFE8:
 459              		.size	nRF24_cmd_no_ack_payload, .-nRF24_cmd_no_ack_payload
 460              		.section	.text.nRF24_cmd_nop,"ax",%progbits
 461              		.align	2
 462              		.global	nRF24_cmd_nop
 463              		.code	16
 464              		.thumb_func
 465              		.type	nRF24_cmd_nop, %function
 466              	nRF24_cmd_nop:
 467              	.LFB9:
 175:Generated_Source\PSoC4/nRF24_COMMANDS.c ****     return nRF24_send_cmd(NRF_CMD_NOP);
 468              		.loc 1 175 0
 469              		.cfi_startproc
 470              		@ args = 0, pretend = 0, frame = 0
 471              		@ frame_needed = 0, uses_anonymous_args = 0
 472 0000 10B5     		push	{r4, lr}
 473              		.cfi_def_cfa_offset 8
 474              		.cfi_offset 4, -8
 475              		.cfi_offset 14, -4
 176:Generated_Source\PSoC4/nRF24_COMMANDS.c **** }
 476              		.loc 1 176 0
 477 0002 FF20     		movs	r0, #255
 478 0004 FFF7FEFF 		bl	nRF24_send_cmd
 479              	.LVL58:
 177:Generated_Source\PSoC4/nRF24_COMMANDS.c **** 
 480              		.loc 1 177 0
 481              		@ sp needed
 482 0008 10BD     		pop	{r4, pc}
 483              		.cfi_endproc
 484              	.LFE9:
 485              		.size	nRF24_cmd_nop, .-nRF24_cmd_nop
 486 000a C046     		.section	.rodata
 487              		.align	2
 488              		.set	.LANCHOR0,. + 0
 489              	.LC0:
 490 0000 60       		.byte	96
 491 0001 FF       		.byte	-1
 492              		.text
 493              	.Letext0:
 494              		.file 2 "c:\\program files (x86)\\cypress\\psoc creator\\4.2\\psoc creator\\import\\gnu\\arm\\5.4.
 495              		.file 3 "c:\\program files (x86)\\cypress\\psoc creator\\4.2\\psoc creator\\import\\gnu\\arm\\5.4.
 496              		.file 4 "c:\\program files (x86)\\cypress\\psoc creator\\4.2\\psoc creator\\import\\gnu\\arm\\5.4.
 497              		.file 5 "Generated_Source\\PSoC4\\nRF24_DEFS.h"
 498              		.file 6 "Generated_Source\\PSoC4\\nRF24_HAL.h"
 499              		.section	.debug_info,"",%progbits
 500              	.Ldebug_info0:
 501 0000 C7050000 		.4byte	0x5c7
 502 0004 0400     		.2byte	0x4
 503 0006 00000000 		.4byte	.Ldebug_abbrev0
 504 000a 04       		.byte	0x4
 505 000b 01       		.uleb128 0x1
 506 000c 33030000 		.4byte	.LASF51
 507 0010 0C       		.byte	0xc
 508 0011 75000000 		.4byte	.LASF52
 509 0015 D8030000 		.4byte	.LASF53
 510 0019 00000000 		.4byte	.Ldebug_ranges0+0
 511 001d 00000000 		.4byte	0
ARM GAS  C:\Users\d3bug\AppData\Local\Temp\ccQIvhDN.s 			page 14


 512 0021 00000000 		.4byte	.Ldebug_line0
 513 0025 02       		.uleb128 0x2
 514 0026 01       		.byte	0x1
 515 0027 06       		.byte	0x6
 516 0028 C5030000 		.4byte	.LASF0
 517 002c 03       		.uleb128 0x3
 518 002d 00000000 		.4byte	.LASF9
 519 0031 02       		.byte	0x2
 520 0032 1D       		.byte	0x1d
 521 0033 37000000 		.4byte	0x37
 522 0037 02       		.uleb128 0x2
 523 0038 01       		.byte	0x1
 524 0039 08       		.byte	0x8
 525 003a 9D000000 		.4byte	.LASF1
 526 003e 02       		.uleb128 0x2
 527 003f 02       		.byte	0x2
 528 0040 05       		.byte	0x5
 529 0041 BE020000 		.4byte	.LASF2
 530 0045 02       		.uleb128 0x2
 531 0046 02       		.byte	0x2
 532 0047 07       		.byte	0x7
 533 0048 24000000 		.4byte	.LASF3
 534 004c 02       		.uleb128 0x2
 535 004d 04       		.byte	0x4
 536 004e 05       		.byte	0x5
 537 004f 0B030000 		.4byte	.LASF4
 538 0053 02       		.uleb128 0x2
 539 0054 04       		.byte	0x4
 540 0055 07       		.byte	0x7
 541 0056 1A010000 		.4byte	.LASF5
 542 005a 02       		.uleb128 0x2
 543 005b 08       		.byte	0x8
 544 005c 05       		.byte	0x5
 545 005d 55020000 		.4byte	.LASF6
 546 0061 02       		.uleb128 0x2
 547 0062 08       		.byte	0x8
 548 0063 07       		.byte	0x7
 549 0064 CB010000 		.4byte	.LASF7
 550 0068 04       		.uleb128 0x4
 551 0069 04       		.byte	0x4
 552 006a 05       		.byte	0x5
 553 006b 696E7400 		.ascii	"int\000"
 554 006f 02       		.uleb128 0x2
 555 0070 04       		.byte	0x4
 556 0071 07       		.byte	0x7
 557 0072 88010000 		.4byte	.LASF8
 558 0076 03       		.uleb128 0x3
 559 0077 E2010000 		.4byte	.LASF10
 560 007b 03       		.byte	0x3
 561 007c 18       		.byte	0x18
 562 007d 2C000000 		.4byte	0x2c
 563 0081 02       		.uleb128 0x2
 564 0082 04       		.byte	0x4
 565 0083 04       		.byte	0x4
 566 0084 6F000000 		.4byte	.LASF11
 567 0088 02       		.uleb128 0x2
 568 0089 08       		.byte	0x8
ARM GAS  C:\Users\d3bug\AppData\Local\Temp\ccQIvhDN.s 			page 15


 569 008a 04       		.byte	0x4
 570 008b D1030000 		.4byte	.LASF12
 571 008f 02       		.uleb128 0x2
 572 0090 01       		.byte	0x1
 573 0091 08       		.byte	0x8
 574 0092 89020000 		.4byte	.LASF13
 575 0096 03       		.uleb128 0x3
 576 0097 0A000000 		.4byte	.LASF14
 577 009b 04       		.byte	0x4
 578 009c D8       		.byte	0xd8
 579 009d 6F000000 		.4byte	0x6f
 580 00a1 02       		.uleb128 0x2
 581 00a2 08       		.byte	0x8
 582 00a3 04       		.byte	0x4
 583 00a4 27030000 		.4byte	.LASF15
 584 00a8 02       		.uleb128 0x2
 585 00a9 04       		.byte	0x4
 586 00aa 07       		.byte	0x7
 587 00ab 4C020000 		.4byte	.LASF16
 588 00af 05       		.uleb128 0x5
 589 00b0 01       		.byte	0x1
 590 00b1 37000000 		.4byte	0x37
 591 00b5 05       		.byte	0x5
 592 00b6 2E       		.byte	0x2e
 593 00b7 FE000000 		.4byte	0xfe
 594 00bb 06       		.uleb128 0x6
 595 00bc 9D020000 		.4byte	.LASF17
 596 00c0 00       		.byte	0
 597 00c1 06       		.uleb128 0x6
 598 00c2 11000000 		.4byte	.LASF18
 599 00c6 20       		.byte	0x20
 600 00c7 06       		.uleb128 0x6
 601 00c8 C8020000 		.4byte	.LASF19
 602 00cc 61       		.byte	0x61
 603 00cd 06       		.uleb128 0x6
 604 00ce 74020000 		.4byte	.LASF20
 605 00d2 A0       		.byte	0xa0
 606 00d3 06       		.uleb128 0x6
 607 00d4 3B020000 		.4byte	.LASF21
 608 00d8 E1       		.byte	0xe1
 609 00d9 06       		.uleb128 0x6
 610 00da 63020000 		.4byte	.LASF22
 611 00de E2       		.byte	0xe2
 612 00df 06       		.uleb128 0x6
 613 00e0 F7020000 		.4byte	.LASF23
 614 00e4 E3       		.byte	0xe3
 615 00e5 06       		.uleb128 0x6
 616 00e6 FE010000 		.4byte	.LASF24
 617 00ea 60       		.byte	0x60
 618 00eb 06       		.uleb128 0x6
 619 00ec 2C010000 		.4byte	.LASF25
 620 00f0 A8       		.byte	0xa8
 621 00f1 06       		.uleb128 0x6
 622 00f2 4A010000 		.4byte	.LASF26
 623 00f6 B0       		.byte	0xb0
 624 00f7 06       		.uleb128 0x6
 625 00f8 0E010000 		.4byte	.LASF27
ARM GAS  C:\Users\d3bug\AppData\Local\Temp\ccQIvhDN.s 			page 16


 626 00fc FF       		.byte	0xff
 627 00fd 00       		.byte	0
 628 00fe 03       		.uleb128 0x3
 629 00ff 42010000 		.4byte	.LASF28
 630 0103 05       		.byte	0x5
 631 0104 3A       		.byte	0x3a
 632 0105 AF000000 		.4byte	0xaf
 633 0109 05       		.uleb128 0x5
 634 010a 01       		.byte	0x1
 635 010b 37000000 		.4byte	0x37
 636 010f 05       		.byte	0x5
 637 0110 3D       		.byte	0x3d
 638 0111 3A010000 		.4byte	0x13a
 639 0115 06       		.uleb128 0x6
 640 0116 AB000000 		.4byte	.LASF29
 641 011a 00       		.byte	0
 642 011b 06       		.uleb128 0x6
 643 011c B5000000 		.4byte	.LASF30
 644 0120 01       		.byte	0x1
 645 0121 06       		.uleb128 0x6
 646 0122 BF000000 		.4byte	.LASF31
 647 0126 02       		.byte	0x2
 648 0127 06       		.uleb128 0x6
 649 0128 C9000000 		.4byte	.LASF32
 650 012c 03       		.byte	0x3
 651 012d 06       		.uleb128 0x6
 652 012e D3000000 		.4byte	.LASF33
 653 0132 04       		.byte	0x4
 654 0133 06       		.uleb128 0x6
 655 0134 DD000000 		.4byte	.LASF34
 656 0138 05       		.byte	0x5
 657 0139 00       		.byte	0
 658 013a 03       		.uleb128 0x3
 659 013b 66000000 		.4byte	.LASF35
 660 013f 05       		.byte	0x5
 661 0140 44       		.byte	0x44
 662 0141 09010000 		.4byte	0x109
 663 0145 07       		.uleb128 0x7
 664 0146 8E020000 		.4byte	.LASF54
 665 014a 01       		.byte	0x1
 666 014b B3       		.byte	0xb3
 667 014c 76000000 		.4byte	0x76
 668 0150 00000000 		.4byte	.LFB10
 669 0154 22000000 		.4byte	.LFE10-.LFB10
 670 0158 01       		.uleb128 0x1
 671 0159 9C       		.byte	0x9c
 672 015a 97010000 		.4byte	0x197
 673 015e 08       		.uleb128 0x8
 674 015f 636D6400 		.ascii	"cmd\000"
 675 0163 01       		.byte	0x1
 676 0164 B3       		.byte	0xb3
 677 0165 97010000 		.4byte	0x197
 678 0169 00000000 		.4byte	.LLST0
 679 016d 09       		.uleb128 0x9
 680 016e 5F000000 		.4byte	.LASF42
 681 0172 01       		.byte	0x1
 682 0173 B5       		.byte	0xb5
ARM GAS  C:\Users\d3bug\AppData\Local\Temp\ccQIvhDN.s 			page 17


 683 0174 76000000 		.4byte	0x76
 684 0178 02       		.uleb128 0x2
 685 0179 91       		.byte	0x91
 686 017a 77       		.sleb128 -9
 687 017b 0A       		.uleb128 0xa
 688 017c 1C000000 		.4byte	.LVL2
 689 0180 B6050000 		.4byte	0x5b6
 690 0184 0B       		.uleb128 0xb
 691 0185 01       		.uleb128 0x1
 692 0186 50       		.byte	0x50
 693 0187 02       		.uleb128 0x2
 694 0188 7D       		.byte	0x7d
 695 0189 07       		.sleb128 7
 696 018a 0B       		.uleb128 0xb
 697 018b 01       		.uleb128 0x1
 698 018c 51       		.byte	0x51
 699 018d 02       		.uleb128 0x2
 700 018e 74       		.byte	0x74
 701 018f 00       		.sleb128 0
 702 0190 0B       		.uleb128 0xb
 703 0191 01       		.uleb128 0x1
 704 0192 52       		.byte	0x52
 705 0193 01       		.uleb128 0x1
 706 0194 31       		.byte	0x31
 707 0195 00       		.byte	0
 708 0196 00       		.byte	0
 709 0197 0C       		.uleb128 0xc
 710 0198 FE000000 		.4byte	0xfe
 711 019c 0D       		.uleb128 0xd
 712 019d 95010000 		.4byte	.LASF36
 713 01a1 01       		.byte	0x1
 714 01a2 1E       		.byte	0x1e
 715 01a3 00000000 		.4byte	.LFB1
 716 01a7 0A000000 		.4byte	.LFE1-.LFB1
 717 01ab 01       		.uleb128 0x1
 718 01ac 9C       		.byte	0x9c
 719 01ad C2010000 		.4byte	0x1c2
 720 01b1 0A       		.uleb128 0xa
 721 01b2 08000000 		.4byte	.LVL4
 722 01b6 45010000 		.4byte	0x145
 723 01ba 0B       		.uleb128 0xb
 724 01bb 01       		.uleb128 0x1
 725 01bc 50       		.byte	0x50
 726 01bd 02       		.uleb128 0x2
 727 01be 09       		.byte	0x9
 728 01bf E3       		.byte	0xe3
 729 01c0 00       		.byte	0
 730 01c1 00       		.byte	0
 731 01c2 0D       		.uleb128 0xd
 732 01c3 DD020000 		.4byte	.LASF37
 733 01c7 01       		.byte	0x1
 734 01c8 2B       		.byte	0x2b
 735 01c9 00000000 		.4byte	.LFB2
 736 01cd 0A000000 		.4byte	.LFE2-.LFB2
 737 01d1 01       		.uleb128 0x1
 738 01d2 9C       		.byte	0x9c
 739 01d3 E8010000 		.4byte	0x1e8
ARM GAS  C:\Users\d3bug\AppData\Local\Temp\ccQIvhDN.s 			page 18


 740 01d7 0A       		.uleb128 0xa
 741 01d8 08000000 		.4byte	.LVL5
 742 01dc 45010000 		.4byte	0x145
 743 01e0 0B       		.uleb128 0xb
 744 01e1 01       		.uleb128 0x1
 745 01e2 50       		.byte	0x50
 746 01e3 02       		.uleb128 0x2
 747 01e4 09       		.byte	0x9
 748 01e5 E2       		.byte	0xe2
 749 01e6 00       		.byte	0
 750 01e7 00       		.byte	0
 751 01e8 0D       		.uleb128 0xd
 752 01e9 14030000 		.4byte	.LASF38
 753 01ed 01       		.byte	0x1
 754 01ee 35       		.byte	0x35
 755 01ef 00000000 		.4byte	.LFB3
 756 01f3 0A000000 		.4byte	.LFE3-.LFB3
 757 01f7 01       		.uleb128 0x1
 758 01f8 9C       		.byte	0x9c
 759 01f9 0E020000 		.4byte	0x20e
 760 01fd 0A       		.uleb128 0xa
 761 01fe 08000000 		.4byte	.LVL6
 762 0202 45010000 		.4byte	0x145
 763 0206 0B       		.uleb128 0xb
 764 0207 01       		.uleb128 0x1
 765 0208 50       		.byte	0x50
 766 0209 02       		.uleb128 0x2
 767 020a 09       		.byte	0x9
 768 020b E1       		.byte	0xe1
 769 020c 00       		.byte	0
 770 020d 00       		.byte	0
 771 020e 0D       		.uleb128 0xd
 772 020f F4000000 		.4byte	.LASF39
 773 0213 01       		.byte	0x1
 774 0214 44       		.byte	0x44
 775 0215 00000000 		.4byte	.LFB4
 776 0219 38000000 		.4byte	.LFE4-.LFB4
 777 021d 01       		.uleb128 0x1
 778 021e 9C       		.byte	0x9c
 779 021f 9C020000 		.4byte	0x29c
 780 0223 0E       		.uleb128 0xe
 781 0224 F6010000 		.4byte	.LASF40
 782 0228 01       		.byte	0x1
 783 0229 44       		.byte	0x44
 784 022a 9C020000 		.4byte	0x29c
 785 022e 37000000 		.4byte	.LLST1
 786 0232 0E       		.uleb128 0xe
 787 0233 E7000000 		.4byte	.LASF41
 788 0237 01       		.byte	0x1
 789 0238 44       		.byte	0x44
 790 0239 A2020000 		.4byte	0x2a2
 791 023d 63000000 		.4byte	.LLST2
 792 0241 0F       		.uleb128 0xf
 793 0242 2E020000 		.4byte	.LASF43
 794 0246 01       		.byte	0x1
 795 0247 46       		.byte	0x46
 796 0248 A7020000 		.4byte	0x2a7
ARM GAS  C:\Users\d3bug\AppData\Local\Temp\ccQIvhDN.s 			page 19


 797 024c 8F000000 		.4byte	.LLST3
 798 0250 0F       		.uleb128 0xf
 799 0251 EA010000 		.4byte	.LASF44
 800 0255 01       		.byte	0x1
 801 0256 4A       		.byte	0x4a
 802 0257 BA020000 		.4byte	0x2ba
 803 025b AF000000 		.4byte	.LLST4
 804 025f 10       		.uleb128 0x10
 805 0260 2A000000 		.4byte	.LVL13
 806 0264 B6050000 		.4byte	0x5b6
 807 0268 7F020000 		.4byte	0x27f
 808 026c 0B       		.uleb128 0xb
 809 026d 01       		.uleb128 0x1
 810 026e 50       		.byte	0x50
 811 026f 02       		.uleb128 0x2
 812 0270 7D       		.byte	0x7d
 813 0271 00       		.sleb128 0
 814 0272 0B       		.uleb128 0xb
 815 0273 01       		.uleb128 0x1
 816 0274 51       		.byte	0x51
 817 0275 02       		.uleb128 0x2
 818 0276 75       		.byte	0x75
 819 0277 00       		.sleb128 0
 820 0278 0B       		.uleb128 0xb
 821 0279 01       		.uleb128 0x1
 822 027a 52       		.byte	0x52
 823 027b 02       		.uleb128 0x2
 824 027c 76       		.byte	0x76
 825 027d 01       		.sleb128 1
 826 027e 00       		.byte	0
 827 027f 0A       		.uleb128 0xa
 828 0280 34000000 		.4byte	.LVL14
 829 0284 C1050000 		.4byte	0x5c1
 830 0288 0B       		.uleb128 0xb
 831 0289 01       		.uleb128 0x1
 832 028a 50       		.byte	0x50
 833 028b 02       		.uleb128 0x2
 834 028c 74       		.byte	0x74
 835 028d 00       		.sleb128 0
 836 028e 0B       		.uleb128 0xb
 837 028f 01       		.uleb128 0x1
 838 0290 51       		.byte	0x51
 839 0291 02       		.uleb128 0x2
 840 0292 75       		.byte	0x75
 841 0293 01       		.sleb128 1
 842 0294 0B       		.uleb128 0xb
 843 0295 01       		.uleb128 0x1
 844 0296 52       		.byte	0x52
 845 0297 02       		.uleb128 0x2
 846 0298 76       		.byte	0x76
 847 0299 00       		.sleb128 0
 848 029a 00       		.byte	0
 849 029b 00       		.byte	0
 850 029c 11       		.uleb128 0x11
 851 029d 04       		.byte	0x4
 852 029e 76000000 		.4byte	0x76
 853 02a2 0C       		.uleb128 0xc
ARM GAS  C:\Users\d3bug\AppData\Local\Temp\ccQIvhDN.s 			page 20


 854 02a3 96000000 		.4byte	0x96
 855 02a7 12       		.uleb128 0x12
 856 02a8 76000000 		.4byte	0x76
 857 02ac BA020000 		.4byte	0x2ba
 858 02b0 13       		.uleb128 0x13
 859 02b1 A8000000 		.4byte	0xa8
 860 02b5 32020000 		.4byte	0x232
 861 02b9 00       		.byte	0
 862 02ba 12       		.uleb128 0x12
 863 02bb 76000000 		.4byte	0x76
 864 02bf CD020000 		.4byte	0x2cd
 865 02c3 13       		.uleb128 0x13
 866 02c4 A8000000 		.4byte	0xa8
 867 02c8 32020000 		.4byte	0x232
 868 02cc 00       		.byte	0
 869 02cd 0D       		.uleb128 0xd
 870 02ce B0010000 		.4byte	.LASF45
 871 02d2 01       		.byte	0x1
 872 02d3 5B       		.byte	0x5b
 873 02d4 00000000 		.4byte	.LFB5
 874 02d8 38000000 		.4byte	.LFE5-.LFB5
 875 02dc 01       		.uleb128 0x1
 876 02dd 9C       		.byte	0x9c
 877 02de 5B030000 		.4byte	0x35b
 878 02e2 0E       		.uleb128 0xe
 879 02e3 F6010000 		.4byte	.LASF40
 880 02e7 01       		.byte	0x1
 881 02e8 5B       		.byte	0x5b
 882 02e9 5B030000 		.4byte	0x35b
 883 02ed E2000000 		.4byte	.LLST5
 884 02f1 0E       		.uleb128 0xe
 885 02f2 E7000000 		.4byte	.LASF41
 886 02f6 01       		.byte	0x1
 887 02f7 5B       		.byte	0x5b
 888 02f8 A2020000 		.4byte	0x2a2
 889 02fc 0E010000 		.4byte	.LLST6
 890 0300 0F       		.uleb128 0xf
 891 0301 EA010000 		.4byte	.LASF44
 892 0305 01       		.byte	0x1
 893 0306 5D       		.byte	0x5d
 894 0307 66030000 		.4byte	0x366
 895 030b 47010000 		.4byte	.LLST7
 896 030f 0F       		.uleb128 0xf
 897 0310 2E020000 		.4byte	.LASF43
 898 0314 01       		.byte	0x1
 899 0315 5E       		.byte	0x5e
 900 0316 79030000 		.4byte	0x379
 901 031a 67010000 		.4byte	.LLST8
 902 031e 10       		.uleb128 0x10
 903 031f 2A000000 		.4byte	.LVL26
 904 0323 C1050000 		.4byte	0x5c1
 905 0327 3E030000 		.4byte	0x33e
 906 032b 0B       		.uleb128 0xb
 907 032c 01       		.uleb128 0x1
 908 032d 50       		.byte	0x50
 909 032e 02       		.uleb128 0x2
 910 032f 74       		.byte	0x74
ARM GAS  C:\Users\d3bug\AppData\Local\Temp\ccQIvhDN.s 			page 21


 911 0330 01       		.sleb128 1
 912 0331 0B       		.uleb128 0xb
 913 0332 01       		.uleb128 0x1
 914 0333 51       		.byte	0x51
 915 0334 02       		.uleb128 0x2
 916 0335 75       		.byte	0x75
 917 0336 00       		.sleb128 0
 918 0337 0B       		.uleb128 0xb
 919 0338 01       		.uleb128 0x1
 920 0339 52       		.byte	0x52
 921 033a 02       		.uleb128 0x2
 922 033b 76       		.byte	0x76
 923 033c 7F       		.sleb128 -1
 924 033d 00       		.byte	0
 925 033e 0A       		.uleb128 0xa
 926 033f 34000000 		.4byte	.LVL27
 927 0343 B6050000 		.4byte	0x5b6
 928 0347 0B       		.uleb128 0xb
 929 0348 01       		.uleb128 0x1
 930 0349 50       		.byte	0x50
 931 034a 02       		.uleb128 0x2
 932 034b 74       		.byte	0x74
 933 034c 00       		.sleb128 0
 934 034d 0B       		.uleb128 0xb
 935 034e 01       		.uleb128 0x1
 936 034f 51       		.byte	0x51
 937 0350 02       		.uleb128 0x2
 938 0351 7D       		.byte	0x7d
 939 0352 00       		.sleb128 0
 940 0353 0B       		.uleb128 0xb
 941 0354 01       		.uleb128 0x1
 942 0355 52       		.byte	0x52
 943 0356 02       		.uleb128 0x2
 944 0357 76       		.byte	0x76
 945 0358 00       		.sleb128 0
 946 0359 00       		.byte	0
 947 035a 00       		.byte	0
 948 035b 11       		.uleb128 0x11
 949 035c 04       		.byte	0x4
 950 035d 61030000 		.4byte	0x361
 951 0361 0C       		.uleb128 0xc
 952 0362 76000000 		.4byte	0x76
 953 0366 12       		.uleb128 0x12
 954 0367 76000000 		.4byte	0x76
 955 036b 79030000 		.4byte	0x379
 956 036f 13       		.uleb128 0x13
 957 0370 A8000000 		.4byte	0xa8
 958 0374 F1020000 		.4byte	0x2f1
 959 0378 00       		.byte	0
 960 0379 12       		.uleb128 0x12
 961 037a 76000000 		.4byte	0x76
 962 037e 8C030000 		.4byte	0x38c
 963 0382 13       		.uleb128 0x13
 964 0383 A8000000 		.4byte	0xa8
 965 0387 F1020000 		.4byte	0x2f1
 966 038b 00       		.byte	0
 967 038c 14       		.uleb128 0x14
ARM GAS  C:\Users\d3bug\AppData\Local\Temp\ccQIvhDN.s 			page 22


 968 038d 6B010000 		.4byte	.LASF49
 969 0391 01       		.byte	0x1
 970 0392 6D       		.byte	0x6d
 971 0393 76000000 		.4byte	0x76
 972 0397 00000000 		.4byte	.LFB6
 973 039b 2C000000 		.4byte	.LFE6-.LFB6
 974 039f 01       		.uleb128 0x1
 975 03a0 9C       		.byte	0x9c
 976 03a1 FF030000 		.4byte	0x3ff
 977 03a5 09       		.uleb128 0x9
 978 03a6 EA010000 		.4byte	.LASF44
 979 03aa 01       		.byte	0x1
 980 03ab 6F       		.byte	0x6f
 981 03ac FF030000 		.4byte	0x3ff
 982 03b0 02       		.uleb128 0x2
 983 03b1 91       		.byte	0x91
 984 03b2 74       		.sleb128 -12
 985 03b3 09       		.uleb128 0x9
 986 03b4 2E020000 		.4byte	.LASF43
 987 03b8 01       		.byte	0x1
 988 03b9 73       		.byte	0x73
 989 03ba FF030000 		.4byte	0x3ff
 990 03be 02       		.uleb128 0x2
 991 03bf 91       		.byte	0x91
 992 03c0 70       		.sleb128 -16
 993 03c1 10       		.uleb128 0x10
 994 03c2 0E000000 		.4byte	.LVL32
 995 03c6 C1050000 		.4byte	0x5c1
 996 03ca E3030000 		.4byte	0x3e3
 997 03ce 0B       		.uleb128 0xb
 998 03cf 01       		.uleb128 0x1
 999 03d0 50       		.byte	0x50
 1000 03d1 02       		.uleb128 0x2
 1001 03d2 91       		.byte	0x91
 1002 03d3 74       		.sleb128 -12
 1003 03d4 0B       		.uleb128 0xb
 1004 03d5 01       		.uleb128 0x1
 1005 03d6 51       		.byte	0x51
 1006 03d7 05       		.uleb128 0x5
 1007 03d8 03       		.byte	0x3
 1008 03d9 00000000 		.4byte	.LANCHOR0
 1009 03dd 0B       		.uleb128 0xb
 1010 03de 01       		.uleb128 0x1
 1011 03df 52       		.byte	0x52
 1012 03e0 01       		.uleb128 0x1
 1013 03e1 32       		.byte	0x32
 1014 03e2 00       		.byte	0
 1015 03e3 0A       		.uleb128 0xa
 1016 03e4 1E000000 		.4byte	.LVL33
 1017 03e8 B6050000 		.4byte	0x5b6
 1018 03ec 0B       		.uleb128 0xb
 1019 03ed 01       		.uleb128 0x1
 1020 03ee 50       		.byte	0x50
 1021 03ef 02       		.uleb128 0x2
 1022 03f0 91       		.byte	0x91
 1023 03f1 74       		.sleb128 -12
 1024 03f2 0B       		.uleb128 0xb
ARM GAS  C:\Users\d3bug\AppData\Local\Temp\ccQIvhDN.s 			page 23


 1025 03f3 01       		.uleb128 0x1
 1026 03f4 51       		.byte	0x51
 1027 03f5 02       		.uleb128 0x2
 1028 03f6 7D       		.byte	0x7d
 1029 03f7 00       		.sleb128 0
 1030 03f8 0B       		.uleb128 0xb
 1031 03f9 01       		.uleb128 0x1
 1032 03fa 52       		.byte	0x52
 1033 03fb 01       		.uleb128 0x1
 1034 03fc 32       		.byte	0x32
 1035 03fd 00       		.byte	0
 1036 03fe 00       		.byte	0
 1037 03ff 12       		.uleb128 0x12
 1038 0400 76000000 		.4byte	0x76
 1039 0404 0F040000 		.4byte	0x40f
 1040 0408 15       		.uleb128 0x15
 1041 0409 A8000000 		.4byte	0xa8
 1042 040d 01       		.byte	0x1
 1043 040e 00       		.byte	0
 1044 040f 0D       		.uleb128 0xd
 1045 0410 12020000 		.4byte	.LASF46
 1046 0414 01       		.byte	0x1
 1047 0415 8A       		.byte	0x8a
 1048 0416 00000000 		.4byte	.LFB7
 1049 041a 36000000 		.4byte	.LFE7-.LFB7
 1050 041e 01       		.uleb128 0x1
 1051 041f 9C       		.byte	0x9c
 1052 0420 AD040000 		.4byte	0x4ad
 1053 0424 0E       		.uleb128 0xe
 1054 0425 66010000 		.4byte	.LASF47
 1055 0429 01       		.byte	0x1
 1056 042a 8A       		.byte	0x8a
 1057 042b AD040000 		.4byte	0x4ad
 1058 042f 9A010000 		.4byte	.LLST9
 1059 0433 0E       		.uleb128 0xe
 1060 0434 F6010000 		.4byte	.LASF40
 1061 0438 01       		.byte	0x1
 1062 0439 8B       		.byte	0x8b
 1063 043a 5B030000 		.4byte	0x35b
 1064 043e BB010000 		.4byte	.LLST10
 1065 0442 0E       		.uleb128 0xe
 1066 0443 E7000000 		.4byte	.LASF41
 1067 0447 01       		.byte	0x1
 1068 0448 8B       		.byte	0x8b
 1069 0449 A2020000 		.4byte	0x2a2
 1070 044d DC010000 		.4byte	.LLST11
 1071 0451 0F       		.uleb128 0xf
 1072 0452 EA010000 		.4byte	.LASF44
 1073 0456 01       		.byte	0x1
 1074 0457 8D       		.byte	0x8d
 1075 0458 B2040000 		.4byte	0x4b2
 1076 045c 0A020000 		.4byte	.LLST12
 1077 0460 0F       		.uleb128 0xf
 1078 0461 2E020000 		.4byte	.LASF43
 1079 0465 01       		.byte	0x1
 1080 0466 8E       		.byte	0x8e
 1081 0467 C5040000 		.4byte	0x4c5
ARM GAS  C:\Users\d3bug\AppData\Local\Temp\ccQIvhDN.s 			page 24


 1082 046b 2A020000 		.4byte	.LLST13
 1083 046f 10       		.uleb128 0x10
 1084 0470 28000000 		.4byte	.LVL39
 1085 0474 C1050000 		.4byte	0x5c1
 1086 0478 90040000 		.4byte	0x490
 1087 047c 0B       		.uleb128 0xb
 1088 047d 01       		.uleb128 0x1
 1089 047e 50       		.byte	0x50
 1090 047f 02       		.uleb128 0x2
 1091 0480 74       		.byte	0x74
 1092 0481 01       		.sleb128 1
 1093 0482 0B       		.uleb128 0xb
 1094 0483 01       		.uleb128 0x1
 1095 0484 51       		.byte	0x51
 1096 0485 03       		.uleb128 0x3
 1097 0486 F3       		.byte	0xf3
 1098 0487 01       		.uleb128 0x1
 1099 0488 51       		.byte	0x51
 1100 0489 0B       		.uleb128 0xb
 1101 048a 01       		.uleb128 0x1
 1102 048b 52       		.byte	0x52
 1103 048c 02       		.uleb128 0x2
 1104 048d 75       		.byte	0x75
 1105 048e 7F       		.sleb128 -1
 1106 048f 00       		.byte	0
 1107 0490 0A       		.uleb128 0xa
 1108 0491 32000000 		.4byte	.LVL40
 1109 0495 B6050000 		.4byte	0x5b6
 1110 0499 0B       		.uleb128 0xb
 1111 049a 01       		.uleb128 0x1
 1112 049b 50       		.byte	0x50
 1113 049c 02       		.uleb128 0x2
 1114 049d 74       		.byte	0x74
 1115 049e 00       		.sleb128 0
 1116 049f 0B       		.uleb128 0xb
 1117 04a0 01       		.uleb128 0x1
 1118 04a1 51       		.byte	0x51
 1119 04a2 02       		.uleb128 0x2
 1120 04a3 7D       		.byte	0x7d
 1121 04a4 00       		.sleb128 0
 1122 04a5 0B       		.uleb128 0xb
 1123 04a6 01       		.uleb128 0x1
 1124 04a7 52       		.byte	0x52
 1125 04a8 02       		.uleb128 0x2
 1126 04a9 75       		.byte	0x75
 1127 04aa 00       		.sleb128 0
 1128 04ab 00       		.byte	0
 1129 04ac 00       		.byte	0
 1130 04ad 0C       		.uleb128 0xc
 1131 04ae 3A010000 		.4byte	0x13a
 1132 04b2 12       		.uleb128 0x12
 1133 04b3 76000000 		.4byte	0x76
 1134 04b7 C5040000 		.4byte	0x4c5
 1135 04bb 13       		.uleb128 0x13
 1136 04bc A8000000 		.4byte	0xa8
 1137 04c0 42040000 		.4byte	0x442
 1138 04c4 00       		.byte	0
ARM GAS  C:\Users\d3bug\AppData\Local\Temp\ccQIvhDN.s 			page 25


 1139 04c5 12       		.uleb128 0x12
 1140 04c6 76000000 		.4byte	0x76
 1141 04ca D8040000 		.4byte	0x4d8
 1142 04ce 13       		.uleb128 0x13
 1143 04cf A8000000 		.4byte	0xa8
 1144 04d3 42040000 		.4byte	0x442
 1145 04d7 00       		.byte	0
 1146 04d8 0D       		.uleb128 0xd
 1147 04d9 46000000 		.4byte	.LASF48
 1148 04dd 01       		.byte	0x1
 1149 04de 9E       		.byte	0x9e
 1150 04df 00000000 		.4byte	.LFB8
 1151 04e3 38000000 		.4byte	.LFE8-.LFB8
 1152 04e7 01       		.uleb128 0x1
 1153 04e8 9C       		.byte	0x9c
 1154 04e9 66050000 		.4byte	0x566
 1155 04ed 0E       		.uleb128 0xe
 1156 04ee F6010000 		.4byte	.LASF40
 1157 04f2 01       		.byte	0x1
 1158 04f3 9E       		.byte	0x9e
 1159 04f4 5B030000 		.4byte	0x35b
 1160 04f8 86020000 		.4byte	.LLST14
 1161 04fc 0E       		.uleb128 0xe
 1162 04fd E7000000 		.4byte	.LASF41
 1163 0501 01       		.byte	0x1
 1164 0502 9E       		.byte	0x9e
 1165 0503 A2020000 		.4byte	0x2a2
 1166 0507 B2020000 		.4byte	.LLST15
 1167 050b 0F       		.uleb128 0xf
 1168 050c EA010000 		.4byte	.LASF44
 1169 0510 01       		.byte	0x1
 1170 0511 A0       		.byte	0xa0
 1171 0512 66050000 		.4byte	0x566
 1172 0516 EB020000 		.4byte	.LLST16
 1173 051a 0F       		.uleb128 0xf
 1174 051b 2E020000 		.4byte	.LASF43
 1175 051f 01       		.byte	0x1
 1176 0520 A1       		.byte	0xa1
 1177 0521 79050000 		.4byte	0x579
 1178 0525 0B030000 		.4byte	.LLST17
 1179 0529 10       		.uleb128 0x10
 1180 052a 2A000000 		.4byte	.LVL52
 1181 052e C1050000 		.4byte	0x5c1
 1182 0532 49050000 		.4byte	0x549
 1183 0536 0B       		.uleb128 0xb
 1184 0537 01       		.uleb128 0x1
 1185 0538 50       		.byte	0x50
 1186 0539 02       		.uleb128 0x2
 1187 053a 74       		.byte	0x74
 1188 053b 01       		.sleb128 1
 1189 053c 0B       		.uleb128 0xb
 1190 053d 01       		.uleb128 0x1
 1191 053e 51       		.byte	0x51
 1192 053f 02       		.uleb128 0x2
 1193 0540 75       		.byte	0x75
 1194 0541 00       		.sleb128 0
 1195 0542 0B       		.uleb128 0xb
ARM GAS  C:\Users\d3bug\AppData\Local\Temp\ccQIvhDN.s 			page 26


 1196 0543 01       		.uleb128 0x1
 1197 0544 52       		.byte	0x52
 1198 0545 02       		.uleb128 0x2
 1199 0546 76       		.byte	0x76
 1200 0547 7F       		.sleb128 -1
 1201 0548 00       		.byte	0
 1202 0549 0A       		.uleb128 0xa
 1203 054a 34000000 		.4byte	.LVL53
 1204 054e B6050000 		.4byte	0x5b6
 1205 0552 0B       		.uleb128 0xb
 1206 0553 01       		.uleb128 0x1
 1207 0554 50       		.byte	0x50
 1208 0555 02       		.uleb128 0x2
 1209 0556 74       		.byte	0x74
 1210 0557 00       		.sleb128 0
 1211 0558 0B       		.uleb128 0xb
 1212 0559 01       		.uleb128 0x1
 1213 055a 51       		.byte	0x51
 1214 055b 02       		.uleb128 0x2
 1215 055c 7D       		.byte	0x7d
 1216 055d 00       		.sleb128 0
 1217 055e 0B       		.uleb128 0xb
 1218 055f 01       		.uleb128 0x1
 1219 0560 52       		.byte	0x52
 1220 0561 02       		.uleb128 0x2
 1221 0562 76       		.byte	0x76
 1222 0563 00       		.sleb128 0
 1223 0564 00       		.byte	0
 1224 0565 00       		.byte	0
 1225 0566 12       		.uleb128 0x12
 1226 0567 76000000 		.4byte	0x76
 1227 056b 79050000 		.4byte	0x579
 1228 056f 13       		.uleb128 0x13
 1229 0570 A8000000 		.4byte	0xa8
 1230 0574 FC040000 		.4byte	0x4fc
 1231 0578 00       		.byte	0
 1232 0579 12       		.uleb128 0x12
 1233 057a 76000000 		.4byte	0x76
 1234 057e 8C050000 		.4byte	0x58c
 1235 0582 13       		.uleb128 0x13
 1236 0583 A8000000 		.4byte	0xa8
 1237 0587 FC040000 		.4byte	0x4fc
 1238 058b 00       		.byte	0
 1239 058c 14       		.uleb128 0x14
 1240 058d B0020000 		.4byte	.LASF50
 1241 0591 01       		.byte	0x1
 1242 0592 AE       		.byte	0xae
 1243 0593 76000000 		.4byte	0x76
 1244 0597 00000000 		.4byte	.LFB9
 1245 059b 0A000000 		.4byte	.LFE9-.LFB9
 1246 059f 01       		.uleb128 0x1
 1247 05a0 9C       		.byte	0x9c
 1248 05a1 B6050000 		.4byte	0x5b6
 1249 05a5 0A       		.uleb128 0xa
 1250 05a6 08000000 		.4byte	.LVL58
 1251 05aa 45010000 		.4byte	0x145
 1252 05ae 0B       		.uleb128 0xb
ARM GAS  C:\Users\d3bug\AppData\Local\Temp\ccQIvhDN.s 			page 27


 1253 05af 01       		.uleb128 0x1
 1254 05b0 50       		.byte	0x50
 1255 05b1 02       		.uleb128 0x2
 1256 05b2 09       		.byte	0x9
 1257 05b3 FF       		.byte	0xff
 1258 05b4 00       		.byte	0
 1259 05b5 00       		.byte	0
 1260 05b6 16       		.uleb128 0x16
 1261 05b7 37000000 		.4byte	.LASF55
 1262 05bb 37000000 		.4byte	.LASF55
 1263 05bf 06       		.byte	0x6
 1264 05c0 14       		.byte	0x14
 1265 05c1 17       		.uleb128 0x17
 1266 05c2 F0020000 		.4byte	.LASF56
 1267 05c6 F0020000 		.4byte	.LASF56
 1268 05ca 00       		.byte	0
 1269              		.section	.debug_abbrev,"",%progbits
 1270              	.Ldebug_abbrev0:
 1271 0000 01       		.uleb128 0x1
 1272 0001 11       		.uleb128 0x11
 1273 0002 01       		.byte	0x1
 1274 0003 25       		.uleb128 0x25
 1275 0004 0E       		.uleb128 0xe
 1276 0005 13       		.uleb128 0x13
 1277 0006 0B       		.uleb128 0xb
 1278 0007 03       		.uleb128 0x3
 1279 0008 0E       		.uleb128 0xe
 1280 0009 1B       		.uleb128 0x1b
 1281 000a 0E       		.uleb128 0xe
 1282 000b 55       		.uleb128 0x55
 1283 000c 17       		.uleb128 0x17
 1284 000d 11       		.uleb128 0x11
 1285 000e 01       		.uleb128 0x1
 1286 000f 10       		.uleb128 0x10
 1287 0010 17       		.uleb128 0x17
 1288 0011 00       		.byte	0
 1289 0012 00       		.byte	0
 1290 0013 02       		.uleb128 0x2
 1291 0014 24       		.uleb128 0x24
 1292 0015 00       		.byte	0
 1293 0016 0B       		.uleb128 0xb
 1294 0017 0B       		.uleb128 0xb
 1295 0018 3E       		.uleb128 0x3e
 1296 0019 0B       		.uleb128 0xb
 1297 001a 03       		.uleb128 0x3
 1298 001b 0E       		.uleb128 0xe
 1299 001c 00       		.byte	0
 1300 001d 00       		.byte	0
 1301 001e 03       		.uleb128 0x3
 1302 001f 16       		.uleb128 0x16
 1303 0020 00       		.byte	0
 1304 0021 03       		.uleb128 0x3
 1305 0022 0E       		.uleb128 0xe
 1306 0023 3A       		.uleb128 0x3a
 1307 0024 0B       		.uleb128 0xb
 1308 0025 3B       		.uleb128 0x3b
 1309 0026 0B       		.uleb128 0xb
ARM GAS  C:\Users\d3bug\AppData\Local\Temp\ccQIvhDN.s 			page 28


 1310 0027 49       		.uleb128 0x49
 1311 0028 13       		.uleb128 0x13
 1312 0029 00       		.byte	0
 1313 002a 00       		.byte	0
 1314 002b 04       		.uleb128 0x4
 1315 002c 24       		.uleb128 0x24
 1316 002d 00       		.byte	0
 1317 002e 0B       		.uleb128 0xb
 1318 002f 0B       		.uleb128 0xb
 1319 0030 3E       		.uleb128 0x3e
 1320 0031 0B       		.uleb128 0xb
 1321 0032 03       		.uleb128 0x3
 1322 0033 08       		.uleb128 0x8
 1323 0034 00       		.byte	0
 1324 0035 00       		.byte	0
 1325 0036 05       		.uleb128 0x5
 1326 0037 04       		.uleb128 0x4
 1327 0038 01       		.byte	0x1
 1328 0039 0B       		.uleb128 0xb
 1329 003a 0B       		.uleb128 0xb
 1330 003b 49       		.uleb128 0x49
 1331 003c 13       		.uleb128 0x13
 1332 003d 3A       		.uleb128 0x3a
 1333 003e 0B       		.uleb128 0xb
 1334 003f 3B       		.uleb128 0x3b
 1335 0040 0B       		.uleb128 0xb
 1336 0041 01       		.uleb128 0x1
 1337 0042 13       		.uleb128 0x13
 1338 0043 00       		.byte	0
 1339 0044 00       		.byte	0
 1340 0045 06       		.uleb128 0x6
 1341 0046 28       		.uleb128 0x28
 1342 0047 00       		.byte	0
 1343 0048 03       		.uleb128 0x3
 1344 0049 0E       		.uleb128 0xe
 1345 004a 1C       		.uleb128 0x1c
 1346 004b 0B       		.uleb128 0xb
 1347 004c 00       		.byte	0
 1348 004d 00       		.byte	0
 1349 004e 07       		.uleb128 0x7
 1350 004f 2E       		.uleb128 0x2e
 1351 0050 01       		.byte	0x1
 1352 0051 03       		.uleb128 0x3
 1353 0052 0E       		.uleb128 0xe
 1354 0053 3A       		.uleb128 0x3a
 1355 0054 0B       		.uleb128 0xb
 1356 0055 3B       		.uleb128 0x3b
 1357 0056 0B       		.uleb128 0xb
 1358 0057 27       		.uleb128 0x27
 1359 0058 19       		.uleb128 0x19
 1360 0059 49       		.uleb128 0x49
 1361 005a 13       		.uleb128 0x13
 1362 005b 11       		.uleb128 0x11
 1363 005c 01       		.uleb128 0x1
 1364 005d 12       		.uleb128 0x12
 1365 005e 06       		.uleb128 0x6
 1366 005f 40       		.uleb128 0x40
ARM GAS  C:\Users\d3bug\AppData\Local\Temp\ccQIvhDN.s 			page 29


 1367 0060 18       		.uleb128 0x18
 1368 0061 9742     		.uleb128 0x2117
 1369 0063 19       		.uleb128 0x19
 1370 0064 01       		.uleb128 0x1
 1371 0065 13       		.uleb128 0x13
 1372 0066 00       		.byte	0
 1373 0067 00       		.byte	0
 1374 0068 08       		.uleb128 0x8
 1375 0069 05       		.uleb128 0x5
 1376 006a 00       		.byte	0
 1377 006b 03       		.uleb128 0x3
 1378 006c 08       		.uleb128 0x8
 1379 006d 3A       		.uleb128 0x3a
 1380 006e 0B       		.uleb128 0xb
 1381 006f 3B       		.uleb128 0x3b
 1382 0070 0B       		.uleb128 0xb
 1383 0071 49       		.uleb128 0x49
 1384 0072 13       		.uleb128 0x13
 1385 0073 02       		.uleb128 0x2
 1386 0074 17       		.uleb128 0x17
 1387 0075 00       		.byte	0
 1388 0076 00       		.byte	0
 1389 0077 09       		.uleb128 0x9
 1390 0078 34       		.uleb128 0x34
 1391 0079 00       		.byte	0
 1392 007a 03       		.uleb128 0x3
 1393 007b 0E       		.uleb128 0xe
 1394 007c 3A       		.uleb128 0x3a
 1395 007d 0B       		.uleb128 0xb
 1396 007e 3B       		.uleb128 0x3b
 1397 007f 0B       		.uleb128 0xb
 1398 0080 49       		.uleb128 0x49
 1399 0081 13       		.uleb128 0x13
 1400 0082 02       		.uleb128 0x2
 1401 0083 18       		.uleb128 0x18
 1402 0084 00       		.byte	0
 1403 0085 00       		.byte	0
 1404 0086 0A       		.uleb128 0xa
 1405 0087 898201   		.uleb128 0x4109
 1406 008a 01       		.byte	0x1
 1407 008b 11       		.uleb128 0x11
 1408 008c 01       		.uleb128 0x1
 1409 008d 31       		.uleb128 0x31
 1410 008e 13       		.uleb128 0x13
 1411 008f 00       		.byte	0
 1412 0090 00       		.byte	0
 1413 0091 0B       		.uleb128 0xb
 1414 0092 8A8201   		.uleb128 0x410a
 1415 0095 00       		.byte	0
 1416 0096 02       		.uleb128 0x2
 1417 0097 18       		.uleb128 0x18
 1418 0098 9142     		.uleb128 0x2111
 1419 009a 18       		.uleb128 0x18
 1420 009b 00       		.byte	0
 1421 009c 00       		.byte	0
 1422 009d 0C       		.uleb128 0xc
 1423 009e 26       		.uleb128 0x26
ARM GAS  C:\Users\d3bug\AppData\Local\Temp\ccQIvhDN.s 			page 30


 1424 009f 00       		.byte	0
 1425 00a0 49       		.uleb128 0x49
 1426 00a1 13       		.uleb128 0x13
 1427 00a2 00       		.byte	0
 1428 00a3 00       		.byte	0
 1429 00a4 0D       		.uleb128 0xd
 1430 00a5 2E       		.uleb128 0x2e
 1431 00a6 01       		.byte	0x1
 1432 00a7 3F       		.uleb128 0x3f
 1433 00a8 19       		.uleb128 0x19
 1434 00a9 03       		.uleb128 0x3
 1435 00aa 0E       		.uleb128 0xe
 1436 00ab 3A       		.uleb128 0x3a
 1437 00ac 0B       		.uleb128 0xb
 1438 00ad 3B       		.uleb128 0x3b
 1439 00ae 0B       		.uleb128 0xb
 1440 00af 27       		.uleb128 0x27
 1441 00b0 19       		.uleb128 0x19
 1442 00b1 11       		.uleb128 0x11
 1443 00b2 01       		.uleb128 0x1
 1444 00b3 12       		.uleb128 0x12
 1445 00b4 06       		.uleb128 0x6
 1446 00b5 40       		.uleb128 0x40
 1447 00b6 18       		.uleb128 0x18
 1448 00b7 9742     		.uleb128 0x2117
 1449 00b9 19       		.uleb128 0x19
 1450 00ba 01       		.uleb128 0x1
 1451 00bb 13       		.uleb128 0x13
 1452 00bc 00       		.byte	0
 1453 00bd 00       		.byte	0
 1454 00be 0E       		.uleb128 0xe
 1455 00bf 05       		.uleb128 0x5
 1456 00c0 00       		.byte	0
 1457 00c1 03       		.uleb128 0x3
 1458 00c2 0E       		.uleb128 0xe
 1459 00c3 3A       		.uleb128 0x3a
 1460 00c4 0B       		.uleb128 0xb
 1461 00c5 3B       		.uleb128 0x3b
 1462 00c6 0B       		.uleb128 0xb
 1463 00c7 49       		.uleb128 0x49
 1464 00c8 13       		.uleb128 0x13
 1465 00c9 02       		.uleb128 0x2
 1466 00ca 17       		.uleb128 0x17
 1467 00cb 00       		.byte	0
 1468 00cc 00       		.byte	0
 1469 00cd 0F       		.uleb128 0xf
 1470 00ce 34       		.uleb128 0x34
 1471 00cf 00       		.byte	0
 1472 00d0 03       		.uleb128 0x3
 1473 00d1 0E       		.uleb128 0xe
 1474 00d2 3A       		.uleb128 0x3a
 1475 00d3 0B       		.uleb128 0xb
 1476 00d4 3B       		.uleb128 0x3b
 1477 00d5 0B       		.uleb128 0xb
 1478 00d6 49       		.uleb128 0x49
 1479 00d7 13       		.uleb128 0x13
 1480 00d8 02       		.uleb128 0x2
ARM GAS  C:\Users\d3bug\AppData\Local\Temp\ccQIvhDN.s 			page 31


 1481 00d9 17       		.uleb128 0x17
 1482 00da 00       		.byte	0
 1483 00db 00       		.byte	0
 1484 00dc 10       		.uleb128 0x10
 1485 00dd 898201   		.uleb128 0x4109
 1486 00e0 01       		.byte	0x1
 1487 00e1 11       		.uleb128 0x11
 1488 00e2 01       		.uleb128 0x1
 1489 00e3 31       		.uleb128 0x31
 1490 00e4 13       		.uleb128 0x13
 1491 00e5 01       		.uleb128 0x1
 1492 00e6 13       		.uleb128 0x13
 1493 00e7 00       		.byte	0
 1494 00e8 00       		.byte	0
 1495 00e9 11       		.uleb128 0x11
 1496 00ea 0F       		.uleb128 0xf
 1497 00eb 00       		.byte	0
 1498 00ec 0B       		.uleb128 0xb
 1499 00ed 0B       		.uleb128 0xb
 1500 00ee 49       		.uleb128 0x49
 1501 00ef 13       		.uleb128 0x13
 1502 00f0 00       		.byte	0
 1503 00f1 00       		.byte	0
 1504 00f2 12       		.uleb128 0x12
 1505 00f3 01       		.uleb128 0x1
 1506 00f4 01       		.byte	0x1
 1507 00f5 49       		.uleb128 0x49
 1508 00f6 13       		.uleb128 0x13
 1509 00f7 01       		.uleb128 0x1
 1510 00f8 13       		.uleb128 0x13
 1511 00f9 00       		.byte	0
 1512 00fa 00       		.byte	0
 1513 00fb 13       		.uleb128 0x13
 1514 00fc 21       		.uleb128 0x21
 1515 00fd 00       		.byte	0
 1516 00fe 49       		.uleb128 0x49
 1517 00ff 13       		.uleb128 0x13
 1518 0100 2F       		.uleb128 0x2f
 1519 0101 13       		.uleb128 0x13
 1520 0102 00       		.byte	0
 1521 0103 00       		.byte	0
 1522 0104 14       		.uleb128 0x14
 1523 0105 2E       		.uleb128 0x2e
 1524 0106 01       		.byte	0x1
 1525 0107 3F       		.uleb128 0x3f
 1526 0108 19       		.uleb128 0x19
 1527 0109 03       		.uleb128 0x3
 1528 010a 0E       		.uleb128 0xe
 1529 010b 3A       		.uleb128 0x3a
 1530 010c 0B       		.uleb128 0xb
 1531 010d 3B       		.uleb128 0x3b
 1532 010e 0B       		.uleb128 0xb
 1533 010f 27       		.uleb128 0x27
 1534 0110 19       		.uleb128 0x19
 1535 0111 49       		.uleb128 0x49
 1536 0112 13       		.uleb128 0x13
 1537 0113 11       		.uleb128 0x11
ARM GAS  C:\Users\d3bug\AppData\Local\Temp\ccQIvhDN.s 			page 32


 1538 0114 01       		.uleb128 0x1
 1539 0115 12       		.uleb128 0x12
 1540 0116 06       		.uleb128 0x6
 1541 0117 40       		.uleb128 0x40
 1542 0118 18       		.uleb128 0x18
 1543 0119 9742     		.uleb128 0x2117
 1544 011b 19       		.uleb128 0x19
 1545 011c 01       		.uleb128 0x1
 1546 011d 13       		.uleb128 0x13
 1547 011e 00       		.byte	0
 1548 011f 00       		.byte	0
 1549 0120 15       		.uleb128 0x15
 1550 0121 21       		.uleb128 0x21
 1551 0122 00       		.byte	0
 1552 0123 49       		.uleb128 0x49
 1553 0124 13       		.uleb128 0x13
 1554 0125 2F       		.uleb128 0x2f
 1555 0126 0B       		.uleb128 0xb
 1556 0127 00       		.byte	0
 1557 0128 00       		.byte	0
 1558 0129 16       		.uleb128 0x16
 1559 012a 2E       		.uleb128 0x2e
 1560 012b 00       		.byte	0
 1561 012c 3F       		.uleb128 0x3f
 1562 012d 19       		.uleb128 0x19
 1563 012e 3C       		.uleb128 0x3c
 1564 012f 19       		.uleb128 0x19
 1565 0130 6E       		.uleb128 0x6e
 1566 0131 0E       		.uleb128 0xe
 1567 0132 03       		.uleb128 0x3
 1568 0133 0E       		.uleb128 0xe
 1569 0134 3A       		.uleb128 0x3a
 1570 0135 0B       		.uleb128 0xb
 1571 0136 3B       		.uleb128 0x3b
 1572 0137 0B       		.uleb128 0xb
 1573 0138 00       		.byte	0
 1574 0139 00       		.byte	0
 1575 013a 17       		.uleb128 0x17
 1576 013b 2E       		.uleb128 0x2e
 1577 013c 00       		.byte	0
 1578 013d 3F       		.uleb128 0x3f
 1579 013e 19       		.uleb128 0x19
 1580 013f 3C       		.uleb128 0x3c
 1581 0140 19       		.uleb128 0x19
 1582 0141 6E       		.uleb128 0x6e
 1583 0142 0E       		.uleb128 0xe
 1584 0143 03       		.uleb128 0x3
 1585 0144 0E       		.uleb128 0xe
 1586 0145 00       		.byte	0
 1587 0146 00       		.byte	0
 1588 0147 00       		.byte	0
 1589              		.section	.debug_loc,"",%progbits
 1590              	.Ldebug_loc0:
 1591              	.LLST0:
 1592 0000 00000000 		.4byte	.LVL0
 1593 0004 18000000 		.4byte	.LVL1
 1594 0008 0100     		.2byte	0x1
ARM GAS  C:\Users\d3bug\AppData\Local\Temp\ccQIvhDN.s 			page 33


 1595 000a 50       		.byte	0x50
 1596 000b 18000000 		.4byte	.LVL1
 1597 000f 1B000000 		.4byte	.LVL2-1
 1598 0013 0200     		.2byte	0x2
 1599 0015 70       		.byte	0x70
 1600 0016 00       		.sleb128 0
 1601 0017 1B000000 		.4byte	.LVL2-1
 1602 001b 20000000 		.4byte	.LVL3
 1603 001f 0200     		.2byte	0x2
 1604 0021 7D       		.byte	0x7d
 1605 0022 07       		.sleb128 7
 1606 0023 20000000 		.4byte	.LVL3
 1607 0027 22000000 		.4byte	.LFE10
 1608 002b 0200     		.2byte	0x2
 1609 002d 91       		.byte	0x91
 1610 002e 6F       		.sleb128 -17
 1611 002f 00000000 		.4byte	0
 1612 0033 00000000 		.4byte	0
 1613              	.LLST1:
 1614 0037 00000000 		.4byte	.LVL7
 1615 003b 26000000 		.4byte	.LVL12
 1616 003f 0100     		.2byte	0x1
 1617 0041 50       		.byte	0x50
 1618 0042 26000000 		.4byte	.LVL12
 1619 0046 36000000 		.4byte	.LVL16
 1620 004a 0100     		.2byte	0x1
 1621 004c 54       		.byte	0x54
 1622 004d 36000000 		.4byte	.LVL16
 1623 0051 38000000 		.4byte	.LFE4
 1624 0055 0400     		.2byte	0x4
 1625 0057 F3       		.byte	0xf3
 1626 0058 01       		.uleb128 0x1
 1627 0059 50       		.byte	0x50
 1628 005a 9F       		.byte	0x9f
 1629 005b 00000000 		.4byte	0
 1630 005f 00000000 		.4byte	0
 1631              	.LLST2:
 1632 0063 00000000 		.4byte	.LVL7
 1633 0067 14000000 		.4byte	.LVL8
 1634 006b 0100     		.2byte	0x1
 1635 006d 51       		.byte	0x51
 1636 006e 14000000 		.4byte	.LVL8
 1637 0072 36000000 		.4byte	.LVL18
 1638 0076 0100     		.2byte	0x1
 1639 0078 56       		.byte	0x56
 1640 0079 36000000 		.4byte	.LVL18
 1641 007d 38000000 		.4byte	.LFE4
 1642 0081 0400     		.2byte	0x4
 1643 0083 F3       		.byte	0xf3
 1644 0084 01       		.uleb128 0x1
 1645 0085 51       		.byte	0x51
 1646 0086 9F       		.byte	0x9f
 1647 0087 00000000 		.4byte	0
 1648 008b 00000000 		.4byte	0
 1649              	.LLST3:
 1650 008f 1A000000 		.4byte	.LVL9
 1651 0093 20000000 		.4byte	.LVL11
ARM GAS  C:\Users\d3bug\AppData\Local\Temp\ccQIvhDN.s 			page 34


 1652 0097 0200     		.2byte	0x2
 1653 0099 71       		.byte	0x71
 1654 009a 00       		.sleb128 0
 1655 009b 20000000 		.4byte	.LVL11
 1656 009f 36000000 		.4byte	.LVL17
 1657 00a3 0200     		.2byte	0x2
 1658 00a5 75       		.byte	0x75
 1659 00a6 00       		.sleb128 0
 1660 00a7 00000000 		.4byte	0
 1661 00ab 00000000 		.4byte	0
 1662              	.LLST4:
 1663 00af 1E000000 		.4byte	.LVL10
 1664 00b3 29000000 		.4byte	.LVL13-1
 1665 00b7 0200     		.2byte	0x2
 1666 00b9 73       		.byte	0x73
 1667 00ba 00       		.sleb128 0
 1668 00bb 29000000 		.4byte	.LVL13-1
 1669 00bf 36000000 		.4byte	.LVL15
 1670 00c3 0200     		.2byte	0x2
 1671 00c5 7D       		.byte	0x7d
 1672 00c6 00       		.sleb128 0
 1673 00c7 36000000 		.4byte	.LVL15
 1674 00cb 36000000 		.4byte	.LVL17
 1675 00cf 0900     		.2byte	0x9
 1676 00d1 75       		.byte	0x75
 1677 00d2 00       		.sleb128 0
 1678 00d3 76       		.byte	0x76
 1679 00d4 08       		.sleb128 8
 1680 00d5 33       		.byte	0x33
 1681 00d6 25       		.byte	0x25
 1682 00d7 33       		.byte	0x33
 1683 00d8 24       		.byte	0x24
 1684 00d9 1C       		.byte	0x1c
 1685 00da 00000000 		.4byte	0
 1686 00de 00000000 		.4byte	0
 1687              	.LLST5:
 1688 00e2 00000000 		.4byte	.LVL19
 1689 00e6 24000000 		.4byte	.LVL24
 1690 00ea 0100     		.2byte	0x1
 1691 00ec 50       		.byte	0x50
 1692 00ed 24000000 		.4byte	.LVL24
 1693 00f1 36000000 		.4byte	.LVL30
 1694 00f5 0100     		.2byte	0x1
 1695 00f7 55       		.byte	0x55
 1696 00f8 36000000 		.4byte	.LVL30
 1697 00fc 38000000 		.4byte	.LFE5
 1698 0100 0400     		.2byte	0x4
 1699 0102 F3       		.byte	0xf3
 1700 0103 01       		.uleb128 0x1
 1701 0104 50       		.byte	0x50
 1702 0105 9F       		.byte	0x9f
 1703 0106 00000000 		.4byte	0
 1704 010a 00000000 		.4byte	0
 1705              	.LLST6:
 1706 010e 00000000 		.4byte	.LVL19
 1707 0112 14000000 		.4byte	.LVL20
 1708 0116 0100     		.2byte	0x1
ARM GAS  C:\Users\d3bug\AppData\Local\Temp\ccQIvhDN.s 			page 35


 1709 0118 51       		.byte	0x51
 1710 0119 14000000 		.4byte	.LVL20
 1711 011d 29000000 		.4byte	.LVL26-1
 1712 0121 0100     		.2byte	0x1
 1713 0123 52       		.byte	0x52
 1714 0124 29000000 		.4byte	.LVL26-1
 1715 0128 36000000 		.4byte	.LVL31
 1716 012c 0300     		.2byte	0x3
 1717 012e 76       		.byte	0x76
 1718 012f 7F       		.sleb128 -1
 1719 0130 9F       		.byte	0x9f
 1720 0131 36000000 		.4byte	.LVL31
 1721 0135 38000000 		.4byte	.LFE5
 1722 0139 0400     		.2byte	0x4
 1723 013b F3       		.byte	0xf3
 1724 013c 01       		.uleb128 0x1
 1725 013d 51       		.byte	0x51
 1726 013e 9F       		.byte	0x9f
 1727 013f 00000000 		.4byte	0
 1728 0143 00000000 		.4byte	0
 1729              	.LLST7:
 1730 0147 1A000000 		.4byte	.LVL21
 1731 014b 26000000 		.4byte	.LVL25
 1732 014f 0200     		.2byte	0x2
 1733 0151 71       		.byte	0x71
 1734 0152 00       		.sleb128 0
 1735 0153 26000000 		.4byte	.LVL25
 1736 0157 36000000 		.4byte	.LVL29
 1737 015b 0200     		.2byte	0x2
 1738 015d 74       		.byte	0x74
 1739 015e 00       		.sleb128 0
 1740 015f 00000000 		.4byte	0
 1741 0163 00000000 		.4byte	0
 1742              	.LLST8:
 1743 0167 1E000000 		.4byte	.LVL22
 1744 016b 20000000 		.4byte	.LVL23
 1745 016f 0200     		.2byte	0x2
 1746 0171 73       		.byte	0x73
 1747 0172 00       		.sleb128 0
 1748 0173 20000000 		.4byte	.LVL23
 1749 0177 36000000 		.4byte	.LVL28
 1750 017b 0200     		.2byte	0x2
 1751 017d 7D       		.byte	0x7d
 1752 017e 00       		.sleb128 0
 1753 017f 36000000 		.4byte	.LVL28
 1754 0183 36000000 		.4byte	.LVL29
 1755 0187 0900     		.2byte	0x9
 1756 0189 74       		.byte	0x74
 1757 018a 00       		.sleb128 0
 1758 018b 76       		.byte	0x76
 1759 018c 07       		.sleb128 7
 1760 018d 33       		.byte	0x33
 1761 018e 25       		.byte	0x25
 1762 018f 33       		.byte	0x33
 1763 0190 24       		.byte	0x24
 1764 0191 1C       		.byte	0x1c
 1765 0192 00000000 		.4byte	0
ARM GAS  C:\Users\d3bug\AppData\Local\Temp\ccQIvhDN.s 			page 36


 1766 0196 00000000 		.4byte	0
 1767              	.LLST9:
 1768 019a 00000000 		.4byte	.LVL34
 1769 019e 20000000 		.4byte	.LVL38
 1770 01a2 0100     		.2byte	0x1
 1771 01a4 50       		.byte	0x50
 1772 01a5 20000000 		.4byte	.LVL38
 1773 01a9 36000000 		.4byte	.LFE7
 1774 01ad 0400     		.2byte	0x4
 1775 01af F3       		.byte	0xf3
 1776 01b0 01       		.uleb128 0x1
 1777 01b1 50       		.byte	0x50
 1778 01b2 9F       		.byte	0x9f
 1779 01b3 00000000 		.4byte	0
 1780 01b7 00000000 		.4byte	0
 1781              	.LLST10:
 1782 01bb 00000000 		.4byte	.LVL34
 1783 01bf 27000000 		.4byte	.LVL39-1
 1784 01c3 0100     		.2byte	0x1
 1785 01c5 51       		.byte	0x51
 1786 01c6 27000000 		.4byte	.LVL39-1
 1787 01ca 36000000 		.4byte	.LFE7
 1788 01ce 0400     		.2byte	0x4
 1789 01d0 F3       		.byte	0xf3
 1790 01d1 01       		.uleb128 0x1
 1791 01d2 51       		.byte	0x51
 1792 01d3 9F       		.byte	0x9f
 1793 01d4 00000000 		.4byte	0
 1794 01d8 00000000 		.4byte	0
 1795              	.LLST11:
 1796 01dc 00000000 		.4byte	.LVL34
 1797 01e0 27000000 		.4byte	.LVL39-1
 1798 01e4 0100     		.2byte	0x1
 1799 01e6 52       		.byte	0x52
 1800 01e7 27000000 		.4byte	.LVL39-1
 1801 01eb 34000000 		.4byte	.LVL43
 1802 01ef 0300     		.2byte	0x3
 1803 01f1 75       		.byte	0x75
 1804 01f2 7F       		.sleb128 -1
 1805 01f3 9F       		.byte	0x9f
 1806 01f4 34000000 		.4byte	.LVL43
 1807 01f8 36000000 		.4byte	.LFE7
 1808 01fc 0400     		.2byte	0x4
 1809 01fe F3       		.byte	0xf3
 1810 01ff 01       		.uleb128 0x1
 1811 0200 52       		.byte	0x52
 1812 0201 9F       		.byte	0x9f
 1813 0202 00000000 		.4byte	0
 1814 0206 00000000 		.4byte	0
 1815              	.LLST12:
 1816 020a 14000000 		.4byte	.LVL35
 1817 020e 34000000 		.4byte	.LVL42
 1818 0212 0200     		.2byte	0x2
 1819 0214 74       		.byte	0x74
 1820 0215 00       		.sleb128 0
 1821 0216 34000000 		.4byte	.LVL42
 1822 021a 34000000 		.4byte	.LVL44
ARM GAS  C:\Users\d3bug\AppData\Local\Temp\ccQIvhDN.s 			page 37


 1823 021e 0200     		.2byte	0x2
 1824 0220 76       		.byte	0x76
 1825 0221 00       		.sleb128 0
 1826 0222 00000000 		.4byte	0
 1827 0226 00000000 		.4byte	0
 1828              	.LLST13:
 1829 022a 1A000000 		.4byte	.LVL36
 1830 022e 1C000000 		.4byte	.LVL37
 1831 0232 0200     		.2byte	0x2
 1832 0234 73       		.byte	0x73
 1833 0235 00       		.sleb128 0
 1834 0236 1C000000 		.4byte	.LVL37
 1835 023a 34000000 		.4byte	.LVL41
 1836 023e 0200     		.2byte	0x2
 1837 0240 7D       		.byte	0x7d
 1838 0241 00       		.sleb128 0
 1839 0242 34000000 		.4byte	.LVL41
 1840 0246 34000000 		.4byte	.LVL42
 1841 024a 0900     		.2byte	0x9
 1842 024c 74       		.byte	0x74
 1843 024d 00       		.sleb128 0
 1844 024e 75       		.byte	0x75
 1845 024f 07       		.sleb128 7
 1846 0250 33       		.byte	0x33
 1847 0251 25       		.byte	0x25
 1848 0252 33       		.byte	0x33
 1849 0253 24       		.byte	0x24
 1850 0254 1C       		.byte	0x1c
 1851 0255 34000000 		.4byte	.LVL42
 1852 0259 34000000 		.4byte	.LVL43
 1853 025d 0900     		.2byte	0x9
 1854 025f 76       		.byte	0x76
 1855 0260 00       		.sleb128 0
 1856 0261 75       		.byte	0x75
 1857 0262 07       		.sleb128 7
 1858 0263 33       		.byte	0x33
 1859 0264 25       		.byte	0x25
 1860 0265 33       		.byte	0x33
 1861 0266 24       		.byte	0x24
 1862 0267 1C       		.byte	0x1c
 1863 0268 34000000 		.4byte	.LVL43
 1864 026c 34000000 		.4byte	.LVL44
 1865 0270 0C00     		.2byte	0xc
 1866 0272 76       		.byte	0x76
 1867 0273 00       		.sleb128 0
 1868 0274 F3       		.byte	0xf3
 1869 0275 01       		.uleb128 0x1
 1870 0276 52       		.byte	0x52
 1871 0277 23       		.byte	0x23
 1872 0278 08       		.uleb128 0x8
 1873 0279 33       		.byte	0x33
 1874 027a 25       		.byte	0x25
 1875 027b 33       		.byte	0x33
 1876 027c 24       		.byte	0x24
 1877 027d 1C       		.byte	0x1c
 1878 027e 00000000 		.4byte	0
 1879 0282 00000000 		.4byte	0
ARM GAS  C:\Users\d3bug\AppData\Local\Temp\ccQIvhDN.s 			page 38


 1880              	.LLST14:
 1881 0286 00000000 		.4byte	.LVL45
 1882 028a 24000000 		.4byte	.LVL50
 1883 028e 0100     		.2byte	0x1
 1884 0290 50       		.byte	0x50
 1885 0291 24000000 		.4byte	.LVL50
 1886 0295 36000000 		.4byte	.LVL56
 1887 0299 0100     		.2byte	0x1
 1888 029b 55       		.byte	0x55
 1889 029c 36000000 		.4byte	.LVL56
 1890 02a0 38000000 		.4byte	.LFE8
 1891 02a4 0400     		.2byte	0x4
 1892 02a6 F3       		.byte	0xf3
 1893 02a7 01       		.uleb128 0x1
 1894 02a8 50       		.byte	0x50
 1895 02a9 9F       		.byte	0x9f
 1896 02aa 00000000 		.4byte	0
 1897 02ae 00000000 		.4byte	0
 1898              	.LLST15:
 1899 02b2 00000000 		.4byte	.LVL45
 1900 02b6 14000000 		.4byte	.LVL46
 1901 02ba 0100     		.2byte	0x1
 1902 02bc 51       		.byte	0x51
 1903 02bd 14000000 		.4byte	.LVL46
 1904 02c1 29000000 		.4byte	.LVL52-1
 1905 02c5 0100     		.2byte	0x1
 1906 02c7 52       		.byte	0x52
 1907 02c8 29000000 		.4byte	.LVL52-1
 1908 02cc 36000000 		.4byte	.LVL57
 1909 02d0 0300     		.2byte	0x3
 1910 02d2 76       		.byte	0x76
 1911 02d3 7F       		.sleb128 -1
 1912 02d4 9F       		.byte	0x9f
 1913 02d5 36000000 		.4byte	.LVL57
 1914 02d9 38000000 		.4byte	.LFE8
 1915 02dd 0400     		.2byte	0x4
 1916 02df F3       		.byte	0xf3
 1917 02e0 01       		.uleb128 0x1
 1918 02e1 51       		.byte	0x51
 1919 02e2 9F       		.byte	0x9f
 1920 02e3 00000000 		.4byte	0
 1921 02e7 00000000 		.4byte	0
 1922              	.LLST16:
 1923 02eb 1A000000 		.4byte	.LVL47
 1924 02ef 26000000 		.4byte	.LVL51
 1925 02f3 0200     		.2byte	0x2
 1926 02f5 71       		.byte	0x71
 1927 02f6 00       		.sleb128 0
 1928 02f7 26000000 		.4byte	.LVL51
 1929 02fb 36000000 		.4byte	.LVL55
 1930 02ff 0200     		.2byte	0x2
 1931 0301 74       		.byte	0x74
 1932 0302 00       		.sleb128 0
 1933 0303 00000000 		.4byte	0
 1934 0307 00000000 		.4byte	0
 1935              	.LLST17:
 1936 030b 1E000000 		.4byte	.LVL48
ARM GAS  C:\Users\d3bug\AppData\Local\Temp\ccQIvhDN.s 			page 39


 1937 030f 20000000 		.4byte	.LVL49
 1938 0313 0200     		.2byte	0x2
 1939 0315 73       		.byte	0x73
 1940 0316 00       		.sleb128 0
 1941 0317 20000000 		.4byte	.LVL49
 1942 031b 36000000 		.4byte	.LVL54
 1943 031f 0200     		.2byte	0x2
 1944 0321 7D       		.byte	0x7d
 1945 0322 00       		.sleb128 0
 1946 0323 36000000 		.4byte	.LVL54
 1947 0327 36000000 		.4byte	.LVL55
 1948 032b 0900     		.2byte	0x9
 1949 032d 74       		.byte	0x74
 1950 032e 00       		.sleb128 0
 1951 032f 76       		.byte	0x76
 1952 0330 07       		.sleb128 7
 1953 0331 33       		.byte	0x33
 1954 0332 25       		.byte	0x25
 1955 0333 33       		.byte	0x33
 1956 0334 24       		.byte	0x24
 1957 0335 1C       		.byte	0x1c
 1958 0336 00000000 		.4byte	0
 1959 033a 00000000 		.4byte	0
 1960              		.section	.debug_aranges,"",%progbits
 1961 0000 64000000 		.4byte	0x64
 1962 0004 0200     		.2byte	0x2
 1963 0006 00000000 		.4byte	.Ldebug_info0
 1964 000a 04       		.byte	0x4
 1965 000b 00       		.byte	0
 1966 000c 0000     		.2byte	0
 1967 000e 0000     		.2byte	0
 1968 0010 00000000 		.4byte	.LFB10
 1969 0014 22000000 		.4byte	.LFE10-.LFB10
 1970 0018 00000000 		.4byte	.LFB1
 1971 001c 0A000000 		.4byte	.LFE1-.LFB1
 1972 0020 00000000 		.4byte	.LFB2
 1973 0024 0A000000 		.4byte	.LFE2-.LFB2
 1974 0028 00000000 		.4byte	.LFB3
 1975 002c 0A000000 		.4byte	.LFE3-.LFB3
 1976 0030 00000000 		.4byte	.LFB4
 1977 0034 38000000 		.4byte	.LFE4-.LFB4
 1978 0038 00000000 		.4byte	.LFB5
 1979 003c 38000000 		.4byte	.LFE5-.LFB5
 1980 0040 00000000 		.4byte	.LFB6
 1981 0044 2C000000 		.4byte	.LFE6-.LFB6
 1982 0048 00000000 		.4byte	.LFB7
 1983 004c 36000000 		.4byte	.LFE7-.LFB7
 1984 0050 00000000 		.4byte	.LFB8
 1985 0054 38000000 		.4byte	.LFE8-.LFB8
 1986 0058 00000000 		.4byte	.LFB9
 1987 005c 0A000000 		.4byte	.LFE9-.LFB9
 1988 0060 00000000 		.4byte	0
 1989 0064 00000000 		.4byte	0
 1990              		.section	.debug_ranges,"",%progbits
 1991              	.Ldebug_ranges0:
 1992 0000 00000000 		.4byte	.LFB10
 1993 0004 22000000 		.4byte	.LFE10
ARM GAS  C:\Users\d3bug\AppData\Local\Temp\ccQIvhDN.s 			page 40


 1994 0008 00000000 		.4byte	.LFB1
 1995 000c 0A000000 		.4byte	.LFE1
 1996 0010 00000000 		.4byte	.LFB2
 1997 0014 0A000000 		.4byte	.LFE2
 1998 0018 00000000 		.4byte	.LFB3
 1999 001c 0A000000 		.4byte	.LFE3
 2000 0020 00000000 		.4byte	.LFB4
 2001 0024 38000000 		.4byte	.LFE4
 2002 0028 00000000 		.4byte	.LFB5
 2003 002c 38000000 		.4byte	.LFE5
 2004 0030 00000000 		.4byte	.LFB6
 2005 0034 2C000000 		.4byte	.LFE6
 2006 0038 00000000 		.4byte	.LFB7
 2007 003c 36000000 		.4byte	.LFE7
 2008 0040 00000000 		.4byte	.LFB8
 2009 0044 38000000 		.4byte	.LFE8
 2010 0048 00000000 		.4byte	.LFB9
 2011 004c 0A000000 		.4byte	.LFE9
 2012 0050 00000000 		.4byte	0
 2013 0054 00000000 		.4byte	0
 2014              		.section	.debug_line,"",%progbits
 2015              	.Ldebug_line0:
 2016 0000 A8020000 		.section	.debug_str,"MS",%progbits,1
 2016      0200DC01 
 2016      00000201 
 2016      FB0E0D00 
 2016      01010101 
 2017              	.LASF9:
 2018 0000 5F5F7569 		.ascii	"__uint8_t\000"
 2018      6E74385F 
 2018      7400
 2019              	.LASF14:
 2020 000a 73697A65 		.ascii	"size_t\000"
 2020      5F7400
 2021              	.LASF18:
 2022 0011 4E52465F 		.ascii	"NRF_CMD_W_REGISTER\000"
 2022      434D445F 
 2022      575F5245 
 2022      47495354 
 2022      455200
 2023              	.LASF3:
 2024 0024 73686F72 		.ascii	"short unsigned int\000"
 2024      7420756E 
 2024      7369676E 
 2024      65642069 
 2024      6E7400
 2025              	.LASF55:
 2026 0037 6E524632 		.ascii	"nRF24_spi_xfer\000"
 2026      345F7370 
 2026      695F7866 
 2026      657200
 2027              	.LASF48:
 2028 0046 6E524632 		.ascii	"nRF24_cmd_no_ack_payload\000"
 2028      345F636D 
 2028      645F6E6F 
 2028      5F61636B 
 2028      5F706179 
ARM GAS  C:\Users\d3bug\AppData\Local\Temp\ccQIvhDN.s 			page 41


 2029              	.LASF42:
 2030 005f 73746174 		.ascii	"status\000"
 2030      757300
 2031              	.LASF35:
 2032 0066 6E72665F 		.ascii	"nrf_pipe\000"
 2032      70697065 
 2032      00
 2033              	.LASF11:
 2034 006f 666C6F61 		.ascii	"float\000"
 2034      7400
 2035              	.LASF52:
 2036 0075 47656E65 		.ascii	"Generated_Source\\PSoC4\\nRF24_COMMANDS.c\000"
 2036      72617465 
 2036      645F536F 
 2036      75726365 
 2036      5C50536F 
 2037              	.LASF1:
 2038 009d 756E7369 		.ascii	"unsigned char\000"
 2038      676E6564 
 2038      20636861 
 2038      7200
 2039              	.LASF29:
 2040 00ab 4E52465F 		.ascii	"NRF_PIPE0\000"
 2040      50495045 
 2040      3000
 2041              	.LASF30:
 2042 00b5 4E52465F 		.ascii	"NRF_PIPE1\000"
 2042      50495045 
 2042      3100
 2043              	.LASF31:
 2044 00bf 4E52465F 		.ascii	"NRF_PIPE2\000"
 2044      50495045 
 2044      3200
 2045              	.LASF32:
 2046 00c9 4E52465F 		.ascii	"NRF_PIPE3\000"
 2046      50495045 
 2046      3300
 2047              	.LASF33:
 2048 00d3 4E52465F 		.ascii	"NRF_PIPE4\000"
 2048      50495045 
 2048      3400
 2049              	.LASF34:
 2050 00dd 4E52465F 		.ascii	"NRF_PIPE5\000"
 2050      50495045 
 2050      3500
 2051              	.LASF41:
 2052 00e7 7061796C 		.ascii	"payload_size\000"
 2052      6F61645F 
 2052      73697A65 
 2052      00
 2053              	.LASF39:
 2054 00f4 6E524632 		.ascii	"nRF24_cmd_read_rx_payload\000"
 2054      345F636D 
 2054      645F7265 
 2054      61645F72 
 2054      785F7061 
 2055              	.LASF27:
ARM GAS  C:\Users\d3bug\AppData\Local\Temp\ccQIvhDN.s 			page 42


 2056 010e 4E52465F 		.ascii	"NRF_CMD_NOP\000"
 2056      434D445F 
 2056      4E4F5000 
 2057              	.LASF5:
 2058 011a 6C6F6E67 		.ascii	"long unsigned int\000"
 2058      20756E73 
 2058      69676E65 
 2058      6420696E 
 2058      7400
 2059              	.LASF25:
 2060 012c 4E52465F 		.ascii	"NRF_CMD_W_ACK_PAYLOAD\000"
 2060      434D445F 
 2060      575F4143 
 2060      4B5F5041 
 2060      594C4F41 
 2061              	.LASF28:
 2062 0142 6E72665F 		.ascii	"nrf_cmd\000"
 2062      636D6400 
 2063              	.LASF26:
 2064 014a 4E52465F 		.ascii	"NRF_CMD_W_TX_PAYLOAD_NO_ACK\000"
 2064      434D445F 
 2064      575F5458 
 2064      5F504159 
 2064      4C4F4144 
 2065              	.LASF47:
 2066 0166 70697065 		.ascii	"pipe\000"
 2066      00
 2067              	.LASF49:
 2068 016b 6E524632 		.ascii	"nRF24_cmd_read_payload_width\000"
 2068      345F636D 
 2068      645F7265 
 2068      61645F70 
 2068      61796C6F 
 2069              	.LASF8:
 2070 0188 756E7369 		.ascii	"unsigned int\000"
 2070      676E6564 
 2070      20696E74 
 2070      00
 2071              	.LASF36:
 2072 0195 6E524632 		.ascii	"nRF24_cmd_reuse_tx_payload\000"
 2072      345F636D 
 2072      645F7265 
 2072      7573655F 
 2072      74785F70 
 2073              	.LASF45:
 2074 01b0 6E524632 		.ascii	"nRF24_cmd_write_tx_payload\000"
 2074      345F636D 
 2074      645F7772 
 2074      6974655F 
 2074      74785F70 
 2075              	.LASF7:
 2076 01cb 6C6F6E67 		.ascii	"long long unsigned int\000"
 2076      206C6F6E 
 2076      6720756E 
 2076      7369676E 
 2076      65642069 
 2077              	.LASF10:
ARM GAS  C:\Users\d3bug\AppData\Local\Temp\ccQIvhDN.s 			page 43


 2078 01e2 75696E74 		.ascii	"uint8_t\000"
 2078      385F7400 
 2079              	.LASF44:
 2080 01ea 6E72665F 		.ascii	"nrf_data_in\000"
 2080      64617461 
 2080      5F696E00 
 2081              	.LASF40:
 2082 01f6 7061796C 		.ascii	"payload\000"
 2082      6F616400 
 2083              	.LASF24:
 2084 01fe 4E52465F 		.ascii	"NRF_CMD_R_RX_PL_WID\000"
 2084      434D445F 
 2084      525F5258 
 2084      5F504C5F 
 2084      57494400 
 2085              	.LASF46:
 2086 0212 6E524632 		.ascii	"nRF24_cmd_write_ack_payload\000"
 2086      345F636D 
 2086      645F7772 
 2086      6974655F 
 2086      61636B5F 
 2087              	.LASF43:
 2088 022e 6E72665F 		.ascii	"nrf_data_out\000"
 2088      64617461 
 2088      5F6F7574 
 2088      00
 2089              	.LASF21:
 2090 023b 4E52465F 		.ascii	"NRF_CMD_FLUSH_TX\000"
 2090      434D445F 
 2090      464C5553 
 2090      485F5458 
 2090      00
 2091              	.LASF16:
 2092 024c 73697A65 		.ascii	"sizetype\000"
 2092      74797065 
 2092      00
 2093              	.LASF6:
 2094 0255 6C6F6E67 		.ascii	"long long int\000"
 2094      206C6F6E 
 2094      6720696E 
 2094      7400
 2095              	.LASF22:
 2096 0263 4E52465F 		.ascii	"NRF_CMD_FLUSH_RX\000"
 2096      434D445F 
 2096      464C5553 
 2096      485F5258 
 2096      00
 2097              	.LASF20:
 2098 0274 4E52465F 		.ascii	"NRF_CMD_W_TX_PAYLOAD\000"
 2098      434D445F 
 2098      575F5458 
 2098      5F504159 
 2098      4C4F4144 
 2099              	.LASF13:
 2100 0289 63686172 		.ascii	"char\000"
 2100      00
 2101              	.LASF54:
ARM GAS  C:\Users\d3bug\AppData\Local\Temp\ccQIvhDN.s 			page 44


 2102 028e 6E524632 		.ascii	"nRF24_send_cmd\000"
 2102      345F7365 
 2102      6E645F63 
 2102      6D6400
 2103              	.LASF17:
 2104 029d 4E52465F 		.ascii	"NRF_CMD_R_REGISTER\000"
 2104      434D445F 
 2104      525F5245 
 2104      47495354 
 2104      455200
 2105              	.LASF50:
 2106 02b0 6E524632 		.ascii	"nRF24_cmd_nop\000"
 2106      345F636D 
 2106      645F6E6F 
 2106      7000
 2107              	.LASF2:
 2108 02be 73686F72 		.ascii	"short int\000"
 2108      7420696E 
 2108      7400
 2109              	.LASF19:
 2110 02c8 4E52465F 		.ascii	"NRF_CMD_R_RX_PAYLOAD\000"
 2110      434D445F 
 2110      525F5258 
 2110      5F504159 
 2110      4C4F4144 
 2111              	.LASF37:
 2112 02dd 6E524632 		.ascii	"nRF24_cmd_flush_rx\000"
 2112      345F636D 
 2112      645F666C 
 2112      7573685F 
 2112      727800
 2113              	.LASF56:
 2114 02f0 6D656D63 		.ascii	"memcpy\000"
 2114      707900
 2115              	.LASF23:
 2116 02f7 4E52465F 		.ascii	"NRF_CMD_REUSE_TX_PL\000"
 2116      434D445F 
 2116      52455553 
 2116      455F5458 
 2116      5F504C00 
 2117              	.LASF4:
 2118 030b 6C6F6E67 		.ascii	"long int\000"
 2118      20696E74 
 2118      00
 2119              	.LASF38:
 2120 0314 6E524632 		.ascii	"nRF24_cmd_flush_tx\000"
 2120      345F636D 
 2120      645F666C 
 2120      7573685F 
 2120      747800
 2121              	.LASF15:
 2122 0327 6C6F6E67 		.ascii	"long double\000"
 2122      20646F75 
 2122      626C6500 
 2123              	.LASF51:
 2124 0333 474E5520 		.ascii	"GNU C11 5.4.1 20160609 (release) [ARM/embedded-5-br"
 2124      43313120 
ARM GAS  C:\Users\d3bug\AppData\Local\Temp\ccQIvhDN.s 			page 45


 2124      352E342E 
 2124      31203230 
 2124      31363036 
 2125 0366 616E6368 		.ascii	"anch revision 237715] -mcpu=cortex-m0plus -mthumb -"
 2125      20726576 
 2125      6973696F 
 2125      6E203233 
 2125      37373135 
 2126 0399 67202D4F 		.ascii	"g -Og -ffunction-sections -ffat-lto-objects\000"
 2126      67202D66 
 2126      66756E63 
 2126      74696F6E 
 2126      2D736563 
 2127              	.LASF0:
 2128 03c5 7369676E 		.ascii	"signed char\000"
 2128      65642063 
 2128      68617200 
 2129              	.LASF12:
 2130 03d1 646F7562 		.ascii	"double\000"
 2130      6C6500
 2131              	.LASF53:
 2132 03d8 433A5C55 		.ascii	"C:\\Users\\d3bug\\Documents\\Creator\\nRF24_Example"
 2132      73657273 
 2132      5C643362 
 2132      75675C44 
 2132      6F63756D 
 2133 0406 5F50726F 		.ascii	"_Projects\\00_Basic_Rx.cydsn\000"
 2133      6A656374 
 2133      735C3030 
 2133      5F426173 
 2133      69635F52 
 2134              		.ident	"GCC: (GNU Tools for ARM Embedded Processors) 5.4.1 20160609 (release) [ARM/embedded-5-bran
