--------------- Build Started: 10/26/2017 19:31:01 Project: 01_Echo_Tx, Configuration: ARM GCC 5.4-2016-q2-update Debug ---------------
cydsfit.exe -.appdatapath "C:\Users\Xwx47\AppData\Local\Cypress Semiconductor\PSoC Creator\4.1" -.fdsnotice -.fdswarpdepfile=warp_dependencies.txt -.fdselabdepfile=elab_dependencies.txt -.fdsbldfile=generated_files.txt -.fdsreffile=referenced_files.txt -p C:\Users\Xwx47\Documents\Creator\nRF24_Example_Projects\01_Echo_Tx.cydsn\01_Echo_Tx.cyprj -d CY8C4245AXI-483 -s C:\Users\Xwx47\Documents\Creator\nRF24_Example_Projects\01_Echo_Tx.cydsn\Generated_Source\PSoC4 -- -yv2 -q10 -ygs -o2 -v3 -.fftcfgtype=LE
Elaborating Design...
HDL Generation...
Synthesis...
Tech Mapping...
Analog Placement...
Analog Routing...
Analog Code Generation...
Digital Placement...
Digital Routing...
Bitstream Generation...
Bitstream Verification...
Static timing analysis...
API Generation...
Dependency Generation...
Cleanup...
arm-none-eabi-gcc.exe -mcpu=cortex-m0 -mthumb -I. -IGenerated_Source\PSoC4 -Wa,-alh=.\CortexM0\ARM_GCC_541\Debug/main.lst -g -D DEBUG -D CY_CORE_ID=0 -Wall -ffunction-sections -ffat-lto-objects -Og -c main.c -o .\CortexM0\ARM_GCC_541\Debug\main.o
main.c: In function 'main':
main.c:91:32: warning: passing argument 1 of 'nRF24_PTX_Transmit' discards 'volatile' qualifier from pointer target type [-Wdiscarded-qualifiers]
             nRF24_PTX_Transmit(&data, 1);
                                ^
In file included from Generated_Source\PSoC4/project.h:39:0,
                 from main.c:15:
Generated_Source\PSoC4/nRF24_NRF_FUNCS.h:118:6: note: expected 'const uint8_t * {aka const unsigned char *}' but argument is of type 'volatile unsigned char *'
 void nRF24_PTX_Transmit(const uint8_t* data, const size_t size);
      ^
arm-none-eabi-gcc.exe -mcpu=cortex-m0 -mthumb -I. -IGenerated_Source\PSoC4 -Wa,-alh=.\CortexM0\ARM_GCC_541\Debug/nRF24_NRF_FUNCS.lst -g -D DEBUG -D CY_CORE_ID=0 -Wall -ffunction-sections -ffat-lto-objects -Og -c Generated_Source\PSoC4\nRF24_NRF_FUNCS.c -o .\CortexM0\ARM_GCC_541\Debug\nRF24_NRF_FUNCS.o
arm-none-eabi-gcc.exe -mcpu=cortex-m0 -mthumb -I. -IGenerated_Source\PSoC4 -Wa,-alh=.\CortexM0\ARM_GCC_541\Debug/nRF24_LL_SPI.lst -g -D DEBUG -D CY_CORE_ID=0 -Wall -ffunction-sections -ffat-lto-objects -Og -c Generated_Source\PSoC4\nRF24_LL_SPI.c -o .\CortexM0\ARM_GCC_541\Debug\nRF24_LL_SPI.o
arm-none-eabi-gcc.exe -mcpu=cortex-m0 -mthumb -I. -IGenerated_Source\PSoC4 -Wa,-alh=.\CortexM0\ARM_GCC_541\Debug/nRF24_NRF_COMMANDS.lst -g -D DEBUG -D CY_CORE_ID=0 -Wall -ffunction-sections -ffat-lto-objects -Og -c Generated_Source\PSoC4\nRF24_NRF_COMMANDS.c -o .\CortexM0\ARM_GCC_541\Debug\nRF24_NRF_COMMANDS.o
arm-none-eabi-ar.exe -rs .\CortexM0\ARM_GCC_541\Debug\01_Echo_Tx.a .\CortexM0\ARM_GCC_541\Debug\nRF24_NRF_FUNCS.o .\CortexM0\ARM_GCC_541\Debug\nRF24_LL_SPI.o .\CortexM0\ARM_GCC_541\Debug\nRF24_NRF_COMMANDS.o .\CortexM0\ARM_GCC_541\Debug\SPI.o .\CortexM0\ARM_GCC_541\Debug\SPI_SPI_UART.o .\CortexM0\ARM_GCC_541\Debug\SPI_PM.o .\CortexM0\ARM_GCC_541\Debug\SPI_SPI.o .\CortexM0\ARM_GCC_541\Debug\SPI_BOOT.o .\CortexM0\ARM_GCC_541\Debug\SPI_SPI_BOOT.o .\CortexM0\ARM_GCC_541\Debug\SS.o .\CortexM0\ARM_GCC_541\Debug\SS_PM.o .\CortexM0\ARM_GCC_541\Debug\IRQ.o .\CortexM0\ARM_GCC_541\Debug\IRQ_PM.o .\CortexM0\ARM_GCC_541\Debug\isr_IRQ.o .\CortexM0\ARM_GCC_541\Debug\CE.o .\CortexM0\ARM_GCC_541\Debug\CE_PM.o .\CortexM0\ARM_GCC_541\Debug\SPI_SCBCLK.o .\CortexM0\ARM_GCC_541\Debug\SPI_sclk_m.o .\CortexM0\ARM_GCC_541\Debug\SPI_sclk_m_PM.o .\CortexM0\ARM_GCC_541\Debug\SPI_miso_m.o .\CortexM0\ARM_GCC_541\Debug\SPI_miso_m_PM.o .\CortexM0\ARM_GCC_541\Debug\SPI_mosi_m.o .\CortexM0\ARM_GCC_541\Debug\SPI_mosi_m_PM.o .\CortexM0\ARM_GCC_541\Debug\CyFlash.o .\CortexM0\ARM_GCC_541\Debug\CyLib.o .\CortexM0\ARM_GCC_541\Debug\cyPm.o .\CortexM0\ARM_GCC_541\Debug\cyutils.o .\CortexM0\ARM_GCC_541\Debug\CyLFClk.o .\CortexM0\ARM_GCC_541\Debug\UART.o .\CortexM0\ARM_GCC_541\Debug\UART_PM.o .\CortexM0\ARM_GCC_541\Debug\UART_INT.o .\CortexM0\ARM_GCC_541\Debug\UART_BOOT.o .\CortexM0\ARM_GCC_541\Debug\isr_UART.o .\CortexM0\ARM_GCC_541\Debug\UART_IntClock.o .\CortexM0\ARM_GCC_541\Debug\LED.o .\CortexM0\ARM_GCC_541\Debug\LED_PM.o .\CortexM0\ARM_GCC_541\Debug\CyBootAsmGnu.o
arm-none-eabi-ar.exe: creating .\CortexM0\ARM_GCC_541\Debug\01_Echo_Tx.a
arm-none-eabi-gcc.exe -Wl,--start-group -o C:\Users\Xwx47\Documents\Creator\nRF24_Example_Projects\01_Echo_Tx.cydsn\CortexM0\ARM_GCC_541\Debug\01_Echo_Tx.elf .\CortexM0\ARM_GCC_541\Debug\main.o .\CortexM0\ARM_GCC_541\Debug\cyfitter_cfg.o .\CortexM0\ARM_GCC_541\Debug\cymetadata.o .\CortexM0\ARM_GCC_541\Debug\Cm0Start.o .\CortexM0\ARM_GCC_541\Debug\01_Echo_Tx.a "C:\Program Files (x86)\Cypress\PSoC Creator\4.1\PSoC Creator\psoc\content\cycomponentlibrary\CyComponentLibrary.cylib\CortexM0\ARM_GCC_541\Debug\CyComponentLibrary.a" -mcpu=cortex-m0 -mthumb -L Generated_Source\PSoC4 -Wl,-Map,.\CortexM0\ARM_GCC_541\Debug/01_Echo_Tx.map -T Generated_Source\PSoC4\cm0gcc.ld -specs=nano.specs -Wl,--gc-sections -g -ffunction-sections -Og -ffat-lto-objects -Wl,--end-group
cyelftool.exe -C C:\Users\Xwx47\Documents\Creator\nRF24_Example_Projects\01_Echo_Tx.cydsn\CortexM0\ARM_GCC_541\Debug\01_Echo_Tx.elf --flash_row_size 128 --flash_size 32768 --flash_offset 0x00000000
cyelftool.exe -S C:\Users\Xwx47\Documents\Creator\nRF24_Example_Projects\01_Echo_Tx.cydsn\CortexM0\ARM_GCC_541\Debug\01_Echo_Tx.elf
Flash used: 4838 of 32768 bytes (14.8 %).
SRAM used: 1544 of 4096 bytes (37.7 %). Stack: 1024 bytes. Heap: 128 bytes.
--------------- Build Succeeded: 10/26/2017 19:33:51 ---------------
