--------------- Rebuild Started: 09/01/2017 19:03:56 Project: main.c, Configuration: ARM GCC 5.4-2016-q2-update Debug ---------------
arm-none-eabi-gcc.exe -mcpu=cortex-m0 -mthumb -I. -IGenerated_Source\PSoC4 -Wa,-alh=.\CortexM0\ARM_GCC_541\Debug/main.lst -g -D DEBUG -D CY_CORE_ID=0 -Wall -ffunction-sections -ffat-lto-objects -Og -c main.c -o .\CortexM0\ARM_GCC_541\Debug\main.o
main.c: In function 'main':
main.c:56:32: warning: pointer targets in passing argument 1 of 'nRF24_getRxPayload' differ in signedness [-Wpointer-sign]
             nRF24_getRxPayload(&received, 1);
                                ^
In file included from Generated_Source\PSoC4/project.h:22:0,
                 from main.c:10:
Generated_Source\PSoC4/nRF24_NRF_FUNCS.h:122:6: note: expected 'uint8_t * {aka unsigned char *}' but argument is of type 'char *'
 void nRF24_getRxPayload(uint8_t* payload, const size_t size);
      ^
main.c:67:30: warning: passing argument 1 of 'nRF24_txTransmit' discards 'volatile' qualifier from pointer target type [-Wdiscarded-qualifiers]
             nRF24_txTransmit(&data, 1);
                              ^
In file included from Generated_Source\PSoC4/project.h:22:0,
                 from main.c:10:
Generated_Source\PSoC4/nRF24_NRF_FUNCS.h:120:6: note: expected 'const uint8_t * {aka const unsigned char *}' but argument is of type 'volatile char *'
 void nRF24_txTransmit(const uint8_t* data, size_t size);
      ^
--------------- Rebuild Succeeded: 09/01/2017 19:04:04 ---------------
