ARM GAS  C:\Users\Xwx47\AppData\Local\Temp\cceSWjoB.s 			page 1


   1              		.syntax unified
   2              		.cpu cortex-m0plus
   3              		.fpu softvfp
   4              		.eabi_attribute 20, 1
   5              		.eabi_attribute 21, 1
   6              		.eabi_attribute 23, 3
   7              		.eabi_attribute 24, 1
   8              		.eabi_attribute 25, 1
   9              		.eabi_attribute 26, 1
  10              		.eabi_attribute 30, 1
  11              		.eabi_attribute 34, 0
  12              		.eabi_attribute 18, 4
  13              		.thumb
  14              		.syntax unified
  15              		.file	"main.c"
  16              		.text
  17              	.Ltext0:
  18              		.cfi_sections	.debug_frame
  19              		.section	.text.IRQ_Handler,"ax",%progbits
  20              		.align	2
  21              		.global	IRQ_Handler
  22              		.code	16
  23              		.thumb_func
  24              		.type	IRQ_Handler, %function
  25              	IRQ_Handler:
  26              	.LFB36:
  27              		.file 1 "main.c"
   1:main.c        **** /*
   2:main.c        ****  * 00_Basic_Rx
   3:main.c        ****  * 
   4:main.c        ****  * The nrf24 is configured as Rx, it will print the received data via UART.
   5:main.c        ****  */
   6:main.c        **** 
   7:main.c        **** #include "project.h"
   8:main.c        **** #include <stdbool.h>
   9:main.c        **** #include <stdio.h>
  10:main.c        **** 
  11:main.c        **** volatile bool irq_flag = false;
  12:main.c        **** 
  13:main.c        **** // here we will store the received data
  14:main.c        **** unsigned char data;
  15:main.c        **** 
  16:main.c        **** // Executed when the IRQ pin triggers an interrupt
  17:main.c        **** CY_ISR_PROTO(IRQ_Handler);
  18:main.c        **** void print_status(void);
  19:main.c        **** 
  20:main.c        **** int main(void)
  21:main.c        **** {
  22:main.c        ****     const uint8_t RX_ADDR[5]= {0xBA, 0xAD, 0xC0, 0xFF, 0xEE};
  23:main.c        ****     
  24:main.c        ****     // here we will store the received data
  25:main.c        ****     unsigned char data = ' ';
  26:main.c        ****     uint8_t count = 0;
  27:main.c        ****     
  28:main.c        ****     // Set the Handler for the IRQ interrupt
  29:main.c        ****     isr_IRQ_StartEx(IRQ_Handler);
  30:main.c        ****     
ARM GAS  C:\Users\Xwx47\AppData\Local\Temp\cceSWjoB.s 			page 2


  31:main.c        ****     CyGlobalIntEnable;
  32:main.c        ****     
  33:main.c        ****     UART_Start();
  34:main.c        ****     UART_PutChar(0x0C);
  35:main.c        ****     UART_PutString("Echo project, Rx\r\n");
  36:main.c        ****     
  37:main.c        ****     nRF24_start();
  38:main.c        ****     
  39:main.c        ****     nRF24_rx_write_payload(NRF_PIPE0, &count, 1);
  40:main.c        ****     
  41:main.c        ****     nRF24_set_rx_pipe_0_address(RX_ADDR, 5);
  42:main.c        ****     nRF24_set_tx_address(RX_ADDR, 5);
  43:main.c        ****     
  44:main.c        ****     nRF24_start_listening();
  45:main.c        ****     
  46:main.c        ****     while (1) {
  47:main.c        ****         
  48:main.c        ****         UART_PutString("Waiting for data...\r\n");
  49:main.c        ****         
  50:main.c        ****         while(false == irq_flag);
  51:main.c        ****         LED_Write(~LED_Read());
  52:main.c        ****         irq_flag = false;
  53:main.c        ****         
  54:main.c        ****         // "Safe" zone
  55:main.c        ****         nRF24_stop_listening();
  56:main.c        **** 
  57:main.c        ****         nRF24_clear_all_irqs();
  58:main.c        ****         
  59:main.c        ****         // get the data from the transmitter
  60:main.c        ****         nRF24_get_rx_payload(&data, 1);
  61:main.c        ****         // put count into the TX FIFO
  62:main.c        ****         count++;
  63:main.c        ****         nRF24_rx_write_payload(NRF_PIPE0, &count, 1);
  64:main.c        ****         
  65:main.c        ****         // end of Safe zone
  66:main.c        ****         nRF24_start_listening();
  67:main.c        ****         
  68:main.c        ****         UART_PutString("Received: ");
  69:main.c        ****         UART_PutChar(data);
  70:main.c        ****         UART_PutCRLF();
  71:main.c        **** 
  72:main.c        ****     }
  73:main.c        **** }
  74:main.c        **** 
  75:main.c        **** void print_status(void)
  76:main.c        **** {
  77:main.c        ****     char array[10];
  78:main.c        ****     uint8_t sts = nRF24_get_status();
  79:main.c        ****     UART_PutString("Status: 0x");
  80:main.c        ****     sprintf(array, "%02X\r\n", sts);
  81:main.c        ****     UART_PutString(array);
  82:main.c        ****     UART_PutCRLF();
  83:main.c        **** }
  84:main.c        **** 
  85:main.c        **** CY_ISR(IRQ_Handler)
  86:main.c        **** {
  28              		.loc 1 86 0
ARM GAS  C:\Users\Xwx47\AppData\Local\Temp\cceSWjoB.s 			page 3


  29              		.cfi_startproc
  30              		@ args = 0, pretend = 0, frame = 0
  31              		@ frame_needed = 0, uses_anonymous_args = 0
  32 0000 10B5     		push	{r4, lr}
  33              		.cfi_def_cfa_offset 8
  34              		.cfi_offset 4, -8
  35              		.cfi_offset 14, -4
  87:main.c        ****     irq_flag = true;
  36              		.loc 1 87 0
  37 0002 0122     		movs	r2, #1
  38 0004 024B     		ldr	r3, .L2
  39 0006 1A70     		strb	r2, [r3]
  88:main.c        ****     IRQ_ClearInterrupt();
  40              		.loc 1 88 0
  41 0008 FFF7FEFF 		bl	IRQ_ClearInterrupt
  42              	.LVL0:
  89:main.c        **** }
  43              		.loc 1 89 0
  44              		@ sp needed
  45 000c 10BD     		pop	{r4, pc}
  46              	.L3:
  47 000e C046     		.align	2
  48              	.L2:
  49 0010 00000000 		.word	.LANCHOR0
  50              		.cfi_endproc
  51              	.LFE36:
  52              		.size	IRQ_Handler, .-IRQ_Handler
  53              		.section	.text.main,"ax",%progbits
  54              		.align	2
  55              		.global	main
  56              		.code	16
  57              		.thumb_func
  58              		.type	main, %function
  59              	main:
  60              	.LFB34:
  21:main.c        ****     const uint8_t RX_ADDR[5]= {0xBA, 0xAD, 0xC0, 0xFF, 0xEE};
  61              		.loc 1 21 0
  62              		.cfi_startproc
  63              		@ args = 0, pretend = 0, frame = 16
  64              		@ frame_needed = 0, uses_anonymous_args = 0
  65 0000 10B5     		push	{r4, lr}
  66              		.cfi_def_cfa_offset 8
  67              		.cfi_offset 4, -8
  68              		.cfi_offset 14, -4
  69 0002 84B0     		sub	sp, sp, #16
  70              		.cfi_def_cfa_offset 24
  22:main.c        ****     
  71              		.loc 1 22 0
  72 0004 0522     		movs	r2, #5
  73 0006 2B49     		ldr	r1, .L7
  74 0008 02A8     		add	r0, sp, #8
  75 000a FFF7FEFF 		bl	memcpy
  76              	.LVL1:
  25:main.c        ****     uint8_t count = 0;
  77              		.loc 1 25 0
  78 000e 2022     		movs	r2, #32
  79 0010 6B46     		mov	r3, sp
ARM GAS  C:\Users\Xwx47\AppData\Local\Temp\cceSWjoB.s 			page 4


  80 0012 DA71     		strb	r2, [r3, #7]
  26:main.c        ****     
  81              		.loc 1 26 0
  82 0014 6B46     		mov	r3, sp
  83 0016 9C1D     		adds	r4, r3, #6
  84 0018 0023     		movs	r3, #0
  85 001a 2370     		strb	r3, [r4]
  29:main.c        ****     
  86              		.loc 1 29 0
  87 001c 2648     		ldr	r0, .L7+4
  88 001e FFF7FEFF 		bl	isr_IRQ_StartEx
  89              	.LVL2:
  31:main.c        ****     
  90              		.loc 1 31 0
  91              		.syntax divided
  92              	@ 31 "main.c" 1
  93 0022 62B6     		CPSIE   i
  94              	@ 0 "" 2
  33:main.c        ****     UART_PutChar(0x0C);
  95              		.loc 1 33 0
  96              		.thumb
  97              		.syntax unified
  98 0024 FFF7FEFF 		bl	UART_Start
  99              	.LVL3:
  34:main.c        ****     UART_PutString("Echo project, Rx\r\n");
 100              		.loc 1 34 0
 101 0028 0C20     		movs	r0, #12
 102 002a FFF7FEFF 		bl	UART_PutChar
 103              	.LVL4:
  35:main.c        ****     
 104              		.loc 1 35 0
 105 002e 2348     		ldr	r0, .L7+8
 106 0030 FFF7FEFF 		bl	UART_PutString
 107              	.LVL5:
  37:main.c        ****     
 108              		.loc 1 37 0
 109 0034 FFF7FEFF 		bl	nRF24_start
 110              	.LVL6:
  39:main.c        ****     
 111              		.loc 1 39 0
 112 0038 0122     		movs	r2, #1
 113 003a 2100     		movs	r1, r4
 114 003c 0020     		movs	r0, #0
 115 003e FFF7FEFF 		bl	nRF24_rx_write_payload
 116              	.LVL7:
  41:main.c        ****     nRF24_set_tx_address(RX_ADDR, 5);
 117              		.loc 1 41 0
 118 0042 0521     		movs	r1, #5
 119 0044 02A8     		add	r0, sp, #8
 120 0046 FFF7FEFF 		bl	nRF24_set_rx_pipe_0_address
 121              	.LVL8:
  42:main.c        ****     
 122              		.loc 1 42 0
 123 004a 0521     		movs	r1, #5
 124 004c 02A8     		add	r0, sp, #8
 125 004e FFF7FEFF 		bl	nRF24_set_tx_address
 126              	.LVL9:
ARM GAS  C:\Users\Xwx47\AppData\Local\Temp\cceSWjoB.s 			page 5


  44:main.c        ****     
 127              		.loc 1 44 0
 128 0052 FFF7FEFF 		bl	nRF24_start_listening
 129              	.LVL10:
 130              	.L6:
  48:main.c        ****         
 131              		.loc 1 48 0
 132 0056 1A48     		ldr	r0, .L7+12
 133 0058 FFF7FEFF 		bl	UART_PutString
 134              	.LVL11:
 135              	.L5:
  50:main.c        ****         LED_Write(~LED_Read());
 136              		.loc 1 50 0 discriminator 1
 137 005c 194B     		ldr	r3, .L7+16
 138 005e 1B78     		ldrb	r3, [r3]
 139 0060 002B     		cmp	r3, #0
 140 0062 FBD0     		beq	.L5
  51:main.c        ****         irq_flag = false;
 141              		.loc 1 51 0
 142 0064 FFF7FEFF 		bl	LED_Read
 143              	.LVL12:
 144 0068 C043     		mvns	r0, r0
 145 006a C0B2     		uxtb	r0, r0
 146 006c FFF7FEFF 		bl	LED_Write
 147              	.LVL13:
  52:main.c        ****         
 148              		.loc 1 52 0
 149 0070 0022     		movs	r2, #0
 150 0072 144B     		ldr	r3, .L7+16
 151 0074 1A70     		strb	r2, [r3]
  55:main.c        **** 
 152              		.loc 1 55 0
 153 0076 FFF7FEFF 		bl	nRF24_stop_listening
 154              	.LVL14:
  57:main.c        ****         
 155              		.loc 1 57 0
 156 007a FFF7FEFF 		bl	nRF24_clear_all_irqs
 157              	.LVL15:
  60:main.c        ****         // put count into the TX FIFO
 158              		.loc 1 60 0
 159 007e 6B46     		mov	r3, sp
 160 0080 DC1D     		adds	r4, r3, #7
 161 0082 0121     		movs	r1, #1
 162 0084 2000     		movs	r0, r4
 163 0086 FFF7FEFF 		bl	nRF24_get_rx_payload
 164              	.LVL16:
  62:main.c        ****         nRF24_rx_write_payload(NRF_PIPE0, &count, 1);
 165              		.loc 1 62 0
 166 008a 6B46     		mov	r3, sp
 167 008c 991D     		adds	r1, r3, #6
 168 008e 0B78     		ldrb	r3, [r1]
 169 0090 0133     		adds	r3, r3, #1
 170 0092 0B70     		strb	r3, [r1]
  63:main.c        ****         
 171              		.loc 1 63 0
 172 0094 0122     		movs	r2, #1
 173 0096 0020     		movs	r0, #0
ARM GAS  C:\Users\Xwx47\AppData\Local\Temp\cceSWjoB.s 			page 6


 174 0098 FFF7FEFF 		bl	nRF24_rx_write_payload
 175              	.LVL17:
  66:main.c        ****         
 176              		.loc 1 66 0
 177 009c FFF7FEFF 		bl	nRF24_start_listening
 178              	.LVL18:
  68:main.c        ****         UART_PutChar(data);
 179              		.loc 1 68 0
 180 00a0 0948     		ldr	r0, .L7+20
 181 00a2 FFF7FEFF 		bl	UART_PutString
 182              	.LVL19:
  69:main.c        ****         UART_PutCRLF();
 183              		.loc 1 69 0
 184 00a6 2078     		ldrb	r0, [r4]
 185 00a8 FFF7FEFF 		bl	UART_PutChar
 186              	.LVL20:
  70:main.c        **** 
 187              		.loc 1 70 0
 188 00ac FFF7FEFF 		bl	UART_PutCRLF
 189              	.LVL21:
  72:main.c        **** }
 190              		.loc 1 72 0
 191 00b0 D1E7     		b	.L6
 192              	.L8:
 193 00b2 C046     		.align	2
 194              	.L7:
 195 00b4 00000000 		.word	.LANCHOR1
 196 00b8 00000000 		.word	IRQ_Handler
 197 00bc 00000000 		.word	.LC4
 198 00c0 14000000 		.word	.LC6
 199 00c4 00000000 		.word	.LANCHOR0
 200 00c8 2C000000 		.word	.LC9
 201              		.cfi_endproc
 202              	.LFE34:
 203              		.size	main, .-main
 204              		.section	.text.print_status,"ax",%progbits
 205              		.align	2
 206              		.global	print_status
 207              		.code	16
 208              		.thumb_func
 209              		.type	print_status, %function
 210              	print_status:
 211              	.LFB35:
  76:main.c        ****     char array[10];
 212              		.loc 1 76 0
 213              		.cfi_startproc
 214              		@ args = 0, pretend = 0, frame = 16
 215              		@ frame_needed = 0, uses_anonymous_args = 0
 216 0000 10B5     		push	{r4, lr}
 217              		.cfi_def_cfa_offset 8
 218              		.cfi_offset 4, -8
 219              		.cfi_offset 14, -4
 220 0002 84B0     		sub	sp, sp, #16
 221              		.cfi_def_cfa_offset 24
  78:main.c        ****     UART_PutString("Status: 0x");
 222              		.loc 1 78 0
 223 0004 FFF7FEFF 		bl	nRF24_get_status
ARM GAS  C:\Users\Xwx47\AppData\Local\Temp\cceSWjoB.s 			page 7


 224              	.LVL22:
 225 0008 0400     		movs	r4, r0
 226              	.LVL23:
  79:main.c        ****     sprintf(array, "%02X\r\n", sts);
 227              		.loc 1 79 0
 228 000a 0748     		ldr	r0, .L10
 229 000c FFF7FEFF 		bl	UART_PutString
 230              	.LVL24:
  80:main.c        ****     UART_PutString(array);
 231              		.loc 1 80 0
 232 0010 2200     		movs	r2, r4
 233 0012 0649     		ldr	r1, .L10+4
 234 0014 01A8     		add	r0, sp, #4
 235 0016 FFF7FEFF 		bl	sprintf
 236              	.LVL25:
  81:main.c        ****     UART_PutCRLF();
 237              		.loc 1 81 0
 238 001a 01A8     		add	r0, sp, #4
 239 001c FFF7FEFF 		bl	UART_PutString
 240              	.LVL26:
  82:main.c        **** }
 241              		.loc 1 82 0
 242 0020 FFF7FEFF 		bl	UART_PutCRLF
 243              	.LVL27:
  83:main.c        **** 
 244              		.loc 1 83 0
 245 0024 04B0     		add	sp, sp, #16
 246              		@ sp needed
 247              	.LVL28:
 248 0026 10BD     		pop	{r4, pc}
 249              	.L11:
 250              		.align	2
 251              	.L10:
 252 0028 38000000 		.word	.LC11
 253 002c 44000000 		.word	.LC13
 254              		.cfi_endproc
 255              	.LFE35:
 256              		.size	print_status, .-print_status
 257              		.comm	data,1,1
 258              		.global	irq_flag
 259              		.section	.rodata
 260              		.align	2
 261              		.set	.LANCHOR1,. + 0
 262              	.LC0:
 263 0000 BA       		.byte	-70
 264 0001 AD       		.byte	-83
 265 0002 C0       		.byte	-64
 266 0003 FF       		.byte	-1
 267 0004 EE       		.byte	-18
 268              		.section	.rodata.str1.4,"aMS",%progbits,1
 269              		.align	2
 270              	.LC4:
 271 0000 4563686F 		.ascii	"Echo project, Rx\015\012\000"
 271      2070726F 
 271      6A656374 
 271      2C205278 
 271      0D0A00
ARM GAS  C:\Users\Xwx47\AppData\Local\Temp\cceSWjoB.s 			page 8


 272 0013 00       		.space	1
 273              	.LC6:
 274 0014 57616974 		.ascii	"Waiting for data...\015\012\000"
 274      696E6720 
 274      666F7220 
 274      64617461 
 274      2E2E2E0D 
 275 002a 0000     		.space	2
 276              	.LC9:
 277 002c 52656365 		.ascii	"Received: \000"
 277      69766564 
 277      3A2000
 278 0037 00       		.space	1
 279              	.LC11:
 280 0038 53746174 		.ascii	"Status: 0x\000"
 280      75733A20 
 280      307800
 281 0043 00       		.space	1
 282              	.LC13:
 283 0044 25303258 		.ascii	"%02X\015\012\000"
 283      0D0A00
 284              		.bss
 285              		.set	.LANCHOR0,. + 0
 286              		.type	irq_flag, %object
 287              		.size	irq_flag, 1
 288              	irq_flag:
 289 0000 00       		.space	1
 290              		.text
 291              	.Letext0:
 292              		.file 2 "c:\\program files (x86)\\cypress\\psoc creator\\4.1\\psoc creator\\import\\gnu\\arm\\5.4.
 293              		.file 3 "c:\\program files (x86)\\cypress\\psoc creator\\4.1\\psoc creator\\import\\gnu\\arm\\5.4.
 294              		.file 4 "Generated_Source\\PSoC4/nRF24_DEFS.h"
 295              		.file 5 "Generated_Source\\PSoC4/IRQ.h"
 296              		.file 6 "Generated_Source\\PSoC4/isr_IRQ.h"
 297              		.file 7 "Generated_Source\\PSoC4/UART.h"
 298              		.file 8 "Generated_Source\\PSoC4/nRF24_FUNCS.h"
 299              		.file 9 "Generated_Source\\PSoC4/LED.h"
 300              		.file 10 "c:\\program files (x86)\\cypress\\psoc creator\\4.1\\psoc creator\\import\\gnu\\arm\\5.4
 301              		.section	.debug_info,"",%progbits
 302              	.Ldebug_info0:
 303 0000 4B060000 		.4byte	0x64b
 304 0004 0400     		.2byte	0x4
 305 0006 00000000 		.4byte	.Ldebug_abbrev0
 306 000a 04       		.byte	0x4
 307 000b 01       		.uleb128 0x1
 308 000c E5000000 		.4byte	.LASF109
 309 0010 0C       		.byte	0xc
 310 0011 E3060000 		.4byte	.LASF110
 311 0015 88050000 		.4byte	.LASF111
 312 0019 00000000 		.4byte	.Ldebug_ranges0+0
 313 001d 00000000 		.4byte	0
 314 0021 00000000 		.4byte	.Ldebug_line0
 315 0025 02       		.uleb128 0x2
 316 0026 01       		.byte	0x1
 317 0027 06       		.byte	0x6
 318 0028 23030000 		.4byte	.LASF0
 319 002c 03       		.uleb128 0x3
ARM GAS  C:\Users\Xwx47\AppData\Local\Temp\cceSWjoB.s 			page 9


 320 002d E1030000 		.4byte	.LASF9
 321 0031 02       		.byte	0x2
 322 0032 1D       		.byte	0x1d
 323 0033 37000000 		.4byte	0x37
 324 0037 02       		.uleb128 0x2
 325 0038 01       		.byte	0x1
 326 0039 08       		.byte	0x8
 327 003a 36040000 		.4byte	.LASF1
 328 003e 02       		.uleb128 0x2
 329 003f 02       		.byte	0x2
 330 0040 05       		.byte	0x5
 331 0041 26020000 		.4byte	.LASF2
 332 0045 02       		.uleb128 0x2
 333 0046 02       		.byte	0x2
 334 0047 07       		.byte	0x7
 335 0048 8E060000 		.4byte	.LASF3
 336 004c 02       		.uleb128 0x2
 337 004d 04       		.byte	0x4
 338 004e 05       		.byte	0x5
 339 004f 86030000 		.4byte	.LASF4
 340 0053 02       		.uleb128 0x2
 341 0054 04       		.byte	0x4
 342 0055 07       		.byte	0x7
 343 0056 0D060000 		.4byte	.LASF5
 344 005a 02       		.uleb128 0x2
 345 005b 08       		.byte	0x8
 346 005c 05       		.byte	0x5
 347 005d 51030000 		.4byte	.LASF6
 348 0061 02       		.uleb128 0x2
 349 0062 08       		.byte	0x8
 350 0063 07       		.byte	0x7
 351 0064 38050000 		.4byte	.LASF7
 352 0068 04       		.uleb128 0x4
 353 0069 04       		.byte	0x4
 354 006a 05       		.byte	0x5
 355 006b 696E7400 		.ascii	"int\000"
 356 006f 02       		.uleb128 0x2
 357 0070 04       		.byte	0x4
 358 0071 07       		.byte	0x7
 359 0072 7B050000 		.4byte	.LASF8
 360 0076 03       		.uleb128 0x3
 361 0077 74020000 		.4byte	.LASF10
 362 007b 03       		.byte	0x3
 363 007c 18       		.byte	0x18
 364 007d 2C000000 		.4byte	0x2c
 365 0081 02       		.uleb128 0x2
 366 0082 04       		.byte	0x4
 367 0083 04       		.byte	0x4
 368 0084 2F030000 		.4byte	.LASF11
 369 0088 02       		.uleb128 0x2
 370 0089 08       		.byte	0x8
 371 008a 04       		.byte	0x4
 372 008b 0C070000 		.4byte	.LASF12
 373 008f 02       		.uleb128 0x2
 374 0090 01       		.byte	0x1
 375 0091 08       		.byte	0x8
 376 0092 7E060000 		.4byte	.LASF13
ARM GAS  C:\Users\Xwx47\AppData\Local\Temp\cceSWjoB.s 			page 10


 377 0096 02       		.uleb128 0x2
 378 0097 08       		.byte	0x8
 379 0098 04       		.byte	0x4
 380 0099 76040000 		.4byte	.LASF14
 381 009d 02       		.uleb128 0x2
 382 009e 04       		.byte	0x4
 383 009f 07       		.byte	0x7
 384 00a0 DC000000 		.4byte	.LASF15
 385 00a4 05       		.uleb128 0x5
 386 00a5 01       		.byte	0x1
 387 00a6 37000000 		.4byte	0x37
 388 00aa 04       		.byte	0x4
 389 00ab 1E       		.byte	0x1e
 390 00ac 4D010000 		.4byte	0x14d
 391 00b0 06       		.uleb128 0x6
 392 00b1 75070000 		.4byte	.LASF16
 393 00b5 00       		.byte	0
 394 00b6 06       		.uleb128 0x6
 395 00b7 66020000 		.4byte	.LASF17
 396 00bb 01       		.byte	0x1
 397 00bc 06       		.uleb128 0x6
 398 00bd B7000000 		.4byte	.LASF18
 399 00c1 02       		.byte	0x2
 400 00c2 06       		.uleb128 0x6
 401 00c3 D6070000 		.4byte	.LASF19
 402 00c7 03       		.byte	0x3
 403 00c8 06       		.uleb128 0x6
 404 00c9 AE070000 		.4byte	.LASF20
 405 00cd 04       		.byte	0x4
 406 00ce 06       		.uleb128 0x6
 407 00cf 84070000 		.4byte	.LASF21
 408 00d3 05       		.byte	0x5
 409 00d4 06       		.uleb128 0x6
 410 00d5 71000000 		.4byte	.LASF22
 411 00d9 06       		.byte	0x6
 412 00da 06       		.uleb128 0x6
 413 00db 7C020000 		.4byte	.LASF23
 414 00df 07       		.byte	0x7
 415 00e0 06       		.uleb128 0x6
 416 00e1 C9000000 		.4byte	.LASF24
 417 00e5 08       		.byte	0x8
 418 00e6 06       		.uleb128 0x6
 419 00e7 8F030000 		.4byte	.LASF25
 420 00eb 09       		.byte	0x9
 421 00ec 06       		.uleb128 0x6
 422 00ed 82040000 		.4byte	.LASF26
 423 00f1 0A       		.byte	0xa
 424 00f2 06       		.uleb128 0x6
 425 00f3 95040000 		.4byte	.LASF27
 426 00f7 0B       		.byte	0xb
 427 00f8 06       		.uleb128 0x6
 428 00f9 A8040000 		.4byte	.LASF28
 429 00fd 0C       		.byte	0xc
 430 00fe 06       		.uleb128 0x6
 431 00ff BB040000 		.4byte	.LASF29
 432 0103 0D       		.byte	0xd
 433 0104 06       		.uleb128 0x6
ARM GAS  C:\Users\Xwx47\AppData\Local\Temp\cceSWjoB.s 			page 11


 434 0105 CE040000 		.4byte	.LASF30
 435 0109 0E       		.byte	0xe
 436 010a 06       		.uleb128 0x6
 437 010b E1040000 		.4byte	.LASF31
 438 010f 0F       		.byte	0xf
 439 0110 06       		.uleb128 0x6
 440 0111 AD010000 		.4byte	.LASF32
 441 0115 10       		.byte	0x10
 442 0116 06       		.uleb128 0x6
 443 0117 F3010000 		.4byte	.LASF33
 444 011b 11       		.byte	0x11
 445 011c 06       		.uleb128 0x6
 446 011d 04020000 		.4byte	.LASF34
 447 0121 12       		.byte	0x12
 448 0122 06       		.uleb128 0x6
 449 0123 15020000 		.4byte	.LASF35
 450 0127 13       		.byte	0x13
 451 0128 06       		.uleb128 0x6
 452 0129 2B080000 		.4byte	.LASF36
 453 012d 14       		.byte	0x14
 454 012e 06       		.uleb128 0x6
 455 012f 30020000 		.4byte	.LASF37
 456 0133 15       		.byte	0x15
 457 0134 06       		.uleb128 0x6
 458 0135 3C080000 		.4byte	.LASF38
 459 0139 16       		.byte	0x16
 460 013a 06       		.uleb128 0x6
 461 013b DF010000 		.4byte	.LASF39
 462 013f 17       		.byte	0x17
 463 0140 06       		.uleb128 0x6
 464 0141 5F030000 		.4byte	.LASF40
 465 0145 1C       		.byte	0x1c
 466 0146 06       		.uleb128 0x6
 467 0147 13050000 		.4byte	.LASF41
 468 014b 1D       		.byte	0x1d
 469 014c 00       		.byte	0
 470 014d 05       		.uleb128 0x5
 471 014e 01       		.byte	0x1
 472 014f 37000000 		.4byte	0x37
 473 0153 04       		.byte	0x4
 474 0154 4B       		.byte	0x4b
 475 0155 7E010000 		.4byte	0x17e
 476 0159 06       		.uleb128 0x6
 477 015a 13070000 		.4byte	.LASF42
 478 015e 00       		.byte	0
 479 015f 06       		.uleb128 0x6
 480 0160 34070000 		.4byte	.LASF43
 481 0164 01       		.byte	0x1
 482 0165 06       		.uleb128 0x6
 483 0166 3E070000 		.4byte	.LASF44
 484 016a 02       		.byte	0x2
 485 016b 06       		.uleb128 0x6
 486 016c 48070000 		.4byte	.LASF45
 487 0170 03       		.byte	0x3
 488 0171 06       		.uleb128 0x6
 489 0172 0F030000 		.4byte	.LASF46
 490 0176 04       		.byte	0x4
ARM GAS  C:\Users\Xwx47\AppData\Local\Temp\cceSWjoB.s 			page 12


 491 0177 06       		.uleb128 0x6
 492 0178 19030000 		.4byte	.LASF47
 493 017c 05       		.byte	0x5
 494 017d 00       		.byte	0
 495 017e 05       		.uleb128 0x5
 496 017f 01       		.byte	0x1
 497 0180 37000000 		.4byte	0x37
 498 0184 04       		.byte	0x4
 499 0185 75       		.byte	0x75
 500 0186 B5010000 		.4byte	0x1b5
 501 018a 06       		.uleb128 0x6
 502 018b 1D070000 		.4byte	.LASF48
 503 018f 00       		.byte	0
 504 0190 06       		.uleb128 0x6
 505 0191 41020000 		.4byte	.LASF49
 506 0195 01       		.byte	0x1
 507 0196 06       		.uleb128 0x6
 508 0197 CF060000 		.4byte	.LASF50
 509 019b 02       		.byte	0x2
 510 019c 06       		.uleb128 0x6
 511 019d 97000000 		.4byte	.LASF51
 512 01a1 03       		.byte	0x3
 513 01a2 06       		.uleb128 0x6
 514 01a3 F2050000 		.4byte	.LASF52
 515 01a7 04       		.byte	0x4
 516 01a8 06       		.uleb128 0x6
 517 01a9 BD010000 		.4byte	.LASF53
 518 01ad 05       		.byte	0x5
 519 01ae 06       		.uleb128 0x6
 520 01af B6030000 		.4byte	.LASF54
 521 01b3 06       		.byte	0x6
 522 01b4 00       		.byte	0
 523 01b5 05       		.uleb128 0x5
 524 01b6 01       		.byte	0x1
 525 01b7 37000000 		.4byte	0x37
 526 01bb 04       		.byte	0x4
 527 01bc 91       		.byte	0x91
 528 01bd E6010000 		.4byte	0x1e6
 529 01c1 06       		.uleb128 0x6
 530 01c2 8B020000 		.4byte	.LASF55
 531 01c6 00       		.byte	0
 532 01c7 06       		.uleb128 0x6
 533 01c8 A1020000 		.4byte	.LASF56
 534 01cc 01       		.byte	0x1
 535 01cd 06       		.uleb128 0x6
 536 01ce B7020000 		.4byte	.LASF57
 537 01d2 02       		.byte	0x2
 538 01d3 06       		.uleb128 0x6
 539 01d4 CD020000 		.4byte	.LASF58
 540 01d8 03       		.byte	0x3
 541 01d9 06       		.uleb128 0x6
 542 01da E3020000 		.4byte	.LASF59
 543 01de 04       		.byte	0x4
 544 01df 06       		.uleb128 0x6
 545 01e0 F9020000 		.4byte	.LASF60
 546 01e4 05       		.byte	0x5
 547 01e5 00       		.byte	0
ARM GAS  C:\Users\Xwx47\AppData\Local\Temp\cceSWjoB.s 			page 13


 548 01e6 05       		.uleb128 0x5
 549 01e7 01       		.byte	0x1
 550 01e8 37000000 		.4byte	0x37
 551 01ec 04       		.byte	0x4
 552 01ed AA       		.byte	0xaa
 553 01ee 17020000 		.4byte	0x217
 554 01f2 06       		.uleb128 0x6
 555 01f3 EB030000 		.4byte	.LASF61
 556 01f7 00       		.byte	0
 557 01f8 06       		.uleb128 0x6
 558 01f9 04040000 		.4byte	.LASF62
 559 01fd 01       		.byte	0x1
 560 01fe 06       		.uleb128 0x6
 561 01ff 1D040000 		.4byte	.LASF63
 562 0203 02       		.byte	0x2
 563 0204 06       		.uleb128 0x6
 564 0205 6D030000 		.4byte	.LASF64
 565 0209 03       		.byte	0x3
 566 020a 06       		.uleb128 0x6
 567 020b 44040000 		.4byte	.LASF65
 568 020f 04       		.byte	0x4
 569 0210 06       		.uleb128 0x6
 570 0211 5D040000 		.4byte	.LASF66
 571 0215 05       		.byte	0x5
 572 0216 00       		.byte	0
 573 0217 05       		.uleb128 0x5
 574 0218 01       		.byte	0x1
 575 0219 37000000 		.4byte	0x37
 576 021d 04       		.byte	0x4
 577 021e D1       		.byte	0xd1
 578 021f 30020000 		.4byte	0x230
 579 0223 06       		.uleb128 0x6
 580 0224 1F060000 		.4byte	.LASF67
 581 0228 00       		.byte	0
 582 0229 06       		.uleb128 0x6
 583 022a 36060000 		.4byte	.LASF68
 584 022e 04       		.byte	0x4
 585 022f 00       		.byte	0
 586 0230 07       		.uleb128 0x7
 587 0231 01       		.byte	0x1
 588 0232 37000000 		.4byte	0x37
 589 0236 04       		.byte	0x4
 590 0237 4A01     		.2byte	0x14a
 591 0239 5C020000 		.4byte	0x25c
 592 023d 06       		.uleb128 0x6
 593 023e 52070000 		.4byte	.LASF69
 594 0242 00       		.byte	0
 595 0243 06       		.uleb128 0x6
 596 0244 92070000 		.4byte	.LASF70
 597 0248 01       		.byte	0x1
 598 0249 06       		.uleb128 0x6
 599 024a 00000000 		.4byte	.LASF71
 600 024e 04       		.byte	0x4
 601 024f 06       		.uleb128 0x6
 602 0250 F9070000 		.4byte	.LASF72
 603 0254 05       		.byte	0x5
 604 0255 06       		.uleb128 0x6
ARM GAS  C:\Users\Xwx47\AppData\Local\Temp\cceSWjoB.s 			page 14


 605 0256 D5050000 		.4byte	.LASF73
 606 025a 06       		.byte	0x6
 607 025b 00       		.byte	0
 608 025c 07       		.uleb128 0x7
 609 025d 01       		.byte	0x1
 610 025e 37000000 		.4byte	0x37
 611 0262 04       		.byte	0x4
 612 0263 5B01     		.2byte	0x15b
 613 0265 8E020000 		.4byte	0x28e
 614 0269 06       		.uleb128 0x6
 615 026a 1D000000 		.4byte	.LASF74
 616 026e 00       		.byte	0
 617 026f 06       		.uleb128 0x6
 618 0270 32000000 		.4byte	.LASF75
 619 0274 01       		.byte	0x1
 620 0275 06       		.uleb128 0x6
 621 0276 47000000 		.4byte	.LASF76
 622 027a 02       		.byte	0x2
 623 027b 06       		.uleb128 0x6
 624 027c 5C000000 		.4byte	.LASF77
 625 0280 03       		.byte	0x3
 626 0281 06       		.uleb128 0x6
 627 0282 66050000 		.4byte	.LASF78
 628 0286 04       		.byte	0x4
 629 0287 06       		.uleb128 0x6
 630 0288 82000000 		.4byte	.LASF79
 631 028c 05       		.byte	0x5
 632 028d 00       		.byte	0
 633 028e 07       		.uleb128 0x7
 634 028f 01       		.byte	0x1
 635 0290 37000000 		.4byte	0x37
 636 0294 04       		.byte	0x4
 637 0295 7401     		.2byte	0x174
 638 0297 AE020000 		.4byte	0x2ae
 639 029b 06       		.uleb128 0x6
 640 029c 4D060000 		.4byte	.LASF80
 641 02a0 00       		.byte	0
 642 02a1 06       		.uleb128 0x6
 643 02a2 9B030000 		.4byte	.LASF81
 644 02a6 01       		.byte	0x1
 645 02a7 06       		.uleb128 0x6
 646 02a8 F4040000 		.4byte	.LASF82
 647 02ac 02       		.byte	0x2
 648 02ad 00       		.byte	0
 649 02ae 08       		.uleb128 0x8
 650 02af E7070000 		.4byte	.LASF86
 651 02b3 01       		.byte	0x1
 652 02b4 55       		.byte	0x55
 653 02b5 00000000 		.4byte	.LFB36
 654 02b9 14000000 		.4byte	.LFE36-.LFB36
 655 02bd 01       		.uleb128 0x1
 656 02be 9C       		.byte	0x9c
 657 02bf CD020000 		.4byte	0x2cd
 658 02c3 09       		.uleb128 0x9
 659 02c4 0C000000 		.4byte	.LVL0
 660 02c8 7F050000 		.4byte	0x57f
 661 02cc 00       		.byte	0
ARM GAS  C:\Users\Xwx47\AppData\Local\Temp\cceSWjoB.s 			page 15


 662 02cd 0A       		.uleb128 0xa
 663 02ce 98010000 		.4byte	.LASF112
 664 02d2 01       		.byte	0x1
 665 02d3 14       		.byte	0x14
 666 02d4 68000000 		.4byte	0x68
 667 02d8 00000000 		.4byte	.LFB34
 668 02dc CC000000 		.4byte	.LFE34-.LFB34
 669 02e0 01       		.uleb128 0x1
 670 02e1 9C       		.byte	0x9c
 671 02e2 94040000 		.4byte	0x494
 672 02e6 0B       		.uleb128 0xb
 673 02e7 D7010000 		.4byte	.LASF83
 674 02eb 01       		.byte	0x1
 675 02ec 16       		.byte	0x16
 676 02ed A9040000 		.4byte	0x4a9
 677 02f1 02       		.uleb128 0x2
 678 02f2 91       		.byte	0x91
 679 02f3 70       		.sleb128 -16
 680 02f4 0B       		.uleb128 0xb
 681 02f5 CA060000 		.4byte	.LASF84
 682 02f9 01       		.byte	0x1
 683 02fa 19       		.byte	0x19
 684 02fb 37000000 		.4byte	0x37
 685 02ff 02       		.uleb128 0x2
 686 0300 91       		.byte	0x91
 687 0301 6F       		.sleb128 -17
 688 0302 0B       		.uleb128 0xb
 689 0303 6F070000 		.4byte	.LASF85
 690 0307 01       		.byte	0x1
 691 0308 1A       		.byte	0x1a
 692 0309 76000000 		.4byte	0x76
 693 030d 02       		.uleb128 0x2
 694 030e 91       		.byte	0x91
 695 030f 6E       		.sleb128 -18
 696 0310 0C       		.uleb128 0xc
 697 0311 35030000 		.4byte	.LASF98
 698 0315 01       		.byte	0x1
 699 0316 29       		.byte	0x29
 700 0317 68000000 		.4byte	0x68
 701 031b 21030000 		.4byte	0x321
 702 031f 0D       		.uleb128 0xd
 703 0320 00       		.byte	0
 704 0321 0E       		.uleb128 0xe
 705 0322 0E000000 		.4byte	.LVL1
 706 0326 8A050000 		.4byte	0x58a
 707 032a 43030000 		.4byte	0x343
 708 032e 0F       		.uleb128 0xf
 709 032f 01       		.uleb128 0x1
 710 0330 50       		.byte	0x50
 711 0331 02       		.uleb128 0x2
 712 0332 91       		.byte	0x91
 713 0333 70       		.sleb128 -16
 714 0334 0F       		.uleb128 0xf
 715 0335 01       		.uleb128 0x1
 716 0336 51       		.byte	0x51
 717 0337 05       		.uleb128 0x5
 718 0338 03       		.byte	0x3
ARM GAS  C:\Users\Xwx47\AppData\Local\Temp\cceSWjoB.s 			page 16


 719 0339 00000000 		.4byte	.LANCHOR1
 720 033d 0F       		.uleb128 0xf
 721 033e 01       		.uleb128 0x1
 722 033f 52       		.byte	0x52
 723 0340 01       		.uleb128 0x1
 724 0341 35       		.byte	0x35
 725 0342 00       		.byte	0
 726 0343 0E       		.uleb128 0xe
 727 0344 22000000 		.4byte	.LVL2
 728 0348 93050000 		.4byte	0x593
 729 034c 5A030000 		.4byte	0x35a
 730 0350 0F       		.uleb128 0xf
 731 0351 01       		.uleb128 0x1
 732 0352 50       		.byte	0x50
 733 0353 05       		.uleb128 0x5
 734 0354 03       		.byte	0x3
 735 0355 00000000 		.4byte	IRQ_Handler
 736 0359 00       		.byte	0
 737 035a 09       		.uleb128 0x9
 738 035b 28000000 		.4byte	.LVL3
 739 035f 9E050000 		.4byte	0x59e
 740 0363 0E       		.uleb128 0xe
 741 0364 2E000000 		.4byte	.LVL4
 742 0368 A9050000 		.4byte	0x5a9
 743 036c 76030000 		.4byte	0x376
 744 0370 0F       		.uleb128 0xf
 745 0371 01       		.uleb128 0x1
 746 0372 50       		.byte	0x50
 747 0373 01       		.uleb128 0x1
 748 0374 3C       		.byte	0x3c
 749 0375 00       		.byte	0
 750 0376 0E       		.uleb128 0xe
 751 0377 34000000 		.4byte	.LVL5
 752 037b B4050000 		.4byte	0x5b4
 753 037f 8D030000 		.4byte	0x38d
 754 0383 0F       		.uleb128 0xf
 755 0384 01       		.uleb128 0x1
 756 0385 50       		.byte	0x50
 757 0386 05       		.uleb128 0x5
 758 0387 03       		.byte	0x3
 759 0388 00000000 		.4byte	.LC4
 760 038c 00       		.byte	0
 761 038d 09       		.uleb128 0x9
 762 038e 38000000 		.4byte	.LVL6
 763 0392 BF050000 		.4byte	0x5bf
 764 0396 0E       		.uleb128 0xe
 765 0397 42000000 		.4byte	.LVL7
 766 039b CA050000 		.4byte	0x5ca
 767 039f B4030000 		.4byte	0x3b4
 768 03a3 0F       		.uleb128 0xf
 769 03a4 01       		.uleb128 0x1
 770 03a5 50       		.byte	0x50
 771 03a6 01       		.uleb128 0x1
 772 03a7 30       		.byte	0x30
 773 03a8 0F       		.uleb128 0xf
 774 03a9 01       		.uleb128 0x1
 775 03aa 51       		.byte	0x51
ARM GAS  C:\Users\Xwx47\AppData\Local\Temp\cceSWjoB.s 			page 17


 776 03ab 02       		.uleb128 0x2
 777 03ac 74       		.byte	0x74
 778 03ad 00       		.sleb128 0
 779 03ae 0F       		.uleb128 0xf
 780 03af 01       		.uleb128 0x1
 781 03b0 52       		.byte	0x52
 782 03b1 01       		.uleb128 0x1
 783 03b2 31       		.byte	0x31
 784 03b3 00       		.byte	0
 785 03b4 0E       		.uleb128 0xe
 786 03b5 4A000000 		.4byte	.LVL8
 787 03b9 D5050000 		.4byte	0x5d5
 788 03bd CD030000 		.4byte	0x3cd
 789 03c1 0F       		.uleb128 0xf
 790 03c2 01       		.uleb128 0x1
 791 03c3 50       		.byte	0x50
 792 03c4 02       		.uleb128 0x2
 793 03c5 91       		.byte	0x91
 794 03c6 70       		.sleb128 -16
 795 03c7 0F       		.uleb128 0xf
 796 03c8 01       		.uleb128 0x1
 797 03c9 51       		.byte	0x51
 798 03ca 01       		.uleb128 0x1
 799 03cb 35       		.byte	0x35
 800 03cc 00       		.byte	0
 801 03cd 0E       		.uleb128 0xe
 802 03ce 52000000 		.4byte	.LVL9
 803 03d2 E0050000 		.4byte	0x5e0
 804 03d6 E6030000 		.4byte	0x3e6
 805 03da 0F       		.uleb128 0xf
 806 03db 01       		.uleb128 0x1
 807 03dc 50       		.byte	0x50
 808 03dd 02       		.uleb128 0x2
 809 03de 91       		.byte	0x91
 810 03df 70       		.sleb128 -16
 811 03e0 0F       		.uleb128 0xf
 812 03e1 01       		.uleb128 0x1
 813 03e2 51       		.byte	0x51
 814 03e3 01       		.uleb128 0x1
 815 03e4 35       		.byte	0x35
 816 03e5 00       		.byte	0
 817 03e6 09       		.uleb128 0x9
 818 03e7 56000000 		.4byte	.LVL10
 819 03eb EB050000 		.4byte	0x5eb
 820 03ef 0E       		.uleb128 0xe
 821 03f0 5C000000 		.4byte	.LVL11
 822 03f4 B4050000 		.4byte	0x5b4
 823 03f8 06040000 		.4byte	0x406
 824 03fc 0F       		.uleb128 0xf
 825 03fd 01       		.uleb128 0x1
 826 03fe 50       		.byte	0x50
 827 03ff 05       		.uleb128 0x5
 828 0400 03       		.byte	0x3
 829 0401 14000000 		.4byte	.LC6
 830 0405 00       		.byte	0
 831 0406 09       		.uleb128 0x9
 832 0407 68000000 		.4byte	.LVL12
ARM GAS  C:\Users\Xwx47\AppData\Local\Temp\cceSWjoB.s 			page 18


 833 040b F6050000 		.4byte	0x5f6
 834 040f 09       		.uleb128 0x9
 835 0410 70000000 		.4byte	.LVL13
 836 0414 01060000 		.4byte	0x601
 837 0418 09       		.uleb128 0x9
 838 0419 7A000000 		.4byte	.LVL14
 839 041d 0C060000 		.4byte	0x60c
 840 0421 09       		.uleb128 0x9
 841 0422 7E000000 		.4byte	.LVL15
 842 0426 17060000 		.4byte	0x617
 843 042a 0E       		.uleb128 0xe
 844 042b 8A000000 		.4byte	.LVL16
 845 042f 22060000 		.4byte	0x622
 846 0433 43040000 		.4byte	0x443
 847 0437 0F       		.uleb128 0xf
 848 0438 01       		.uleb128 0x1
 849 0439 50       		.byte	0x50
 850 043a 02       		.uleb128 0x2
 851 043b 74       		.byte	0x74
 852 043c 00       		.sleb128 0
 853 043d 0F       		.uleb128 0xf
 854 043e 01       		.uleb128 0x1
 855 043f 51       		.byte	0x51
 856 0440 01       		.uleb128 0x1
 857 0441 31       		.byte	0x31
 858 0442 00       		.byte	0
 859 0443 0E       		.uleb128 0xe
 860 0444 9C000000 		.4byte	.LVL17
 861 0448 CA050000 		.4byte	0x5ca
 862 044c 61040000 		.4byte	0x461
 863 0450 0F       		.uleb128 0xf
 864 0451 01       		.uleb128 0x1
 865 0452 50       		.byte	0x50
 866 0453 01       		.uleb128 0x1
 867 0454 30       		.byte	0x30
 868 0455 0F       		.uleb128 0xf
 869 0456 01       		.uleb128 0x1
 870 0457 51       		.byte	0x51
 871 0458 02       		.uleb128 0x2
 872 0459 7D       		.byte	0x7d
 873 045a 06       		.sleb128 6
 874 045b 0F       		.uleb128 0xf
 875 045c 01       		.uleb128 0x1
 876 045d 52       		.byte	0x52
 877 045e 01       		.uleb128 0x1
 878 045f 31       		.byte	0x31
 879 0460 00       		.byte	0
 880 0461 09       		.uleb128 0x9
 881 0462 A0000000 		.4byte	.LVL18
 882 0466 EB050000 		.4byte	0x5eb
 883 046a 0E       		.uleb128 0xe
 884 046b A6000000 		.4byte	.LVL19
 885 046f B4050000 		.4byte	0x5b4
 886 0473 81040000 		.4byte	0x481
 887 0477 0F       		.uleb128 0xf
 888 0478 01       		.uleb128 0x1
 889 0479 50       		.byte	0x50
ARM GAS  C:\Users\Xwx47\AppData\Local\Temp\cceSWjoB.s 			page 19


 890 047a 05       		.uleb128 0x5
 891 047b 03       		.byte	0x3
 892 047c 2C000000 		.4byte	.LC9
 893 0480 00       		.byte	0
 894 0481 09       		.uleb128 0x9
 895 0482 AC000000 		.4byte	.LVL20
 896 0486 A9050000 		.4byte	0x5a9
 897 048a 09       		.uleb128 0x9
 898 048b B0000000 		.4byte	.LVL21
 899 048f 2D060000 		.4byte	0x62d
 900 0493 00       		.byte	0
 901 0494 10       		.uleb128 0x10
 902 0495 A4040000 		.4byte	0x4a4
 903 0499 A4040000 		.4byte	0x4a4
 904 049d 11       		.uleb128 0x11
 905 049e 9D000000 		.4byte	0x9d
 906 04a2 04       		.byte	0x4
 907 04a3 00       		.byte	0
 908 04a4 12       		.uleb128 0x12
 909 04a5 76000000 		.4byte	0x76
 910 04a9 12       		.uleb128 0x12
 911 04aa 94040000 		.4byte	0x494
 912 04ae 08       		.uleb128 0x8
 913 04af 1E080000 		.4byte	.LASF87
 914 04b3 01       		.byte	0x1
 915 04b4 4B       		.byte	0x4b
 916 04b5 00000000 		.4byte	.LFB35
 917 04b9 30000000 		.4byte	.LFE35-.LFB35
 918 04bd 01       		.uleb128 0x1
 919 04be 9C       		.byte	0x9c
 920 04bf 41050000 		.4byte	0x541
 921 04c3 0B       		.uleb128 0xb
 922 04c4 F3070000 		.4byte	.LASF88
 923 04c8 01       		.byte	0x1
 924 04c9 4D       		.byte	0x4d
 925 04ca 41050000 		.4byte	0x541
 926 04ce 02       		.uleb128 0x2
 927 04cf 91       		.byte	0x91
 928 04d0 6C       		.sleb128 -20
 929 04d1 13       		.uleb128 0x13
 930 04d2 73747300 		.ascii	"sts\000"
 931 04d6 01       		.byte	0x1
 932 04d7 4E       		.byte	0x4e
 933 04d8 76000000 		.4byte	0x76
 934 04dc 00000000 		.4byte	.LLST0
 935 04e0 09       		.uleb128 0x9
 936 04e1 08000000 		.4byte	.LVL22
 937 04e5 38060000 		.4byte	0x638
 938 04e9 0E       		.uleb128 0xe
 939 04ea 10000000 		.4byte	.LVL24
 940 04ee B4050000 		.4byte	0x5b4
 941 04f2 00050000 		.4byte	0x500
 942 04f6 0F       		.uleb128 0xf
 943 04f7 01       		.uleb128 0x1
 944 04f8 50       		.byte	0x50
 945 04f9 05       		.uleb128 0x5
 946 04fa 03       		.byte	0x3
ARM GAS  C:\Users\Xwx47\AppData\Local\Temp\cceSWjoB.s 			page 20


 947 04fb 38000000 		.4byte	.LC11
 948 04ff 00       		.byte	0
 949 0500 0E       		.uleb128 0xe
 950 0501 1A000000 		.4byte	.LVL25
 951 0505 43060000 		.4byte	0x643
 952 0509 23050000 		.4byte	0x523
 953 050d 0F       		.uleb128 0xf
 954 050e 01       		.uleb128 0x1
 955 050f 50       		.byte	0x50
 956 0510 02       		.uleb128 0x2
 957 0511 91       		.byte	0x91
 958 0512 6C       		.sleb128 -20
 959 0513 0F       		.uleb128 0xf
 960 0514 01       		.uleb128 0x1
 961 0515 51       		.byte	0x51
 962 0516 05       		.uleb128 0x5
 963 0517 03       		.byte	0x3
 964 0518 44000000 		.4byte	.LC13
 965 051c 0F       		.uleb128 0xf
 966 051d 01       		.uleb128 0x1
 967 051e 52       		.byte	0x52
 968 051f 02       		.uleb128 0x2
 969 0520 74       		.byte	0x74
 970 0521 00       		.sleb128 0
 971 0522 00       		.byte	0
 972 0523 0E       		.uleb128 0xe
 973 0524 20000000 		.4byte	.LVL26
 974 0528 B4050000 		.4byte	0x5b4
 975 052c 37050000 		.4byte	0x537
 976 0530 0F       		.uleb128 0xf
 977 0531 01       		.uleb128 0x1
 978 0532 50       		.byte	0x50
 979 0533 02       		.uleb128 0x2
 980 0534 91       		.byte	0x91
 981 0535 6C       		.sleb128 -20
 982 0536 00       		.byte	0
 983 0537 09       		.uleb128 0x9
 984 0538 24000000 		.4byte	.LVL27
 985 053c 2D060000 		.4byte	0x62d
 986 0540 00       		.byte	0
 987 0541 10       		.uleb128 0x10
 988 0542 8F000000 		.4byte	0x8f
 989 0546 51050000 		.4byte	0x551
 990 054a 11       		.uleb128 0x11
 991 054b 9D000000 		.4byte	0x9d
 992 054f 09       		.byte	0x9
 993 0550 00       		.byte	0
 994 0551 14       		.uleb128 0x14
 995 0552 A4010000 		.4byte	.LASF90
 996 0556 01       		.byte	0x1
 997 0557 0B       		.byte	0xb
 998 0558 69050000 		.4byte	0x569
 999 055c 05       		.uleb128 0x5
 1000 055d 03       		.byte	0x3
 1001 055e 00000000 		.4byte	irq_flag
 1002 0562 02       		.uleb128 0x2
 1003 0563 01       		.byte	0x1
ARM GAS  C:\Users\Xwx47\AppData\Local\Temp\cceSWjoB.s 			page 21


 1004 0564 02       		.byte	0x2
 1005 0565 A1060000 		.4byte	.LASF89
 1006 0569 15       		.uleb128 0x15
 1007 056a 62050000 		.4byte	0x562
 1008 056e 14       		.uleb128 0x14
 1009 056f CA060000 		.4byte	.LASF84
 1010 0573 01       		.byte	0x1
 1011 0574 0E       		.byte	0xe
 1012 0575 37000000 		.4byte	0x37
 1013 0579 05       		.uleb128 0x5
 1014 057a 03       		.byte	0x3
 1015 057b 00000000 		.4byte	data
 1016 057f 16       		.uleb128 0x16
 1017 0580 B7060000 		.4byte	.LASF91
 1018 0584 B7060000 		.4byte	.LASF91
 1019 0588 05       		.byte	0x5
 1020 0589 39       		.byte	0x39
 1021 058a 17       		.uleb128 0x17
 1022 058b 9D010000 		.4byte	.LASF113
 1023 058f 9D010000 		.4byte	.LASF113
 1024 0593 16       		.uleb128 0x16
 1025 0594 A7060000 		.4byte	.LASF92
 1026 0598 A7060000 		.4byte	.LASF92
 1027 059c 06       		.byte	0x6
 1028 059d 18       		.byte	0x18
 1029 059e 16       		.uleb128 0x16
 1030 059f 83060000 		.4byte	.LASF93
 1031 05a3 83060000 		.4byte	.LASF93
 1032 05a7 07       		.byte	0x7
 1033 05a8 1F       		.byte	0x1f
 1034 05a9 16       		.uleb128 0x16
 1035 05aa 4D080000 		.4byte	.LASF94
 1036 05ae 4D080000 		.4byte	.LASF94
 1037 05b2 07       		.byte	0x7
 1038 05b3 25       		.byte	0x25
 1039 05b4 16       		.uleb128 0x16
 1040 05b5 57020000 		.4byte	.LASF95
 1041 05b9 57020000 		.4byte	.LASF95
 1042 05bd 07       		.byte	0x7
 1043 05be 26       		.byte	0x26
 1044 05bf 16       		.uleb128 0x16
 1045 05c0 8C010000 		.4byte	.LASF96
 1046 05c4 8C010000 		.4byte	.LASF96
 1047 05c8 08       		.byte	0x8
 1048 05c9 23       		.byte	0x23
 1049 05ca 16       		.uleb128 0x16
 1050 05cb 4F050000 		.4byte	.LASF97
 1051 05cf 4F050000 		.4byte	.LASF97
 1052 05d3 08       		.byte	0x8
 1053 05d4 5A       		.byte	0x5a
 1054 05d5 16       		.uleb128 0x16
 1055 05d6 35030000 		.4byte	.LASF98
 1056 05da 35030000 		.4byte	.LASF98
 1057 05de 01       		.byte	0x1
 1058 05df 29       		.byte	0x29
 1059 05e0 16       		.uleb128 0x16
 1060 05e1 F7060000 		.4byte	.LASF99
ARM GAS  C:\Users\Xwx47\AppData\Local\Temp\cceSWjoB.s 			page 22


 1061 05e5 F7060000 		.4byte	.LASF99
 1062 05e9 08       		.byte	0x8
 1063 05ea 3D       		.byte	0x3d
 1064 05eb 16       		.uleb128 0x16
 1065 05ec 68060000 		.4byte	.LASF100
 1066 05f0 68060000 		.4byte	.LASF100
 1067 05f4 08       		.byte	0x8
 1068 05f5 4E       		.byte	0x4e
 1069 05f6 16       		.uleb128 0x16
 1070 05f7 15080000 		.4byte	.LASF101
 1071 05fb 15080000 		.4byte	.LASF101
 1072 05ff 09       		.byte	0x9
 1073 0600 32       		.byte	0x32
 1074 0601 16       		.uleb128 0x16
 1075 0602 AD000000 		.4byte	.LASF102
 1076 0606 AD000000 		.4byte	.LASF102
 1077 060a 09       		.byte	0x9
 1078 060b 33       		.byte	0x33
 1079 060c 16       		.uleb128 0x16
 1080 060d C1070000 		.4byte	.LASF103
 1081 0611 C1070000 		.4byte	.LASF103
 1082 0615 08       		.byte	0x8
 1083 0616 4F       		.byte	0x4f
 1084 0617 16       		.uleb128 0x16
 1085 0618 23050000 		.4byte	.LASF104
 1086 061c 23050000 		.4byte	.LASF104
 1087 0620 08       		.byte	0x8
 1088 0621 69       		.byte	0x69
 1089 0622 16       		.uleb128 0x16
 1090 0623 77010000 		.4byte	.LASF105
 1091 0627 77010000 		.4byte	.LASF105
 1092 062b 08       		.byte	0x8
 1093 062c 58       		.byte	0x58
 1094 062d 16       		.uleb128 0x16
 1095 062e EA060000 		.4byte	.LASF106
 1096 0632 EA060000 		.4byte	.LASF106
 1097 0636 07       		.byte	0x7
 1098 0637 2A       		.byte	0x2a
 1099 0638 16       		.uleb128 0x16
 1100 0639 D0030000 		.4byte	.LASF107
 1101 063d D0030000 		.4byte	.LASF107
 1102 0641 08       		.byte	0x8
 1103 0642 51       		.byte	0x51
 1104 0643 16       		.uleb128 0x16
 1105 0644 0B050000 		.4byte	.LASF108
 1106 0648 0B050000 		.4byte	.LASF108
 1107 064c 0A       		.byte	0xa
 1108 064d E7       		.byte	0xe7
 1109 064e 00       		.byte	0
 1110              		.section	.debug_abbrev,"",%progbits
 1111              	.Ldebug_abbrev0:
 1112 0000 01       		.uleb128 0x1
 1113 0001 11       		.uleb128 0x11
 1114 0002 01       		.byte	0x1
 1115 0003 25       		.uleb128 0x25
 1116 0004 0E       		.uleb128 0xe
 1117 0005 13       		.uleb128 0x13
ARM GAS  C:\Users\Xwx47\AppData\Local\Temp\cceSWjoB.s 			page 23


 1118 0006 0B       		.uleb128 0xb
 1119 0007 03       		.uleb128 0x3
 1120 0008 0E       		.uleb128 0xe
 1121 0009 1B       		.uleb128 0x1b
 1122 000a 0E       		.uleb128 0xe
 1123 000b 55       		.uleb128 0x55
 1124 000c 17       		.uleb128 0x17
 1125 000d 11       		.uleb128 0x11
 1126 000e 01       		.uleb128 0x1
 1127 000f 10       		.uleb128 0x10
 1128 0010 17       		.uleb128 0x17
 1129 0011 00       		.byte	0
 1130 0012 00       		.byte	0
 1131 0013 02       		.uleb128 0x2
 1132 0014 24       		.uleb128 0x24
 1133 0015 00       		.byte	0
 1134 0016 0B       		.uleb128 0xb
 1135 0017 0B       		.uleb128 0xb
 1136 0018 3E       		.uleb128 0x3e
 1137 0019 0B       		.uleb128 0xb
 1138 001a 03       		.uleb128 0x3
 1139 001b 0E       		.uleb128 0xe
 1140 001c 00       		.byte	0
 1141 001d 00       		.byte	0
 1142 001e 03       		.uleb128 0x3
 1143 001f 16       		.uleb128 0x16
 1144 0020 00       		.byte	0
 1145 0021 03       		.uleb128 0x3
 1146 0022 0E       		.uleb128 0xe
 1147 0023 3A       		.uleb128 0x3a
 1148 0024 0B       		.uleb128 0xb
 1149 0025 3B       		.uleb128 0x3b
 1150 0026 0B       		.uleb128 0xb
 1151 0027 49       		.uleb128 0x49
 1152 0028 13       		.uleb128 0x13
 1153 0029 00       		.byte	0
 1154 002a 00       		.byte	0
 1155 002b 04       		.uleb128 0x4
 1156 002c 24       		.uleb128 0x24
 1157 002d 00       		.byte	0
 1158 002e 0B       		.uleb128 0xb
 1159 002f 0B       		.uleb128 0xb
 1160 0030 3E       		.uleb128 0x3e
 1161 0031 0B       		.uleb128 0xb
 1162 0032 03       		.uleb128 0x3
 1163 0033 08       		.uleb128 0x8
 1164 0034 00       		.byte	0
 1165 0035 00       		.byte	0
 1166 0036 05       		.uleb128 0x5
 1167 0037 04       		.uleb128 0x4
 1168 0038 01       		.byte	0x1
 1169 0039 0B       		.uleb128 0xb
 1170 003a 0B       		.uleb128 0xb
 1171 003b 49       		.uleb128 0x49
 1172 003c 13       		.uleb128 0x13
 1173 003d 3A       		.uleb128 0x3a
 1174 003e 0B       		.uleb128 0xb
ARM GAS  C:\Users\Xwx47\AppData\Local\Temp\cceSWjoB.s 			page 24


 1175 003f 3B       		.uleb128 0x3b
 1176 0040 0B       		.uleb128 0xb
 1177 0041 01       		.uleb128 0x1
 1178 0042 13       		.uleb128 0x13
 1179 0043 00       		.byte	0
 1180 0044 00       		.byte	0
 1181 0045 06       		.uleb128 0x6
 1182 0046 28       		.uleb128 0x28
 1183 0047 00       		.byte	0
 1184 0048 03       		.uleb128 0x3
 1185 0049 0E       		.uleb128 0xe
 1186 004a 1C       		.uleb128 0x1c
 1187 004b 0B       		.uleb128 0xb
 1188 004c 00       		.byte	0
 1189 004d 00       		.byte	0
 1190 004e 07       		.uleb128 0x7
 1191 004f 04       		.uleb128 0x4
 1192 0050 01       		.byte	0x1
 1193 0051 0B       		.uleb128 0xb
 1194 0052 0B       		.uleb128 0xb
 1195 0053 49       		.uleb128 0x49
 1196 0054 13       		.uleb128 0x13
 1197 0055 3A       		.uleb128 0x3a
 1198 0056 0B       		.uleb128 0xb
 1199 0057 3B       		.uleb128 0x3b
 1200 0058 05       		.uleb128 0x5
 1201 0059 01       		.uleb128 0x1
 1202 005a 13       		.uleb128 0x13
 1203 005b 00       		.byte	0
 1204 005c 00       		.byte	0
 1205 005d 08       		.uleb128 0x8
 1206 005e 2E       		.uleb128 0x2e
 1207 005f 01       		.byte	0x1
 1208 0060 3F       		.uleb128 0x3f
 1209 0061 19       		.uleb128 0x19
 1210 0062 03       		.uleb128 0x3
 1211 0063 0E       		.uleb128 0xe
 1212 0064 3A       		.uleb128 0x3a
 1213 0065 0B       		.uleb128 0xb
 1214 0066 3B       		.uleb128 0x3b
 1215 0067 0B       		.uleb128 0xb
 1216 0068 27       		.uleb128 0x27
 1217 0069 19       		.uleb128 0x19
 1218 006a 11       		.uleb128 0x11
 1219 006b 01       		.uleb128 0x1
 1220 006c 12       		.uleb128 0x12
 1221 006d 06       		.uleb128 0x6
 1222 006e 40       		.uleb128 0x40
 1223 006f 18       		.uleb128 0x18
 1224 0070 9742     		.uleb128 0x2117
 1225 0072 19       		.uleb128 0x19
 1226 0073 01       		.uleb128 0x1
 1227 0074 13       		.uleb128 0x13
 1228 0075 00       		.byte	0
 1229 0076 00       		.byte	0
 1230 0077 09       		.uleb128 0x9
 1231 0078 898201   		.uleb128 0x4109
ARM GAS  C:\Users\Xwx47\AppData\Local\Temp\cceSWjoB.s 			page 25


 1232 007b 00       		.byte	0
 1233 007c 11       		.uleb128 0x11
 1234 007d 01       		.uleb128 0x1
 1235 007e 31       		.uleb128 0x31
 1236 007f 13       		.uleb128 0x13
 1237 0080 00       		.byte	0
 1238 0081 00       		.byte	0
 1239 0082 0A       		.uleb128 0xa
 1240 0083 2E       		.uleb128 0x2e
 1241 0084 01       		.byte	0x1
 1242 0085 3F       		.uleb128 0x3f
 1243 0086 19       		.uleb128 0x19
 1244 0087 03       		.uleb128 0x3
 1245 0088 0E       		.uleb128 0xe
 1246 0089 3A       		.uleb128 0x3a
 1247 008a 0B       		.uleb128 0xb
 1248 008b 3B       		.uleb128 0x3b
 1249 008c 0B       		.uleb128 0xb
 1250 008d 27       		.uleb128 0x27
 1251 008e 19       		.uleb128 0x19
 1252 008f 49       		.uleb128 0x49
 1253 0090 13       		.uleb128 0x13
 1254 0091 8701     		.uleb128 0x87
 1255 0093 19       		.uleb128 0x19
 1256 0094 11       		.uleb128 0x11
 1257 0095 01       		.uleb128 0x1
 1258 0096 12       		.uleb128 0x12
 1259 0097 06       		.uleb128 0x6
 1260 0098 40       		.uleb128 0x40
 1261 0099 18       		.uleb128 0x18
 1262 009a 9742     		.uleb128 0x2117
 1263 009c 19       		.uleb128 0x19
 1264 009d 01       		.uleb128 0x1
 1265 009e 13       		.uleb128 0x13
 1266 009f 00       		.byte	0
 1267 00a0 00       		.byte	0
 1268 00a1 0B       		.uleb128 0xb
 1269 00a2 34       		.uleb128 0x34
 1270 00a3 00       		.byte	0
 1271 00a4 03       		.uleb128 0x3
 1272 00a5 0E       		.uleb128 0xe
 1273 00a6 3A       		.uleb128 0x3a
 1274 00a7 0B       		.uleb128 0xb
 1275 00a8 3B       		.uleb128 0x3b
 1276 00a9 0B       		.uleb128 0xb
 1277 00aa 49       		.uleb128 0x49
 1278 00ab 13       		.uleb128 0x13
 1279 00ac 02       		.uleb128 0x2
 1280 00ad 18       		.uleb128 0x18
 1281 00ae 00       		.byte	0
 1282 00af 00       		.byte	0
 1283 00b0 0C       		.uleb128 0xc
 1284 00b1 2E       		.uleb128 0x2e
 1285 00b2 01       		.byte	0x1
 1286 00b3 3F       		.uleb128 0x3f
 1287 00b4 19       		.uleb128 0x19
 1288 00b5 03       		.uleb128 0x3
ARM GAS  C:\Users\Xwx47\AppData\Local\Temp\cceSWjoB.s 			page 26


 1289 00b6 0E       		.uleb128 0xe
 1290 00b7 3A       		.uleb128 0x3a
 1291 00b8 0B       		.uleb128 0xb
 1292 00b9 3B       		.uleb128 0x3b
 1293 00ba 0B       		.uleb128 0xb
 1294 00bb 49       		.uleb128 0x49
 1295 00bc 13       		.uleb128 0x13
 1296 00bd 3C       		.uleb128 0x3c
 1297 00be 19       		.uleb128 0x19
 1298 00bf 01       		.uleb128 0x1
 1299 00c0 13       		.uleb128 0x13
 1300 00c1 00       		.byte	0
 1301 00c2 00       		.byte	0
 1302 00c3 0D       		.uleb128 0xd
 1303 00c4 18       		.uleb128 0x18
 1304 00c5 00       		.byte	0
 1305 00c6 00       		.byte	0
 1306 00c7 00       		.byte	0
 1307 00c8 0E       		.uleb128 0xe
 1308 00c9 898201   		.uleb128 0x4109
 1309 00cc 01       		.byte	0x1
 1310 00cd 11       		.uleb128 0x11
 1311 00ce 01       		.uleb128 0x1
 1312 00cf 31       		.uleb128 0x31
 1313 00d0 13       		.uleb128 0x13
 1314 00d1 01       		.uleb128 0x1
 1315 00d2 13       		.uleb128 0x13
 1316 00d3 00       		.byte	0
 1317 00d4 00       		.byte	0
 1318 00d5 0F       		.uleb128 0xf
 1319 00d6 8A8201   		.uleb128 0x410a
 1320 00d9 00       		.byte	0
 1321 00da 02       		.uleb128 0x2
 1322 00db 18       		.uleb128 0x18
 1323 00dc 9142     		.uleb128 0x2111
 1324 00de 18       		.uleb128 0x18
 1325 00df 00       		.byte	0
 1326 00e0 00       		.byte	0
 1327 00e1 10       		.uleb128 0x10
 1328 00e2 01       		.uleb128 0x1
 1329 00e3 01       		.byte	0x1
 1330 00e4 49       		.uleb128 0x49
 1331 00e5 13       		.uleb128 0x13
 1332 00e6 01       		.uleb128 0x1
 1333 00e7 13       		.uleb128 0x13
 1334 00e8 00       		.byte	0
 1335 00e9 00       		.byte	0
 1336 00ea 11       		.uleb128 0x11
 1337 00eb 21       		.uleb128 0x21
 1338 00ec 00       		.byte	0
 1339 00ed 49       		.uleb128 0x49
 1340 00ee 13       		.uleb128 0x13
 1341 00ef 2F       		.uleb128 0x2f
 1342 00f0 0B       		.uleb128 0xb
 1343 00f1 00       		.byte	0
 1344 00f2 00       		.byte	0
 1345 00f3 12       		.uleb128 0x12
ARM GAS  C:\Users\Xwx47\AppData\Local\Temp\cceSWjoB.s 			page 27


 1346 00f4 26       		.uleb128 0x26
 1347 00f5 00       		.byte	0
 1348 00f6 49       		.uleb128 0x49
 1349 00f7 13       		.uleb128 0x13
 1350 00f8 00       		.byte	0
 1351 00f9 00       		.byte	0
 1352 00fa 13       		.uleb128 0x13
 1353 00fb 34       		.uleb128 0x34
 1354 00fc 00       		.byte	0
 1355 00fd 03       		.uleb128 0x3
 1356 00fe 08       		.uleb128 0x8
 1357 00ff 3A       		.uleb128 0x3a
 1358 0100 0B       		.uleb128 0xb
 1359 0101 3B       		.uleb128 0x3b
 1360 0102 0B       		.uleb128 0xb
 1361 0103 49       		.uleb128 0x49
 1362 0104 13       		.uleb128 0x13
 1363 0105 02       		.uleb128 0x2
 1364 0106 17       		.uleb128 0x17
 1365 0107 00       		.byte	0
 1366 0108 00       		.byte	0
 1367 0109 14       		.uleb128 0x14
 1368 010a 34       		.uleb128 0x34
 1369 010b 00       		.byte	0
 1370 010c 03       		.uleb128 0x3
 1371 010d 0E       		.uleb128 0xe
 1372 010e 3A       		.uleb128 0x3a
 1373 010f 0B       		.uleb128 0xb
 1374 0110 3B       		.uleb128 0x3b
 1375 0111 0B       		.uleb128 0xb
 1376 0112 49       		.uleb128 0x49
 1377 0113 13       		.uleb128 0x13
 1378 0114 3F       		.uleb128 0x3f
 1379 0115 19       		.uleb128 0x19
 1380 0116 02       		.uleb128 0x2
 1381 0117 18       		.uleb128 0x18
 1382 0118 00       		.byte	0
 1383 0119 00       		.byte	0
 1384 011a 15       		.uleb128 0x15
 1385 011b 35       		.uleb128 0x35
 1386 011c 00       		.byte	0
 1387 011d 49       		.uleb128 0x49
 1388 011e 13       		.uleb128 0x13
 1389 011f 00       		.byte	0
 1390 0120 00       		.byte	0
 1391 0121 16       		.uleb128 0x16
 1392 0122 2E       		.uleb128 0x2e
 1393 0123 00       		.byte	0
 1394 0124 3F       		.uleb128 0x3f
 1395 0125 19       		.uleb128 0x19
 1396 0126 3C       		.uleb128 0x3c
 1397 0127 19       		.uleb128 0x19
 1398 0128 6E       		.uleb128 0x6e
 1399 0129 0E       		.uleb128 0xe
 1400 012a 03       		.uleb128 0x3
 1401 012b 0E       		.uleb128 0xe
 1402 012c 3A       		.uleb128 0x3a
ARM GAS  C:\Users\Xwx47\AppData\Local\Temp\cceSWjoB.s 			page 28


 1403 012d 0B       		.uleb128 0xb
 1404 012e 3B       		.uleb128 0x3b
 1405 012f 0B       		.uleb128 0xb
 1406 0130 00       		.byte	0
 1407 0131 00       		.byte	0
 1408 0132 17       		.uleb128 0x17
 1409 0133 2E       		.uleb128 0x2e
 1410 0134 00       		.byte	0
 1411 0135 3F       		.uleb128 0x3f
 1412 0136 19       		.uleb128 0x19
 1413 0137 3C       		.uleb128 0x3c
 1414 0138 19       		.uleb128 0x19
 1415 0139 6E       		.uleb128 0x6e
 1416 013a 0E       		.uleb128 0xe
 1417 013b 03       		.uleb128 0x3
 1418 013c 0E       		.uleb128 0xe
 1419 013d 00       		.byte	0
 1420 013e 00       		.byte	0
 1421 013f 00       		.byte	0
 1422              		.section	.debug_loc,"",%progbits
 1423              	.Ldebug_loc0:
 1424              	.LLST0:
 1425 0000 0A000000 		.4byte	.LVL23
 1426 0004 26000000 		.4byte	.LVL28
 1427 0008 0100     		.2byte	0x1
 1428 000a 54       		.byte	0x54
 1429 000b 00000000 		.4byte	0
 1430 000f 00000000 		.4byte	0
 1431              		.section	.debug_aranges,"",%progbits
 1432 0000 2C000000 		.4byte	0x2c
 1433 0004 0200     		.2byte	0x2
 1434 0006 00000000 		.4byte	.Ldebug_info0
 1435 000a 04       		.byte	0x4
 1436 000b 00       		.byte	0
 1437 000c 0000     		.2byte	0
 1438 000e 0000     		.2byte	0
 1439 0010 00000000 		.4byte	.LFB36
 1440 0014 14000000 		.4byte	.LFE36-.LFB36
 1441 0018 00000000 		.4byte	.LFB34
 1442 001c CC000000 		.4byte	.LFE34-.LFB34
 1443 0020 00000000 		.4byte	.LFB35
 1444 0024 30000000 		.4byte	.LFE35-.LFB35
 1445 0028 00000000 		.4byte	0
 1446 002c 00000000 		.4byte	0
 1447              		.section	.debug_ranges,"",%progbits
 1448              	.Ldebug_ranges0:
 1449 0000 00000000 		.4byte	.LFB36
 1450 0004 14000000 		.4byte	.LFE36
 1451 0008 00000000 		.4byte	.LFB34
 1452 000c CC000000 		.4byte	.LFE34
 1453 0010 00000000 		.4byte	.LFB35
 1454 0014 30000000 		.4byte	.LFE35
 1455 0018 00000000 		.4byte	0
 1456 001c 00000000 		.4byte	0
 1457              		.section	.debug_line,"",%progbits
 1458              	.Ldebug_line0:
 1459 0000 4B020000 		.section	.debug_str,"MS",%progbits,1
ARM GAS  C:\Users\Xwx47\AppData\Local\Temp\cceSWjoB.s 			page 29


 1459      0200EE01 
 1459      00000201 
 1459      FB0E0D00 
 1459      01010101 
 1460              	.LASF71:
 1461 0000 4E52465F 		.ascii	"NRF_FIFO_STATUS_BIT_TX_EMPTY\000"
 1461      4649464F 
 1461      5F535441 
 1461      5455535F 
 1461      4249545F 
 1462              	.LASF74:
 1463 001d 4E52465F 		.ascii	"NRF_DYNPD_BIT_DPL_P0\000"
 1463      44594E50 
 1463      445F4249 
 1463      545F4450 
 1463      4C5F5030 
 1464              	.LASF75:
 1465 0032 4E52465F 		.ascii	"NRF_DYNPD_BIT_DPL_P1\000"
 1465      44594E50 
 1465      445F4249 
 1465      545F4450 
 1465      4C5F5031 
 1466              	.LASF76:
 1467 0047 4E52465F 		.ascii	"NRF_DYNPD_BIT_DPL_P2\000"
 1467      44594E50 
 1467      445F4249 
 1467      545F4450 
 1467      4C5F5032 
 1468              	.LASF77:
 1469 005c 4E52465F 		.ascii	"NRF_DYNPD_BIT_DPL_P3\000"
 1469      44594E50 
 1469      445F4249 
 1469      545F4450 
 1469      4C5F5033 
 1470              	.LASF22:
 1471 0071 4E52465F 		.ascii	"NRF_REG_RF_SETUP\000"
 1471      5245475F 
 1471      52465F53 
 1471      45545550 
 1471      00
 1472              	.LASF79:
 1473 0082 4E52465F 		.ascii	"NRF_DYNPD_BIT_DPL_P5\000"
 1473      44594E50 
 1473      445F4249 
 1473      545F4450 
 1473      4C5F5035 
 1474              	.LASF51:
 1475 0097 4E52465F 		.ascii	"NRF_CONFIG_BIT_EN_CRC\000"
 1475      434F4E46 
 1475      49475F42 
 1475      49545F45 
 1475      4E5F4352 
 1476              	.LASF102:
 1477 00ad 4C45445F 		.ascii	"LED_Write\000"
 1477      57726974 
 1477      6500
 1478              	.LASF18:
ARM GAS  C:\Users\Xwx47\AppData\Local\Temp\cceSWjoB.s 			page 30


 1479 00b7 4E52465F 		.ascii	"NRF_REG_EN_RXADDR\000"
 1479      5245475F 
 1479      454E5F52 
 1479      58414444 
 1479      5200
 1480              	.LASF24:
 1481 00c9 4E52465F 		.ascii	"NRF_REG_OBSERVE_TX\000"
 1481      5245475F 
 1481      4F425345 
 1481      5256455F 
 1481      545800
 1482              	.LASF15:
 1483 00dc 73697A65 		.ascii	"sizetype\000"
 1483      74797065 
 1483      00
 1484              	.LASF109:
 1485 00e5 474E5520 		.ascii	"GNU C11 5.4.1 20160609 (release) [ARM/embedded-5-br"
 1485      43313120 
 1485      352E342E 
 1485      31203230 
 1485      31363036 
 1486 0118 616E6368 		.ascii	"anch revision 237715] -mcpu=cortex-m0plus -mthumb -"
 1486      20726576 
 1486      6973696F 
 1486      6E203233 
 1486      37373135 
 1487 014b 67202D4F 		.ascii	"g -Og -ffunction-sections -ffat-lto-objects\000"
 1487      67202D66 
 1487      66756E63 
 1487      74696F6E 
 1487      2D736563 
 1488              	.LASF105:
 1489 0177 6E524632 		.ascii	"nRF24_get_rx_payload\000"
 1489      345F6765 
 1489      745F7278 
 1489      5F706179 
 1489      6C6F6164 
 1490              	.LASF96:
 1491 018c 6E524632 		.ascii	"nRF24_start\000"
 1491      345F7374 
 1491      61727400 
 1492              	.LASF112:
 1493 0198 6D61696E 		.ascii	"main\000"
 1493      00
 1494              	.LASF113:
 1495 019d 6D656D63 		.ascii	"memcpy\000"
 1495      707900
 1496              	.LASF90:
 1497 01a4 6972715F 		.ascii	"irq_flag\000"
 1497      666C6167 
 1497      00
 1498              	.LASF32:
 1499 01ad 4E52465F 		.ascii	"NRF_REG_TX_ADDR\000"
 1499      5245475F 
 1499      54585F41 
 1499      44445200 
 1500              	.LASF53:
ARM GAS  C:\Users\Xwx47\AppData\Local\Temp\cceSWjoB.s 			page 31


 1501 01bd 4E52465F 		.ascii	"NRF_CONFIG_BIT_MASK_TX_DS\000"
 1501      434F4E46 
 1501      49475F42 
 1501      49545F4D 
 1501      41534B5F 
 1502              	.LASF83:
 1503 01d7 52585F41 		.ascii	"RX_ADDR\000"
 1503      44445200 
 1504              	.LASF39:
 1505 01df 4E52465F 		.ascii	"NRF_REG_FIFO_STATUS\000"
 1505      5245475F 
 1505      4649464F 
 1505      5F535441 
 1505      54555300 
 1506              	.LASF33:
 1507 01f3 4E52465F 		.ascii	"NRF_REG_RX_PW_P0\000"
 1507      5245475F 
 1507      52585F50 
 1507      575F5030 
 1507      00
 1508              	.LASF34:
 1509 0204 4E52465F 		.ascii	"NRF_REG_RX_PW_P1\000"
 1509      5245475F 
 1509      52585F50 
 1509      575F5031 
 1509      00
 1510              	.LASF35:
 1511 0215 4E52465F 		.ascii	"NRF_REG_RX_PW_P2\000"
 1511      5245475F 
 1511      52585F50 
 1511      575F5032 
 1511      00
 1512              	.LASF2:
 1513 0226 73686F72 		.ascii	"short int\000"
 1513      7420696E 
 1513      7400
 1514              	.LASF37:
 1515 0230 4E52465F 		.ascii	"NRF_REG_RX_PW_P4\000"
 1515      5245475F 
 1515      52585F50 
 1515      575F5034 
 1515      00
 1516              	.LASF49:
 1517 0241 4E52465F 		.ascii	"NRF_CONFIG_BIT_PWR_UP\000"
 1517      434F4E46 
 1517      49475F42 
 1517      49545F50 
 1517      57525F55 
 1518              	.LASF95:
 1519 0257 55415254 		.ascii	"UART_PutString\000"
 1519      5F507574 
 1519      53747269 
 1519      6E6700
 1520              	.LASF17:
 1521 0266 4E52465F 		.ascii	"NRF_REG_EN_AA\000"
 1521      5245475F 
 1521      454E5F41 
ARM GAS  C:\Users\Xwx47\AppData\Local\Temp\cceSWjoB.s 			page 32


 1521      4100
 1522              	.LASF10:
 1523 0274 75696E74 		.ascii	"uint8_t\000"
 1523      385F7400 
 1524              	.LASF23:
 1525 027c 4E52465F 		.ascii	"NRF_REG_STATUS\000"
 1525      5245475F 
 1525      53544154 
 1525      555300
 1526              	.LASF55:
 1527 028b 4E52465F 		.ascii	"NRF_EN_AA_BIT_ENAA_P0\000"
 1527      454E5F41 
 1527      415F4249 
 1527      545F454E 
 1527      41415F50 
 1528              	.LASF56:
 1529 02a1 4E52465F 		.ascii	"NRF_EN_AA_BIT_ENAA_P1\000"
 1529      454E5F41 
 1529      415F4249 
 1529      545F454E 
 1529      41415F50 
 1530              	.LASF57:
 1531 02b7 4E52465F 		.ascii	"NRF_EN_AA_BIT_ENAA_P2\000"
 1531      454E5F41 
 1531      415F4249 
 1531      545F454E 
 1531      41415F50 
 1532              	.LASF58:
 1533 02cd 4E52465F 		.ascii	"NRF_EN_AA_BIT_ENAA_P3\000"
 1533      454E5F41 
 1533      415F4249 
 1533      545F454E 
 1533      41415F50 
 1534              	.LASF59:
 1535 02e3 4E52465F 		.ascii	"NRF_EN_AA_BIT_ENAA_P4\000"
 1535      454E5F41 
 1535      415F4249 
 1535      545F454E 
 1535      41415F50 
 1536              	.LASF60:
 1537 02f9 4E52465F 		.ascii	"NRF_EN_AA_BIT_ENAA_P5\000"
 1537      454E5F41 
 1537      415F4249 
 1537      545F454E 
 1537      41415F50 
 1538              	.LASF46:
 1539 030f 4E52465F 		.ascii	"NRF_PIPE4\000"
 1539      50495045 
 1539      3400
 1540              	.LASF47:
 1541 0319 4E52465F 		.ascii	"NRF_PIPE5\000"
 1541      50495045 
 1541      3500
 1542              	.LASF0:
 1543 0323 7369676E 		.ascii	"signed char\000"
 1543      65642063 
 1543      68617200 
ARM GAS  C:\Users\Xwx47\AppData\Local\Temp\cceSWjoB.s 			page 33


 1544              	.LASF11:
 1545 032f 666C6F61 		.ascii	"float\000"
 1545      7400
 1546              	.LASF98:
 1547 0335 6E524632 		.ascii	"nRF24_set_rx_pipe_0_address\000"
 1547      345F7365 
 1547      745F7278 
 1547      5F706970 
 1547      655F305F 
 1548              	.LASF6:
 1549 0351 6C6F6E67 		.ascii	"long long int\000"
 1549      206C6F6E 
 1549      6720696E 
 1549      7400
 1550              	.LASF40:
 1551 035f 4E52465F 		.ascii	"NRF_REG_DYNPD\000"
 1551      5245475F 
 1551      44594E50 
 1551      4400
 1552              	.LASF64:
 1553 036d 4E52465F 		.ascii	"NRF_EN_RXADDR_BIT_ERX_P3\000"
 1553      454E5F52 
 1553      58414444 
 1553      525F4249 
 1553      545F4552 
 1554              	.LASF4:
 1555 0386 6C6F6E67 		.ascii	"long int\000"
 1555      20696E74 
 1555      00
 1556              	.LASF25:
 1557 038f 4E52465F 		.ascii	"NRF_REG_RPD\000"
 1557      5245475F 
 1557      52504400 
 1558              	.LASF81:
 1559 039b 4E52465F 		.ascii	"NRF_FEATURE_BIT_EN_ACK_PAY\000"
 1559      46454154 
 1559      5552455F 
 1559      4249545F 
 1559      454E5F41 
 1560              	.LASF54:
 1561 03b6 4E52465F 		.ascii	"NRF_CONFIG_BIT_MASK_RX_DR\000"
 1561      434F4E46 
 1561      49475F42 
 1561      49545F4D 
 1561      41534B5F 
 1562              	.LASF107:
 1563 03d0 6E524632 		.ascii	"nRF24_get_status\000"
 1563      345F6765 
 1563      745F7374 
 1563      61747573 
 1563      00
 1564              	.LASF9:
 1565 03e1 5F5F7569 		.ascii	"__uint8_t\000"
 1565      6E74385F 
 1565      7400
 1566              	.LASF61:
 1567 03eb 4E52465F 		.ascii	"NRF_EN_RXADDR_BIT_ERX_P0\000"
ARM GAS  C:\Users\Xwx47\AppData\Local\Temp\cceSWjoB.s 			page 34


 1567      454E5F52 
 1567      58414444 
 1567      525F4249 
 1567      545F4552 
 1568              	.LASF62:
 1569 0404 4E52465F 		.ascii	"NRF_EN_RXADDR_BIT_ERX_P1\000"
 1569      454E5F52 
 1569      58414444 
 1569      525F4249 
 1569      545F4552 
 1570              	.LASF63:
 1571 041d 4E52465F 		.ascii	"NRF_EN_RXADDR_BIT_ERX_P2\000"
 1571      454E5F52 
 1571      58414444 
 1571      525F4249 
 1571      545F4552 
 1572              	.LASF1:
 1573 0436 756E7369 		.ascii	"unsigned char\000"
 1573      676E6564 
 1573      20636861 
 1573      7200
 1574              	.LASF65:
 1575 0444 4E52465F 		.ascii	"NRF_EN_RXADDR_BIT_ERX_P4\000"
 1575      454E5F52 
 1575      58414444 
 1575      525F4249 
 1575      545F4552 
 1576              	.LASF66:
 1577 045d 4E52465F 		.ascii	"NRF_EN_RXADDR_BIT_ERX_P5\000"
 1577      454E5F52 
 1577      58414444 
 1577      525F4249 
 1577      545F4552 
 1578              	.LASF14:
 1579 0476 6C6F6E67 		.ascii	"long double\000"
 1579      20646F75 
 1579      626C6500 
 1580              	.LASF26:
 1581 0482 4E52465F 		.ascii	"NRF_REG_RX_ADDR_P0\000"
 1581      5245475F 
 1581      52585F41 
 1581      4444525F 
 1581      503000
 1582              	.LASF27:
 1583 0495 4E52465F 		.ascii	"NRF_REG_RX_ADDR_P1\000"
 1583      5245475F 
 1583      52585F41 
 1583      4444525F 
 1583      503100
 1584              	.LASF28:
 1585 04a8 4E52465F 		.ascii	"NRF_REG_RX_ADDR_P2\000"
 1585      5245475F 
 1585      52585F41 
 1585      4444525F 
 1585      503200
 1586              	.LASF29:
 1587 04bb 4E52465F 		.ascii	"NRF_REG_RX_ADDR_P3\000"
ARM GAS  C:\Users\Xwx47\AppData\Local\Temp\cceSWjoB.s 			page 35


 1587      5245475F 
 1587      52585F41 
 1587      4444525F 
 1587      503300
 1588              	.LASF30:
 1589 04ce 4E52465F 		.ascii	"NRF_REG_RX_ADDR_P4\000"
 1589      5245475F 
 1589      52585F41 
 1589      4444525F 
 1589      503400
 1590              	.LASF31:
 1591 04e1 4E52465F 		.ascii	"NRF_REG_RX_ADDR_P5\000"
 1591      5245475F 
 1591      52585F41 
 1591      4444525F 
 1591      503500
 1592              	.LASF82:
 1593 04f4 4E52465F 		.ascii	"NRF_FEATURE_BIT_EN_DPL\000"
 1593      46454154 
 1593      5552455F 
 1593      4249545F 
 1593      454E5F44 
 1594              	.LASF108:
 1595 050b 73707269 		.ascii	"sprintf\000"
 1595      6E746600 
 1596              	.LASF41:
 1597 0513 4E52465F 		.ascii	"NRF_REG_FEATURE\000"
 1597      5245475F 
 1597      46454154 
 1597      55524500 
 1598              	.LASF104:
 1599 0523 6E524632 		.ascii	"nRF24_clear_all_irqs\000"
 1599      345F636C 
 1599      6561725F 
 1599      616C6C5F 
 1599      69727173 
 1600              	.LASF7:
 1601 0538 6C6F6E67 		.ascii	"long long unsigned int\000"
 1601      206C6F6E 
 1601      6720756E 
 1601      7369676E 
 1601      65642069 
 1602              	.LASF97:
 1603 054f 6E524632 		.ascii	"nRF24_rx_write_payload\000"
 1603      345F7278 
 1603      5F777269 
 1603      74655F70 
 1603      61796C6F 
 1604              	.LASF78:
 1605 0566 4E52465F 		.ascii	"NRF_DYNPD_BIT_DPL_P4\000"
 1605      44594E50 
 1605      445F4249 
 1605      545F4450 
 1605      4C5F5034 
 1606              	.LASF8:
 1607 057b 756E7369 		.ascii	"unsigned int\000"
 1607      676E6564 
ARM GAS  C:\Users\Xwx47\AppData\Local\Temp\cceSWjoB.s 			page 36


 1607      20696E74 
 1607      00
 1608              	.LASF111:
 1609 0588 433A5C55 		.ascii	"C:\\Users\\Xwx47\\Documents\\Creator\\nRF24_Example"
 1609      73657273 
 1609      5C587778 
 1609      34375C44 
 1609      6F63756D 
 1610 05b6 5F50726F 		.ascii	"_Projects\\01_Echo_Rx_P4S.cydsn\000"
 1610      6A656374 
 1610      735C3031 
 1610      5F456368 
 1610      6F5F5278 
 1611              	.LASF73:
 1612 05d5 4E52465F 		.ascii	"NRF_FIFO_STATUS_BIT_TX_REUSE\000"
 1612      4649464F 
 1612      5F535441 
 1612      5455535F 
 1612      4249545F 
 1613              	.LASF52:
 1614 05f2 4E52465F 		.ascii	"NRF_CONFIG_BIT_MASK_MAX_RT\000"
 1614      434F4E46 
 1614      49475F42 
 1614      49545F4D 
 1614      41534B5F 
 1615              	.LASF5:
 1616 060d 6C6F6E67 		.ascii	"long unsigned int\000"
 1616      20756E73 
 1616      69676E65 
 1616      6420696E 
 1616      7400
 1617              	.LASF67:
 1618 061f 4E52465F 		.ascii	"NRF_SETUP_RETR_BIT_ARC\000"
 1618      53455455 
 1618      505F5245 
 1618      54525F42 
 1618      49545F41 
 1619              	.LASF68:
 1620 0636 4E52465F 		.ascii	"NRF_SETUP_RETR_BIT_ARD\000"
 1620      53455455 
 1620      505F5245 
 1620      54525F42 
 1620      49545F41 
 1621              	.LASF80:
 1622 064d 4E52465F 		.ascii	"NRF_FEATURE_BIT_EN_DYN_ACK\000"
 1622      46454154 
 1622      5552455F 
 1622      4249545F 
 1622      454E5F44 
 1623              	.LASF100:
 1624 0668 6E524632 		.ascii	"nRF24_start_listening\000"
 1624      345F7374 
 1624      6172745F 
 1624      6C697374 
 1624      656E696E 
 1625              	.LASF13:
 1626 067e 63686172 		.ascii	"char\000"
ARM GAS  C:\Users\Xwx47\AppData\Local\Temp\cceSWjoB.s 			page 37


 1626      00
 1627              	.LASF93:
 1628 0683 55415254 		.ascii	"UART_Start\000"
 1628      5F537461 
 1628      727400
 1629              	.LASF3:
 1630 068e 73686F72 		.ascii	"short unsigned int\000"
 1630      7420756E 
 1630      7369676E 
 1630      65642069 
 1630      6E7400
 1631              	.LASF89:
 1632 06a1 5F426F6F 		.ascii	"_Bool\000"
 1632      6C00
 1633              	.LASF92:
 1634 06a7 6973725F 		.ascii	"isr_IRQ_StartEx\000"
 1634      4952515F 
 1634      53746172 
 1634      74457800 
 1635              	.LASF91:
 1636 06b7 4952515F 		.ascii	"IRQ_ClearInterrupt\000"
 1636      436C6561 
 1636      72496E74 
 1636      65727275 
 1636      707400
 1637              	.LASF84:
 1638 06ca 64617461 		.ascii	"data\000"
 1638      00
 1639              	.LASF50:
 1640 06cf 4E52465F 		.ascii	"NRF_CONFIG_BIT_CRCO\000"
 1640      434F4E46 
 1640      49475F42 
 1640      49545F43 
 1640      52434F00 
 1641              	.LASF110:
 1642 06e3 6D61696E 		.ascii	"main.c\000"
 1642      2E6300
 1643              	.LASF106:
 1644 06ea 55415254 		.ascii	"UART_PutCRLF\000"
 1644      5F507574 
 1644      43524C46 
 1644      00
 1645              	.LASF99:
 1646 06f7 6E524632 		.ascii	"nRF24_set_tx_address\000"
 1646      345F7365 
 1646      745F7478 
 1646      5F616464 
 1646      72657373 
 1647              	.LASF12:
 1648 070c 646F7562 		.ascii	"double\000"
 1648      6C6500
 1649              	.LASF42:
 1650 0713 4E52465F 		.ascii	"NRF_PIPE0\000"
 1650      50495045 
 1650      3000
 1651              	.LASF48:
 1652 071d 4E52465F 		.ascii	"NRF_CONFIG_BIT_PRIM_RX\000"
ARM GAS  C:\Users\Xwx47\AppData\Local\Temp\cceSWjoB.s 			page 38


 1652      434F4E46 
 1652      49475F42 
 1652      49545F50 
 1652      52494D5F 
 1653              	.LASF43:
 1654 0734 4E52465F 		.ascii	"NRF_PIPE1\000"
 1654      50495045 
 1654      3100
 1655              	.LASF44:
 1656 073e 4E52465F 		.ascii	"NRF_PIPE2\000"
 1656      50495045 
 1656      3200
 1657              	.LASF45:
 1658 0748 4E52465F 		.ascii	"NRF_PIPE3\000"
 1658      50495045 
 1658      3300
 1659              	.LASF69:
 1660 0752 4E52465F 		.ascii	"NRF_FIFO_STATUS_BIT_RX_EMPTY\000"
 1660      4649464F 
 1660      5F535441 
 1660      5455535F 
 1660      4249545F 
 1661              	.LASF85:
 1662 076f 636F756E 		.ascii	"count\000"
 1662      7400
 1663              	.LASF16:
 1664 0775 4E52465F 		.ascii	"NRF_REG_CONFIG\000"
 1664      5245475F 
 1664      434F4E46 
 1664      494700
 1665              	.LASF21:
 1666 0784 4E52465F 		.ascii	"NRF_REG_RF_CH\000"
 1666      5245475F 
 1666      52465F43 
 1666      4800
 1667              	.LASF70:
 1668 0792 4E52465F 		.ascii	"NRF_FIFO_STATUS_BIT_RX_FULL\000"
 1668      4649464F 
 1668      5F535441 
 1668      5455535F 
 1668      4249545F 
 1669              	.LASF20:
 1670 07ae 4E52465F 		.ascii	"NRF_REG_SETUP_RETR\000"
 1670      5245475F 
 1670      53455455 
 1670      505F5245 
 1670      545200
 1671              	.LASF103:
 1672 07c1 6E524632 		.ascii	"nRF24_stop_listening\000"
 1672      345F7374 
 1672      6F705F6C 
 1672      69737465 
 1672      6E696E67 
 1673              	.LASF19:
 1674 07d6 4E52465F 		.ascii	"NRF_REG_SETUP_AW\000"
 1674      5245475F 
 1674      53455455 
ARM GAS  C:\Users\Xwx47\AppData\Local\Temp\cceSWjoB.s 			page 39


 1674      505F4157 
 1674      00
 1675              	.LASF86:
 1676 07e7 4952515F 		.ascii	"IRQ_Handler\000"
 1676      48616E64 
 1676      6C657200 
 1677              	.LASF88:
 1678 07f3 61727261 		.ascii	"array\000"
 1678      7900
 1679              	.LASF72:
 1680 07f9 4E52465F 		.ascii	"NRF_FIFO_STATUS_BIT_TX_FULL\000"
 1680      4649464F 
 1680      5F535441 
 1680      5455535F 
 1680      4249545F 
 1681              	.LASF101:
 1682 0815 4C45445F 		.ascii	"LED_Read\000"
 1682      52656164 
 1682      00
 1683              	.LASF87:
 1684 081e 7072696E 		.ascii	"print_status\000"
 1684      745F7374 
 1684      61747573 
 1684      00
 1685              	.LASF36:
 1686 082b 4E52465F 		.ascii	"NRF_REG_RX_PW_P3\000"
 1686      5245475F 
 1686      52585F50 
 1686      575F5033 
 1686      00
 1687              	.LASF38:
 1688 083c 4E52465F 		.ascii	"NRF_REG_RX_PW_P5\000"
 1688      5245475F 
 1688      52585F50 
 1688      575F5035 
 1688      00
 1689              	.LASF94:
 1690 084d 55415254 		.ascii	"UART_PutChar\000"
 1690      5F507574 
 1690      43686172 
 1690      00
 1691              		.ident	"GCC: (GNU Tools for ARM Embedded Processors) 5.4.1 20160609 (release) [ARM/embedded-5-bran
