ARM GAS  C:\Users\Xwx47\AppData\Local\Temp\cciT7yXG.s 			page 1


   1              		.syntax unified
   2              		.cpu cortex-m0plus
   3              		.fpu softvfp
   4              		.eabi_attribute 20, 1
   5              		.eabi_attribute 21, 1
   6              		.eabi_attribute 23, 3
   7              		.eabi_attribute 24, 1
   8              		.eabi_attribute 25, 1
   9              		.eabi_attribute 26, 1
  10              		.eabi_attribute 30, 1
  11              		.eabi_attribute 34, 0
  12              		.eabi_attribute 18, 4
  13              		.thumb
  14              		.syntax unified
  15              		.file	"main.c"
  16              		.text
  17              	.Ltext0:
  18              		.cfi_sections	.debug_frame
  19              		.section	.text.IRQ_Handler,"ax",%progbits
  20              		.align	2
  21              		.global	IRQ_Handler
  22              		.code	16
  23              		.thumb_func
  24              		.type	IRQ_Handler, %function
  25              	IRQ_Handler:
  26              	.LFB33:
  27              		.file 1 "main.c"
   1:main.c        **** /*
   2:main.c        ****  * 02_EnhancedShockBurst_Tx
   3:main.c        ****  *
   4:main.c        ****  * Configuration based on Appendix A of the nRF24 datasheet.
   5:main.c        ****  *
   6:main.c        ****  * 1. Set PRIM_RX high, all data pipes that receive data must be enabled (EN_RXADDR),
   7:main.c        ****  *    enable auto ack for all pipes running EN_AA, and set the correct payload widths
   8:main.c        ****  *    (RX_PW_Px). Set up addresses.
   9:main.c        ****  * 2. Start Active Rx mode by setting CE high.
  10:main.c        ****  * 3. After 130us nRF24 monitors the air for incomming communication.
  11:main.c        ****  * 4. When a valid packet is received, the payload is stored in the RX FIFO, and
  12:main.c        ****  *    the RX_DR bit in STATUS register is set high. RX_P_NO in STATUS register
  13:main.c        ****  *    indicates what data pipe the payload has been received in.
  14:main.c        ****  * 5. If auto-ack is enabled, an ACK packet is transmitted back, unless the NO_ACK
  15:main.c        ****  *    bit is set in the received packet. If there is a payload in the TX_PLD FIFO,
  16:main.c        ****  *    this payload is added to the ACK packet.
  17:main.c        ****  * 6. MCU sets the CE pin low to enter standby-I mode
  18:main.c        ****  * 7. MCU can clock out the payload data at a suitable rate through the SPI.
  19:main.c        ****  * 8. nRF24 is now ready for entering TX or RX mode or power down mode.
  20:main.c        ****  */
  21:main.c        **** 
  22:main.c        **** #include "project.h"
  23:main.c        **** #include <stdbool.h>
  24:main.c        **** 
  25:main.c        **** volatile bool irq_flag = false;
  26:main.c        **** 
  27:main.c        **** // here we will store the received data
  28:main.c        **** unsigned char data;
  29:main.c        **** 
  30:main.c        **** // Executed when the IRQ pin triggers an interrupt
ARM GAS  C:\Users\Xwx47\AppData\Local\Temp\cciT7yXG.s 			page 2


  31:main.c        **** CY_ISR(IRQ_Handler)
  32:main.c        **** {
  28              		.loc 1 32 0
  29              		.cfi_startproc
  30              		@ args = 0, pretend = 0, frame = 0
  31              		@ frame_needed = 0, uses_anonymous_args = 0
  32 0000 10B5     		push	{r4, lr}
  33              		.cfi_def_cfa_offset 8
  34              		.cfi_offset 4, -8
  35              		.cfi_offset 14, -4
  33:main.c        ****     irq_flag = true;
  36              		.loc 1 33 0
  37 0002 0122     		movs	r2, #1
  38 0004 024B     		ldr	r3, .L2
  39 0006 1A70     		strb	r2, [r3]
  34:main.c        ****     IRQ_ClearInterrupt();
  40              		.loc 1 34 0
  41 0008 FFF7FEFF 		bl	IRQ_ClearInterrupt
  42              	.LVL0:
  35:main.c        **** }
  43              		.loc 1 35 0
  44              		@ sp needed
  45 000c 10BD     		pop	{r4, pc}
  46              	.L3:
  47 000e C046     		.align	2
  48              	.L2:
  49 0010 00000000 		.word	.LANCHOR0
  50              		.cfi_endproc
  51              	.LFE33:
  52              		.size	IRQ_Handler, .-IRQ_Handler
  53              		.section	.text.main,"ax",%progbits
  54              		.align	2
  55              		.global	main
  56              		.code	16
  57              		.thumb_func
  58              		.type	main, %function
  59              	main:
  60              	.LFB34:
  36:main.c        **** 
  37:main.c        **** int main(void)
  38:main.c        **** {
  61              		.loc 1 38 0
  62              		.cfi_startproc
  63              		@ args = 0, pretend = 0, frame = 8
  64              		@ frame_needed = 0, uses_anonymous_args = 0
  65 0000 10B5     		push	{r4, lr}
  66              		.cfi_def_cfa_offset 8
  67              		.cfi_offset 4, -8
  68              		.cfi_offset 14, -4
  69 0002 82B0     		sub	sp, sp, #8
  70              		.cfi_def_cfa_offset 16
  39:main.c        ****     CyGlobalIntEnable;
  71              		.loc 1 39 0
  72              		.syntax divided
  73              	@ 39 "main.c" 1
  74 0004 62B6     		CPSIE   i
  75              	@ 0 "" 2
ARM GAS  C:\Users\Xwx47\AppData\Local\Temp\cciT7yXG.s 			page 3


  40:main.c        ****     
  41:main.c        ****     const uint8_t RX_ADDR[5]= {0xBA, 0xAD, 0xC0, 0xFF, 0xEE};
  76              		.loc 1 41 0
  77              		.thumb
  78              		.syntax unified
  79 0006 0522     		movs	r2, #5
  80 0008 1C49     		ldr	r1, .L7
  81 000a 6846     		mov	r0, sp
  82 000c FFF7FEFF 		bl	memcpy
  83              	.LVL1:
  42:main.c        ****     
  43:main.c        ****     // Set the Handler for the IRQ interrupt
  44:main.c        ****     isr_IRQ_StartEx(IRQ_Handler);
  84              		.loc 1 44 0
  85 0010 1B48     		ldr	r0, .L7+4
  86 0012 FFF7FEFF 		bl	isr_IRQ_StartEx
  87              	.LVL2:
  45:main.c        ****     
  46:main.c        ****     UART_Start();
  88              		.loc 1 46 0
  89 0016 FFF7FEFF 		bl	UART_Start
  90              	.LVL3:
  47:main.c        ****     UART_PutChar(0x0c);
  91              		.loc 1 47 0
  92 001a 0C20     		movs	r0, #12
  93 001c FFF7FEFF 		bl	UART_PutChar
  94              	.LVL4:
  48:main.c        ****     UART_PutString("Basic project, Rx\r\n");
  95              		.loc 1 48 0
  96 0020 1848     		ldr	r0, .L7+8
  97 0022 FFF7FEFF 		bl	UART_PutString
  98              	.LVL5:
  49:main.c        ****     
  50:main.c        ****     nRF24_start();
  99              		.loc 1 50 0
 100 0026 FFF7FEFF 		bl	nRF24_start
 101              	.LVL6:
  51:main.c        ****     nRF24_set_rx_pipe_address(NRF_ADDR_PIPE0, RX_ADDR, 5);
 102              		.loc 1 51 0
 103 002a 0522     		movs	r2, #5
 104 002c 6946     		mov	r1, sp
 105 002e 0A20     		movs	r0, #10
 106 0030 FFF7FEFF 		bl	nRF24_set_rx_pipe_address
 107              	.LVL7:
  52:main.c        ****     nRF24_set_tx_address(RX_ADDR, 5);
 108              		.loc 1 52 0
 109 0034 0521     		movs	r1, #5
 110 0036 6846     		mov	r0, sp
 111 0038 FFF7FEFF 		bl	nRF24_set_tx_address
 112              	.LVL8:
  53:main.c        ****     nRF24_start_listening();
 113              		.loc 1 53 0
 114 003c FFF7FEFF 		bl	nRF24_start_listening
 115              	.LVL9:
 116              	.L5:
  54:main.c        ****     
  55:main.c        ****     while (1) {
ARM GAS  C:\Users\Xwx47\AppData\Local\Temp\cciT7yXG.s 			page 4


  56:main.c        ****         
  57:main.c        ****         if (true == irq_flag) {
 117              		.loc 1 57 0
 118 0040 114B     		ldr	r3, .L7+12
 119 0042 1B78     		ldrb	r3, [r3]
 120 0044 002B     		cmp	r3, #0
 121 0046 FBD0     		beq	.L5
 122              	.LBB2:
  58:main.c        ****             
  59:main.c        ****             // Get and clear the flag that caused the IRQ interrupt,
  60:main.c        ****             // in this project the only IRQ cause is the caused by
  61:main.c        ****             // receiving data (NRF_STATUS_RX_DR_MASK)
  62:main.c        ****             nrf_irq flag = nRF24_get_irq_flag();
 123              		.loc 1 62 0
 124 0048 FFF7FEFF 		bl	nRF24_get_irq_flag
 125              	.LVL10:
  63:main.c        ****             nRF24_clear_irq_flag(flag);
 126              		.loc 1 63 0
 127 004c FFF7FEFF 		bl	nRF24_clear_irq_flag
 128              	.LVL11:
  64:main.c        ****             
  65:main.c        ****             LED_Write(~LED_Read());
 129              		.loc 1 65 0
 130 0050 FFF7FEFF 		bl	LED_Read
 131              	.LVL12:
 132 0054 C043     		mvns	r0, r0
 133 0056 C0B2     		uxtb	r0, r0
 134 0058 FFF7FEFF 		bl	LED_Write
 135              	.LVL13:
  66:main.c        ****             
  67:main.c        ****             // How many bytes are in the pipe0 (data received)?
  68:main.c        ****             uint8_t payload_size = nRF24_get_payload_size(NRF_PLD_SIZE_PIPE0);
 136              		.loc 1 68 0
 137 005c 1120     		movs	r0, #17
 138 005e FFF7FEFF 		bl	nRF24_get_payload_size
 139              	.LVL14:
 140 0062 0100     		movs	r1, r0
 141              	.LVL15:
  69:main.c        ****             
  70:main.c        ****             // get the data from the transmitter
  71:main.c        ****             nRF24_get_rx_payload(&data, payload_size);
 142              		.loc 1 71 0
 143 0064 094C     		ldr	r4, .L7+16
 144 0066 2000     		movs	r0, r4
 145 0068 FFF7FEFF 		bl	nRF24_get_rx_payload
 146              	.LVL16:
  72:main.c        ****             
  73:main.c        ****             // send data via UART
  74:main.c        ****             UART_PutChar(data);
 147              		.loc 1 74 0
 148 006c 2078     		ldrb	r0, [r4]
 149 006e FFF7FEFF 		bl	UART_PutChar
 150              	.LVL17:
  75:main.c        ****             
  76:main.c        ****             irq_flag = false;
 151              		.loc 1 76 0
 152 0072 0022     		movs	r2, #0
ARM GAS  C:\Users\Xwx47\AppData\Local\Temp\cciT7yXG.s 			page 5


 153 0074 044B     		ldr	r3, .L7+12
 154 0076 1A70     		strb	r2, [r3]
 155 0078 E2E7     		b	.L5
 156              	.L8:
 157 007a C046     		.align	2
 158              	.L7:
 159 007c 00000000 		.word	.LANCHOR1
 160 0080 00000000 		.word	IRQ_Handler
 161 0084 00000000 		.word	.LC4
 162 0088 00000000 		.word	.LANCHOR0
 163 008c 00000000 		.word	data
 164              	.LBE2:
 165              		.cfi_endproc
 166              	.LFE34:
 167              		.size	main, .-main
 168              		.comm	data,1,1
 169              		.global	irq_flag
 170              		.section	.rodata
 171              		.align	2
 172              		.set	.LANCHOR1,. + 0
 173              	.LC0:
 174 0000 BA       		.byte	-70
 175 0001 AD       		.byte	-83
 176 0002 C0       		.byte	-64
 177 0003 FF       		.byte	-1
 178 0004 EE       		.byte	-18
 179              		.section	.rodata.str1.4,"aMS",%progbits,1
 180              		.align	2
 181              	.LC4:
 182 0000 42617369 		.ascii	"Basic project, Rx\015\012\000"
 182      63207072 
 182      6F6A6563 
 182      742C2052 
 182      780D0A00 
 183              		.bss
 184              		.set	.LANCHOR0,. + 0
 185              		.type	irq_flag, %object
 186              		.size	irq_flag, 1
 187              	irq_flag:
 188 0000 00       		.space	1
 189              		.text
 190              	.Letext0:
 191              		.file 2 "c:\\program files (x86)\\cypress\\psoc creator\\4.1\\psoc creator\\import\\gnu\\arm\\5.4.
 192              		.file 3 "c:\\program files (x86)\\cypress\\psoc creator\\4.1\\psoc creator\\import\\gnu\\arm\\5.4.
 193              		.file 4 "Generated_Source\\PSoC4/nRF24_DEFS.h"
 194              		.file 5 "Generated_Source\\PSoC4/IRQ.h"
 195              		.file 6 "Generated_Source\\PSoC4/nRF24_FUNCS.h"
 196              		.file 7 "Generated_Source\\PSoC4/LED.h"
 197              		.file 8 "Generated_Source\\PSoC4/UART.h"
 198              		.file 9 "Generated_Source\\PSoC4/isr_IRQ.h"
 199              		.section	.debug_info,"",%progbits
 200              	.Ldebug_info0:
 201 0000 7E050000 		.4byte	0x57e
 202 0004 0400     		.2byte	0x4
 203 0006 00000000 		.4byte	.Ldebug_abbrev0
 204 000a 04       		.byte	0x4
 205 000b 01       		.uleb128 0x1
ARM GAS  C:\Users\Xwx47\AppData\Local\Temp\cciT7yXG.s 			page 6


 206 000c 0A010000 		.4byte	.LASF115
 207 0010 0C       		.byte	0xc
 208 0011 8D070000 		.4byte	.LASF116
 209 0015 C3030000 		.4byte	.LASF117
 210 0019 00000000 		.4byte	.Ldebug_ranges0+0
 211 001d 00000000 		.4byte	0
 212 0021 00000000 		.4byte	.Ldebug_line0
 213 0025 02       		.uleb128 0x2
 214 0026 01       		.byte	0x1
 215 0027 06       		.byte	0x6
 216 0028 44030000 		.4byte	.LASF0
 217 002c 03       		.uleb128 0x3
 218 002d 86040000 		.4byte	.LASF9
 219 0031 02       		.byte	0x2
 220 0032 1D       		.byte	0x1d
 221 0033 37000000 		.4byte	0x37
 222 0037 02       		.uleb128 0x2
 223 0038 01       		.byte	0x1
 224 0039 08       		.byte	0x8
 225 003a EE040000 		.4byte	.LASF1
 226 003e 02       		.uleb128 0x2
 227 003f 02       		.byte	0x2
 228 0040 05       		.byte	0x5
 229 0041 41020000 		.4byte	.LASF2
 230 0045 02       		.uleb128 0x2
 231 0046 02       		.byte	0x2
 232 0047 07       		.byte	0x7
 233 0048 29070000 		.4byte	.LASF3
 234 004c 02       		.uleb128 0x2
 235 004d 04       		.byte	0x4
 236 004e 05       		.byte	0x5
 237 004f 33040000 		.4byte	.LASF4
 238 0053 02       		.uleb128 0x2
 239 0054 04       		.byte	0x4
 240 0055 07       		.byte	0x7
 241 0056 77060000 		.4byte	.LASF5
 242 005a 02       		.uleb128 0x2
 243 005b 08       		.byte	0x8
 244 005c 05       		.byte	0x5
 245 005d 69030000 		.4byte	.LASF6
 246 0061 02       		.uleb128 0x2
 247 0062 08       		.byte	0x8
 248 0063 07       		.byte	0x7
 249 0064 FE050000 		.4byte	.LASF7
 250 0068 04       		.uleb128 0x4
 251 0069 04       		.byte	0x4
 252 006a 05       		.byte	0x5
 253 006b 696E7400 		.ascii	"int\000"
 254 006f 02       		.uleb128 0x2
 255 0070 04       		.byte	0x4
 256 0071 07       		.byte	0x7
 257 0072 32060000 		.4byte	.LASF8
 258 0076 03       		.uleb128 0x3
 259 0077 8F020000 		.4byte	.LASF10
 260 007b 03       		.byte	0x3
 261 007c 18       		.byte	0x18
 262 007d 2C000000 		.4byte	0x2c
ARM GAS  C:\Users\Xwx47\AppData\Local\Temp\cciT7yXG.s 			page 7


 263 0081 02       		.uleb128 0x2
 264 0082 04       		.byte	0x4
 265 0083 04       		.byte	0x4
 266 0084 50030000 		.4byte	.LASF11
 267 0088 02       		.uleb128 0x2
 268 0089 08       		.byte	0x8
 269 008a 04       		.byte	0x4
 270 008b B6070000 		.4byte	.LASF12
 271 008f 02       		.uleb128 0x2
 272 0090 01       		.byte	0x1
 273 0091 08       		.byte	0x8
 274 0092 14070000 		.4byte	.LASF13
 275 0096 02       		.uleb128 0x2
 276 0097 08       		.byte	0x8
 277 0098 04       		.byte	0x4
 278 0099 48050000 		.4byte	.LASF14
 279 009d 02       		.uleb128 0x2
 280 009e 04       		.byte	0x4
 281 009f 07       		.byte	0x7
 282 00a0 01010000 		.4byte	.LASF15
 283 00a4 05       		.uleb128 0x5
 284 00a5 01       		.byte	0x1
 285 00a6 37000000 		.4byte	0x37
 286 00aa 04       		.byte	0x4
 287 00ab 1E       		.byte	0x1e
 288 00ac 4D010000 		.4byte	0x14d
 289 00b0 06       		.uleb128 0x6
 290 00b1 FE070000 		.4byte	.LASF16
 291 00b5 00       		.byte	0
 292 00b6 06       		.uleb128 0x6
 293 00b7 81020000 		.4byte	.LASF17
 294 00bb 01       		.byte	0x1
 295 00bc 06       		.uleb128 0x6
 296 00bd DC000000 		.4byte	.LASF18
 297 00c1 02       		.byte	0x2
 298 00c2 06       		.uleb128 0x6
 299 00c3 3C080000 		.4byte	.LASF19
 300 00c7 03       		.byte	0x3
 301 00c8 06       		.uleb128 0x6
 302 00c9 29080000 		.4byte	.LASF20
 303 00cd 04       		.byte	0x4
 304 00ce 06       		.uleb128 0x6
 305 00cf 36030000 		.4byte	.LASF21
 306 00d3 05       		.byte	0x5
 307 00d4 06       		.uleb128 0x6
 308 00d5 7F000000 		.4byte	.LASF22
 309 00d9 06       		.byte	0x6
 310 00da 06       		.uleb128 0x6
 311 00db 97020000 		.4byte	.LASF23
 312 00df 07       		.byte	0x7
 313 00e0 06       		.uleb128 0x6
 314 00e1 EE000000 		.4byte	.LASF24
 315 00e5 08       		.byte	0x8
 316 00e6 06       		.uleb128 0x6
 317 00e7 3C040000 		.4byte	.LASF25
 318 00eb 09       		.byte	0x9
 319 00ec 06       		.uleb128 0x6
ARM GAS  C:\Users\Xwx47\AppData\Local\Temp\cciT7yXG.s 			page 8


 320 00ed 54050000 		.4byte	.LASF26
 321 00f1 0A       		.byte	0xa
 322 00f2 06       		.uleb128 0x6
 323 00f3 67050000 		.4byte	.LASF27
 324 00f7 0B       		.byte	0xb
 325 00f8 06       		.uleb128 0x6
 326 00f9 7A050000 		.4byte	.LASF28
 327 00fd 0C       		.byte	0xc
 328 00fe 06       		.uleb128 0x6
 329 00ff 8D050000 		.4byte	.LASF29
 330 0103 0D       		.byte	0xd
 331 0104 06       		.uleb128 0x6
 332 0105 A0050000 		.4byte	.LASF30
 333 0109 0E       		.byte	0xe
 334 010a 06       		.uleb128 0x6
 335 010b B3050000 		.4byte	.LASF31
 336 010f 0F       		.byte	0xf
 337 0110 06       		.uleb128 0x6
 338 0111 C6010000 		.4byte	.LASF32
 339 0115 10       		.byte	0x10
 340 0116 06       		.uleb128 0x6
 341 0117 DD050000 		.4byte	.LASF33
 342 011b 11       		.byte	0x11
 343 011c 06       		.uleb128 0x6
 344 011d 1F020000 		.4byte	.LASF34
 345 0121 12       		.byte	0x12
 346 0122 06       		.uleb128 0x6
 347 0123 30020000 		.4byte	.LASF35
 348 0127 13       		.byte	0x13
 349 0128 06       		.uleb128 0x6
 350 0129 D4080000 		.4byte	.LASF36
 351 012d 14       		.byte	0x14
 352 012e 06       		.uleb128 0x6
 353 012f 4B020000 		.4byte	.LASF37
 354 0133 15       		.byte	0x15
 355 0134 06       		.uleb128 0x6
 356 0135 E5080000 		.4byte	.LASF38
 357 0139 16       		.byte	0x16
 358 013a 06       		.uleb128 0x6
 359 013b F8010000 		.4byte	.LASF39
 360 013f 17       		.byte	0x17
 361 0140 06       		.uleb128 0x6
 362 0141 B1010000 		.4byte	.LASF40
 363 0145 1C       		.byte	0x1c
 364 0146 06       		.uleb128 0x6
 365 0147 EE050000 		.4byte	.LASF41
 366 014b 1D       		.byte	0x1d
 367 014c 00       		.byte	0
 368 014d 05       		.uleb128 0x5
 369 014e 01       		.byte	0x1
 370 014f 37000000 		.4byte	0x37
 371 0153 04       		.byte	0x4
 372 0154 55       		.byte	0x55
 373 0155 7E010000 		.4byte	0x17e
 374 0159 06       		.uleb128 0x6
 375 015a 7A080000 		.4byte	.LASF42
 376 015e 0A       		.byte	0xa
ARM GAS  C:\Users\Xwx47\AppData\Local\Temp\cciT7yXG.s 			page 9


 377 015f 06       		.uleb128 0x6
 378 0160 89080000 		.4byte	.LASF43
 379 0164 0B       		.byte	0xb
 380 0165 06       		.uleb128 0x6
 381 0166 98080000 		.4byte	.LASF44
 382 016a 0C       		.byte	0xc
 383 016b 06       		.uleb128 0x6
 384 016c A7080000 		.4byte	.LASF45
 385 0170 0D       		.byte	0xd
 386 0171 06       		.uleb128 0x6
 387 0172 B6080000 		.4byte	.LASF46
 388 0176 0E       		.byte	0xe
 389 0177 06       		.uleb128 0x6
 390 0178 C5080000 		.4byte	.LASF47
 391 017c 0F       		.byte	0xf
 392 017d 00       		.byte	0
 393 017e 05       		.uleb128 0x5
 394 017f 01       		.byte	0x1
 395 0180 37000000 		.4byte	0x37
 396 0184 04       		.byte	0x4
 397 0185 5E       		.byte	0x5e
 398 0186 AF010000 		.4byte	0x1af
 399 018a 06       		.uleb128 0x6
 400 018b 56030000 		.4byte	.LASF48
 401 018f 11       		.byte	0x11
 402 0190 06       		.uleb128 0x6
 403 0191 90040000 		.4byte	.LASF49
 404 0195 12       		.byte	0x12
 405 0196 06       		.uleb128 0x6
 406 0197 77030000 		.4byte	.LASF50
 407 019b 13       		.byte	0x13
 408 019c 06       		.uleb128 0x6
 409 019d 8A030000 		.4byte	.LASF51
 410 01a1 14       		.byte	0x14
 411 01a2 06       		.uleb128 0x6
 412 01a3 9D030000 		.4byte	.LASF52
 413 01a7 15       		.byte	0x15
 414 01a8 06       		.uleb128 0x6
 415 01a9 B0030000 		.4byte	.LASF53
 416 01ad 16       		.byte	0x16
 417 01ae 00       		.byte	0
 418 01af 05       		.uleb128 0x5
 419 01b0 01       		.byte	0x1
 420 01b1 37000000 		.4byte	0x37
 421 01b5 04       		.byte	0x4
 422 01b6 6D       		.byte	0x6d
 423 01b7 D4010000 		.4byte	0x1d4
 424 01bb 06       		.uleb128 0x6
 425 01bc D4070000 		.4byte	.LASF54
 426 01c0 00       		.byte	0
 427 01c1 06       		.uleb128 0x6
 428 01c2 3C070000 		.4byte	.LASF55
 429 01c6 04       		.byte	0x4
 430 01c7 06       		.uleb128 0x6
 431 01c8 1D000000 		.4byte	.LASF56
 432 01cc 05       		.byte	0x5
 433 01cd 06       		.uleb128 0x6
ARM GAS  C:\Users\Xwx47\AppData\Local\Temp\cciT7yXG.s 			page 10


 434 01ce BB000000 		.4byte	.LASF57
 435 01d2 06       		.byte	0x6
 436 01d3 00       		.byte	0
 437 01d4 03       		.uleb128 0x3
 438 01d5 15060000 		.4byte	.LASF58
 439 01d9 04       		.byte	0x4
 440 01da 72       		.byte	0x72
 441 01db AF010000 		.4byte	0x1af
 442 01df 05       		.uleb128 0x5
 443 01e0 01       		.byte	0x1
 444 01e1 37000000 		.4byte	0x37
 445 01e5 04       		.byte	0x4
 446 01e6 75       		.byte	0x75
 447 01e7 16020000 		.4byte	0x216
 448 01eb 06       		.uleb128 0x6
 449 01ec BD070000 		.4byte	.LASF59
 450 01f0 00       		.byte	0
 451 01f1 06       		.uleb128 0x6
 452 01f2 5C020000 		.4byte	.LASF60
 453 01f6 01       		.byte	0x1
 454 01f7 06       		.uleb128 0x6
 455 01f8 79070000 		.4byte	.LASF61
 456 01fc 02       		.byte	0x2
 457 01fd 06       		.uleb128 0x6
 458 01fe A5000000 		.4byte	.LASF62
 459 0202 03       		.byte	0x3
 460 0203 06       		.uleb128 0x6
 461 0204 5C060000 		.4byte	.LASF63
 462 0208 04       		.byte	0x4
 463 0209 06       		.uleb128 0x6
 464 020a D6010000 		.4byte	.LASF64
 465 020e 05       		.byte	0x5
 466 020f 06       		.uleb128 0x6
 467 0210 63040000 		.4byte	.LASF65
 468 0214 06       		.byte	0x6
 469 0215 00       		.byte	0
 470 0216 05       		.uleb128 0x5
 471 0217 01       		.byte	0x1
 472 0218 37000000 		.4byte	0x37
 473 021c 04       		.byte	0x4
 474 021d 91       		.byte	0x91
 475 021e 47020000 		.4byte	0x247
 476 0222 06       		.uleb128 0x6
 477 0223 A6020000 		.4byte	.LASF66
 478 0227 00       		.byte	0
 479 0228 06       		.uleb128 0x6
 480 0229 BC020000 		.4byte	.LASF67
 481 022d 01       		.byte	0x1
 482 022e 06       		.uleb128 0x6
 483 022f D2020000 		.4byte	.LASF68
 484 0233 02       		.byte	0x2
 485 0234 06       		.uleb128 0x6
 486 0235 E8020000 		.4byte	.LASF69
 487 0239 03       		.byte	0x3
 488 023a 06       		.uleb128 0x6
 489 023b FE020000 		.4byte	.LASF70
 490 023f 04       		.byte	0x4
ARM GAS  C:\Users\Xwx47\AppData\Local\Temp\cciT7yXG.s 			page 11


 491 0240 06       		.uleb128 0x6
 492 0241 14030000 		.4byte	.LASF71
 493 0245 05       		.byte	0x5
 494 0246 00       		.byte	0
 495 0247 05       		.uleb128 0x5
 496 0248 01       		.byte	0x1
 497 0249 37000000 		.4byte	0x37
 498 024d 04       		.byte	0x4
 499 024e AA       		.byte	0xaa
 500 024f 78020000 		.4byte	0x278
 501 0253 06       		.uleb128 0x6
 502 0254 A3040000 		.4byte	.LASF72
 503 0258 00       		.byte	0
 504 0259 06       		.uleb128 0x6
 505 025a BC040000 		.4byte	.LASF73
 506 025e 01       		.byte	0x1
 507 025f 06       		.uleb128 0x6
 508 0260 D5040000 		.4byte	.LASF74
 509 0264 02       		.byte	0x2
 510 0265 06       		.uleb128 0x6
 511 0266 1A040000 		.4byte	.LASF75
 512 026a 03       		.byte	0x3
 513 026b 06       		.uleb128 0x6
 514 026c FC040000 		.4byte	.LASF76
 515 0270 04       		.byte	0x4
 516 0271 06       		.uleb128 0x6
 517 0272 15050000 		.4byte	.LASF77
 518 0276 05       		.byte	0x5
 519 0277 00       		.byte	0
 520 0278 05       		.uleb128 0x5
 521 0279 01       		.byte	0x1
 522 027a 37000000 		.4byte	0x37
 523 027e 04       		.byte	0x4
 524 027f D1       		.byte	0xd1
 525 0280 91020000 		.4byte	0x291
 526 0284 06       		.uleb128 0x6
 527 0285 9E060000 		.4byte	.LASF78
 528 0289 00       		.byte	0
 529 028a 06       		.uleb128 0x6
 530 028b B5060000 		.4byte	.LASF79
 531 028f 04       		.byte	0x4
 532 0290 00       		.byte	0
 533 0291 07       		.uleb128 0x7
 534 0292 01       		.byte	0x1
 535 0293 37000000 		.4byte	0x37
 536 0297 04       		.byte	0x4
 537 0298 4A01     		.2byte	0x14a
 538 029a BD020000 		.4byte	0x2bd
 539 029e 06       		.uleb128 0x6
 540 029f E1070000 		.4byte	.LASF80
 541 02a3 00       		.byte	0
 542 02a4 06       		.uleb128 0x6
 543 02a5 0D080000 		.4byte	.LASF81
 544 02a9 01       		.byte	0x1
 545 02aa 06       		.uleb128 0x6
 546 02ab 00000000 		.4byte	.LASF82
 547 02af 04       		.byte	0x4
ARM GAS  C:\Users\Xwx47\AppData\Local\Temp\cciT7yXG.s 			page 12


 548 02b0 06       		.uleb128 0x6
 549 02b1 5E080000 		.4byte	.LASF83
 550 02b5 05       		.byte	0x5
 551 02b6 06       		.uleb128 0x6
 552 02b7 3F060000 		.4byte	.LASF84
 553 02bb 06       		.byte	0x6
 554 02bc 00       		.byte	0
 555 02bd 07       		.uleb128 0x7
 556 02be 01       		.byte	0x1
 557 02bf 37000000 		.4byte	0x37
 558 02c3 04       		.byte	0x4
 559 02c4 5B01     		.2byte	0x15b
 560 02c6 EF020000 		.4byte	0x2ef
 561 02ca 06       		.uleb128 0x6
 562 02cb 2B000000 		.4byte	.LASF85
 563 02cf 00       		.byte	0
 564 02d0 06       		.uleb128 0x6
 565 02d1 40000000 		.4byte	.LASF86
 566 02d5 01       		.byte	0x1
 567 02d6 06       		.uleb128 0x6
 568 02d7 55000000 		.4byte	.LASF87
 569 02db 02       		.byte	0x2
 570 02dc 06       		.uleb128 0x6
 571 02dd 6A000000 		.4byte	.LASF88
 572 02e1 03       		.byte	0x3
 573 02e2 06       		.uleb128 0x6
 574 02e3 1D060000 		.4byte	.LASF89
 575 02e7 04       		.byte	0x4
 576 02e8 06       		.uleb128 0x6
 577 02e9 90000000 		.4byte	.LASF90
 578 02ed 05       		.byte	0x5
 579 02ee 00       		.byte	0
 580 02ef 07       		.uleb128 0x7
 581 02f0 01       		.byte	0x1
 582 02f1 37000000 		.4byte	0x37
 583 02f5 04       		.byte	0x4
 584 02f6 7401     		.2byte	0x174
 585 02f8 0F030000 		.4byte	0x30f
 586 02fc 06       		.uleb128 0x6
 587 02fd E3060000 		.4byte	.LASF91
 588 0301 00       		.byte	0
 589 0302 06       		.uleb128 0x6
 590 0303 48040000 		.4byte	.LASF92
 591 0307 01       		.byte	0x1
 592 0308 06       		.uleb128 0x6
 593 0309 C6050000 		.4byte	.LASF93
 594 030d 02       		.byte	0x2
 595 030e 00       		.byte	0
 596 030f 08       		.uleb128 0x8
 597 0310 4D080000 		.4byte	.LASF118
 598 0314 01       		.byte	0x1
 599 0315 1F       		.byte	0x1f
 600 0316 00000000 		.4byte	.LFB33
 601 031a 14000000 		.4byte	.LFE33-.LFB33
 602 031e 01       		.uleb128 0x1
 603 031f 9C       		.byte	0x9c
 604 0320 2E030000 		.4byte	0x32e
ARM GAS  C:\Users\Xwx47\AppData\Local\Temp\cciT7yXG.s 			page 13


 605 0324 09       		.uleb128 0x9
 606 0325 0C000000 		.4byte	.LVL0
 607 0329 D3040000 		.4byte	0x4d3
 608 032d 00       		.byte	0
 609 032e 0A       		.uleb128 0xa
 610 032f 19070000 		.4byte	.LASF119
 611 0333 01       		.byte	0x1
 612 0334 25       		.byte	0x25
 613 0335 68000000 		.4byte	0x68
 614 0339 00000000 		.4byte	.LFB34
 615 033d 90000000 		.4byte	.LFE34-.LFB34
 616 0341 01       		.uleb128 0x1
 617 0342 9C       		.byte	0x9c
 618 0343 8B040000 		.4byte	0x48b
 619 0347 0B       		.uleb128 0xb
 620 0348 F0010000 		.4byte	.LASF94
 621 034c 01       		.byte	0x1
 622 034d 29       		.byte	0x29
 623 034e A0040000 		.4byte	0x4a0
 624 0352 02       		.uleb128 0x2
 625 0353 91       		.byte	0x91
 626 0354 70       		.sleb128 -16
 627 0355 0C       		.uleb128 0xc
 628 0356 48000000 		.4byte	.LBB2
 629 035a 48000000 		.4byte	.LBE2-.LBB2
 630 035e D5030000 		.4byte	0x3d5
 631 0362 0D       		.uleb128 0xd
 632 0363 59080000 		.4byte	.LASF95
 633 0367 01       		.byte	0x1
 634 0368 3E       		.byte	0x3e
 635 0369 D4010000 		.4byte	0x1d4
 636 036d 00000000 		.4byte	.LLST0
 637 0371 0D       		.uleb128 0xd
 638 0372 94070000 		.4byte	.LASF96
 639 0376 01       		.byte	0x1
 640 0377 44       		.byte	0x44
 641 0378 76000000 		.4byte	0x76
 642 037c 13000000 		.4byte	.LLST1
 643 0380 09       		.uleb128 0x9
 644 0381 4C000000 		.4byte	.LVL10
 645 0385 DE040000 		.4byte	0x4de
 646 0389 09       		.uleb128 0x9
 647 038a 50000000 		.4byte	.LVL11
 648 038e E9040000 		.4byte	0x4e9
 649 0392 09       		.uleb128 0x9
 650 0393 54000000 		.4byte	.LVL12
 651 0397 F4040000 		.4byte	0x4f4
 652 039b 09       		.uleb128 0x9
 653 039c 5C000000 		.4byte	.LVL13
 654 03a0 FF040000 		.4byte	0x4ff
 655 03a4 0E       		.uleb128 0xe
 656 03a5 62000000 		.4byte	.LVL14
 657 03a9 0A050000 		.4byte	0x50a
 658 03ad B7030000 		.4byte	0x3b7
 659 03b1 0F       		.uleb128 0xf
 660 03b2 01       		.uleb128 0x1
 661 03b3 50       		.byte	0x50
ARM GAS  C:\Users\Xwx47\AppData\Local\Temp\cciT7yXG.s 			page 14


 662 03b4 01       		.uleb128 0x1
 663 03b5 41       		.byte	0x41
 664 03b6 00       		.byte	0
 665 03b7 0E       		.uleb128 0xe
 666 03b8 6C000000 		.4byte	.LVL16
 667 03bc 15050000 		.4byte	0x515
 668 03c0 CB030000 		.4byte	0x3cb
 669 03c4 0F       		.uleb128 0xf
 670 03c5 01       		.uleb128 0x1
 671 03c6 50       		.byte	0x50
 672 03c7 02       		.uleb128 0x2
 673 03c8 74       		.byte	0x74
 674 03c9 00       		.sleb128 0
 675 03ca 00       		.byte	0
 676 03cb 09       		.uleb128 0x9
 677 03cc 72000000 		.4byte	.LVL17
 678 03d0 20050000 		.4byte	0x520
 679 03d4 00       		.byte	0
 680 03d5 0E       		.uleb128 0xe
 681 03d6 10000000 		.4byte	.LVL1
 682 03da 2B050000 		.4byte	0x52b
 683 03de F7030000 		.4byte	0x3f7
 684 03e2 0F       		.uleb128 0xf
 685 03e3 01       		.uleb128 0x1
 686 03e4 50       		.byte	0x50
 687 03e5 02       		.uleb128 0x2
 688 03e6 7D       		.byte	0x7d
 689 03e7 00       		.sleb128 0
 690 03e8 0F       		.uleb128 0xf
 691 03e9 01       		.uleb128 0x1
 692 03ea 51       		.byte	0x51
 693 03eb 05       		.uleb128 0x5
 694 03ec 03       		.byte	0x3
 695 03ed 00000000 		.4byte	.LANCHOR1
 696 03f1 0F       		.uleb128 0xf
 697 03f2 01       		.uleb128 0x1
 698 03f3 52       		.byte	0x52
 699 03f4 01       		.uleb128 0x1
 700 03f5 35       		.byte	0x35
 701 03f6 00       		.byte	0
 702 03f7 0E       		.uleb128 0xe
 703 03f8 16000000 		.4byte	.LVL2
 704 03fc 34050000 		.4byte	0x534
 705 0400 0E040000 		.4byte	0x40e
 706 0404 0F       		.uleb128 0xf
 707 0405 01       		.uleb128 0x1
 708 0406 50       		.byte	0x50
 709 0407 05       		.uleb128 0x5
 710 0408 03       		.byte	0x3
 711 0409 00000000 		.4byte	IRQ_Handler
 712 040d 00       		.byte	0
 713 040e 09       		.uleb128 0x9
 714 040f 1A000000 		.4byte	.LVL3
 715 0413 3F050000 		.4byte	0x53f
 716 0417 0E       		.uleb128 0xe
 717 0418 20000000 		.4byte	.LVL4
 718 041c 20050000 		.4byte	0x520
ARM GAS  C:\Users\Xwx47\AppData\Local\Temp\cciT7yXG.s 			page 15


 719 0420 2A040000 		.4byte	0x42a
 720 0424 0F       		.uleb128 0xf
 721 0425 01       		.uleb128 0x1
 722 0426 50       		.byte	0x50
 723 0427 01       		.uleb128 0x1
 724 0428 3C       		.byte	0x3c
 725 0429 00       		.byte	0
 726 042a 0E       		.uleb128 0xe
 727 042b 26000000 		.4byte	.LVL5
 728 042f 4A050000 		.4byte	0x54a
 729 0433 41040000 		.4byte	0x441
 730 0437 0F       		.uleb128 0xf
 731 0438 01       		.uleb128 0x1
 732 0439 50       		.byte	0x50
 733 043a 05       		.uleb128 0x5
 734 043b 03       		.byte	0x3
 735 043c 00000000 		.4byte	.LC4
 736 0440 00       		.byte	0
 737 0441 09       		.uleb128 0x9
 738 0442 2A000000 		.4byte	.LVL6
 739 0446 55050000 		.4byte	0x555
 740 044a 0E       		.uleb128 0xe
 741 044b 34000000 		.4byte	.LVL7
 742 044f 60050000 		.4byte	0x560
 743 0453 68040000 		.4byte	0x468
 744 0457 0F       		.uleb128 0xf
 745 0458 01       		.uleb128 0x1
 746 0459 50       		.byte	0x50
 747 045a 01       		.uleb128 0x1
 748 045b 3A       		.byte	0x3a
 749 045c 0F       		.uleb128 0xf
 750 045d 01       		.uleb128 0x1
 751 045e 51       		.byte	0x51
 752 045f 02       		.uleb128 0x2
 753 0460 7D       		.byte	0x7d
 754 0461 00       		.sleb128 0
 755 0462 0F       		.uleb128 0xf
 756 0463 01       		.uleb128 0x1
 757 0464 52       		.byte	0x52
 758 0465 01       		.uleb128 0x1
 759 0466 35       		.byte	0x35
 760 0467 00       		.byte	0
 761 0468 0E       		.uleb128 0xe
 762 0469 3C000000 		.4byte	.LVL8
 763 046d 6B050000 		.4byte	0x56b
 764 0471 81040000 		.4byte	0x481
 765 0475 0F       		.uleb128 0xf
 766 0476 01       		.uleb128 0x1
 767 0477 50       		.byte	0x50
 768 0478 02       		.uleb128 0x2
 769 0479 7D       		.byte	0x7d
 770 047a 00       		.sleb128 0
 771 047b 0F       		.uleb128 0xf
 772 047c 01       		.uleb128 0x1
 773 047d 51       		.byte	0x51
 774 047e 01       		.uleb128 0x1
 775 047f 35       		.byte	0x35
ARM GAS  C:\Users\Xwx47\AppData\Local\Temp\cciT7yXG.s 			page 16


 776 0480 00       		.byte	0
 777 0481 09       		.uleb128 0x9
 778 0482 40000000 		.4byte	.LVL9
 779 0486 76050000 		.4byte	0x576
 780 048a 00       		.byte	0
 781 048b 10       		.uleb128 0x10
 782 048c 9B040000 		.4byte	0x49b
 783 0490 9B040000 		.4byte	0x49b
 784 0494 11       		.uleb128 0x11
 785 0495 9D000000 		.4byte	0x9d
 786 0499 04       		.byte	0x4
 787 049a 00       		.byte	0
 788 049b 12       		.uleb128 0x12
 789 049c 76000000 		.4byte	0x76
 790 04a0 12       		.uleb128 0x12
 791 04a1 8B040000 		.4byte	0x48b
 792 04a5 13       		.uleb128 0x13
 793 04a6 7D040000 		.4byte	.LASF98
 794 04aa 01       		.byte	0x1
 795 04ab 19       		.byte	0x19
 796 04ac BD040000 		.4byte	0x4bd
 797 04b0 05       		.uleb128 0x5
 798 04b1 03       		.byte	0x3
 799 04b2 00000000 		.4byte	irq_flag
 800 04b6 02       		.uleb128 0x2
 801 04b7 01       		.byte	0x1
 802 04b8 02       		.byte	0x2
 803 04b9 4B070000 		.4byte	.LASF97
 804 04bd 14       		.uleb128 0x14
 805 04be B6040000 		.4byte	0x4b6
 806 04c2 13       		.uleb128 0x13
 807 04c3 74070000 		.4byte	.LASF99
 808 04c7 01       		.byte	0x1
 809 04c8 1C       		.byte	0x1c
 810 04c9 37000000 		.4byte	0x37
 811 04cd 05       		.uleb128 0x5
 812 04ce 03       		.byte	0x3
 813 04cf 00000000 		.4byte	data
 814 04d3 15       		.uleb128 0x15
 815 04d4 61070000 		.4byte	.LASF100
 816 04d8 61070000 		.4byte	.LASF100
 817 04dc 05       		.byte	0x5
 818 04dd 39       		.byte	0x39
 819 04de 15       		.uleb128 0x15
 820 04df 0C020000 		.4byte	.LASF101
 821 04e3 0C020000 		.4byte	.LASF101
 822 04e7 06       		.byte	0x6
 823 04e8 6B       		.byte	0x6b
 824 04e9 15       		.uleb128 0x15
 825 04ea 89060000 		.4byte	.LASF102
 826 04ee 89060000 		.4byte	.LASF102
 827 04f2 06       		.byte	0x6
 828 04f3 6A       		.byte	0x6a
 829 04f4 15       		.uleb128 0x15
 830 04f5 D3000000 		.4byte	.LASF103
 831 04f9 D3000000 		.4byte	.LASF103
 832 04fd 07       		.byte	0x7
ARM GAS  C:\Users\Xwx47\AppData\Local\Temp\cciT7yXG.s 			page 17


 833 04fe 32       		.byte	0x32
 834 04ff 15       		.uleb128 0x15
 835 0500 C9000000 		.4byte	.LASF104
 836 0504 C9000000 		.4byte	.LASF104
 837 0508 07       		.byte	0x7
 838 0509 33       		.byte	0x33
 839 050a 15       		.uleb128 0x15
 840 050b CC060000 		.4byte	.LASF105
 841 050f CC060000 		.4byte	.LASF105
 842 0513 06       		.byte	0x6
 843 0514 41       		.byte	0x41
 844 0515 15       		.uleb128 0x15
 845 0516 9C010000 		.4byte	.LASF106
 846 051a 9C010000 		.4byte	.LASF106
 847 051e 06       		.byte	0x6
 848 051f 58       		.byte	0x58
 849 0520 15       		.uleb128 0x15
 850 0521 F6080000 		.4byte	.LASF107
 851 0525 F6080000 		.4byte	.LASF107
 852 0529 08       		.byte	0x8
 853 052a 25       		.byte	0x25
 854 052b 16       		.uleb128 0x16
 855 052c BF010000 		.4byte	.LASF120
 856 0530 BF010000 		.4byte	.LASF120
 857 0534 15       		.uleb128 0x15
 858 0535 51070000 		.4byte	.LASF108
 859 0539 51070000 		.4byte	.LASF108
 860 053d 09       		.byte	0x9
 861 053e 18       		.byte	0x18
 862 053f 15       		.uleb128 0x15
 863 0540 1E070000 		.4byte	.LASF109
 864 0544 1E070000 		.4byte	.LASF109
 865 0548 08       		.byte	0x8
 866 0549 1F       		.byte	0x1f
 867 054a 15       		.uleb128 0x15
 868 054b 72020000 		.4byte	.LASF110
 869 054f 72020000 		.4byte	.LASF110
 870 0553 08       		.byte	0x8
 871 0554 26       		.byte	0x26
 872 0555 15       		.uleb128 0x15
 873 0556 2A030000 		.4byte	.LASF111
 874 055a 2A030000 		.4byte	.LASF111
 875 055e 06       		.byte	0x6
 876 055f 23       		.byte	0x23
 877 0560 15       		.uleb128 0x15
 878 0561 2E050000 		.4byte	.LASF112
 879 0565 2E050000 		.4byte	.LASF112
 880 0569 06       		.byte	0x6
 881 056a 63       		.byte	0x63
 882 056b 15       		.uleb128 0x15
 883 056c A1070000 		.4byte	.LASF113
 884 0570 A1070000 		.4byte	.LASF113
 885 0574 06       		.byte	0x6
 886 0575 3D       		.byte	0x3d
 887 0576 15       		.uleb128 0x15
 888 0577 FE060000 		.4byte	.LASF114
 889 057b FE060000 		.4byte	.LASF114
ARM GAS  C:\Users\Xwx47\AppData\Local\Temp\cciT7yXG.s 			page 18


 890 057f 06       		.byte	0x6
 891 0580 4E       		.byte	0x4e
 892 0581 00       		.byte	0
 893              		.section	.debug_abbrev,"",%progbits
 894              	.Ldebug_abbrev0:
 895 0000 01       		.uleb128 0x1
 896 0001 11       		.uleb128 0x11
 897 0002 01       		.byte	0x1
 898 0003 25       		.uleb128 0x25
 899 0004 0E       		.uleb128 0xe
 900 0005 13       		.uleb128 0x13
 901 0006 0B       		.uleb128 0xb
 902 0007 03       		.uleb128 0x3
 903 0008 0E       		.uleb128 0xe
 904 0009 1B       		.uleb128 0x1b
 905 000a 0E       		.uleb128 0xe
 906 000b 55       		.uleb128 0x55
 907 000c 17       		.uleb128 0x17
 908 000d 11       		.uleb128 0x11
 909 000e 01       		.uleb128 0x1
 910 000f 10       		.uleb128 0x10
 911 0010 17       		.uleb128 0x17
 912 0011 00       		.byte	0
 913 0012 00       		.byte	0
 914 0013 02       		.uleb128 0x2
 915 0014 24       		.uleb128 0x24
 916 0015 00       		.byte	0
 917 0016 0B       		.uleb128 0xb
 918 0017 0B       		.uleb128 0xb
 919 0018 3E       		.uleb128 0x3e
 920 0019 0B       		.uleb128 0xb
 921 001a 03       		.uleb128 0x3
 922 001b 0E       		.uleb128 0xe
 923 001c 00       		.byte	0
 924 001d 00       		.byte	0
 925 001e 03       		.uleb128 0x3
 926 001f 16       		.uleb128 0x16
 927 0020 00       		.byte	0
 928 0021 03       		.uleb128 0x3
 929 0022 0E       		.uleb128 0xe
 930 0023 3A       		.uleb128 0x3a
 931 0024 0B       		.uleb128 0xb
 932 0025 3B       		.uleb128 0x3b
 933 0026 0B       		.uleb128 0xb
 934 0027 49       		.uleb128 0x49
 935 0028 13       		.uleb128 0x13
 936 0029 00       		.byte	0
 937 002a 00       		.byte	0
 938 002b 04       		.uleb128 0x4
 939 002c 24       		.uleb128 0x24
 940 002d 00       		.byte	0
 941 002e 0B       		.uleb128 0xb
 942 002f 0B       		.uleb128 0xb
 943 0030 3E       		.uleb128 0x3e
 944 0031 0B       		.uleb128 0xb
 945 0032 03       		.uleb128 0x3
 946 0033 08       		.uleb128 0x8
ARM GAS  C:\Users\Xwx47\AppData\Local\Temp\cciT7yXG.s 			page 19


 947 0034 00       		.byte	0
 948 0035 00       		.byte	0
 949 0036 05       		.uleb128 0x5
 950 0037 04       		.uleb128 0x4
 951 0038 01       		.byte	0x1
 952 0039 0B       		.uleb128 0xb
 953 003a 0B       		.uleb128 0xb
 954 003b 49       		.uleb128 0x49
 955 003c 13       		.uleb128 0x13
 956 003d 3A       		.uleb128 0x3a
 957 003e 0B       		.uleb128 0xb
 958 003f 3B       		.uleb128 0x3b
 959 0040 0B       		.uleb128 0xb
 960 0041 01       		.uleb128 0x1
 961 0042 13       		.uleb128 0x13
 962 0043 00       		.byte	0
 963 0044 00       		.byte	0
 964 0045 06       		.uleb128 0x6
 965 0046 28       		.uleb128 0x28
 966 0047 00       		.byte	0
 967 0048 03       		.uleb128 0x3
 968 0049 0E       		.uleb128 0xe
 969 004a 1C       		.uleb128 0x1c
 970 004b 0B       		.uleb128 0xb
 971 004c 00       		.byte	0
 972 004d 00       		.byte	0
 973 004e 07       		.uleb128 0x7
 974 004f 04       		.uleb128 0x4
 975 0050 01       		.byte	0x1
 976 0051 0B       		.uleb128 0xb
 977 0052 0B       		.uleb128 0xb
 978 0053 49       		.uleb128 0x49
 979 0054 13       		.uleb128 0x13
 980 0055 3A       		.uleb128 0x3a
 981 0056 0B       		.uleb128 0xb
 982 0057 3B       		.uleb128 0x3b
 983 0058 05       		.uleb128 0x5
 984 0059 01       		.uleb128 0x1
 985 005a 13       		.uleb128 0x13
 986 005b 00       		.byte	0
 987 005c 00       		.byte	0
 988 005d 08       		.uleb128 0x8
 989 005e 2E       		.uleb128 0x2e
 990 005f 01       		.byte	0x1
 991 0060 3F       		.uleb128 0x3f
 992 0061 19       		.uleb128 0x19
 993 0062 03       		.uleb128 0x3
 994 0063 0E       		.uleb128 0xe
 995 0064 3A       		.uleb128 0x3a
 996 0065 0B       		.uleb128 0xb
 997 0066 3B       		.uleb128 0x3b
 998 0067 0B       		.uleb128 0xb
 999 0068 27       		.uleb128 0x27
 1000 0069 19       		.uleb128 0x19
 1001 006a 11       		.uleb128 0x11
 1002 006b 01       		.uleb128 0x1
 1003 006c 12       		.uleb128 0x12
ARM GAS  C:\Users\Xwx47\AppData\Local\Temp\cciT7yXG.s 			page 20


 1004 006d 06       		.uleb128 0x6
 1005 006e 40       		.uleb128 0x40
 1006 006f 18       		.uleb128 0x18
 1007 0070 9742     		.uleb128 0x2117
 1008 0072 19       		.uleb128 0x19
 1009 0073 01       		.uleb128 0x1
 1010 0074 13       		.uleb128 0x13
 1011 0075 00       		.byte	0
 1012 0076 00       		.byte	0
 1013 0077 09       		.uleb128 0x9
 1014 0078 898201   		.uleb128 0x4109
 1015 007b 00       		.byte	0
 1016 007c 11       		.uleb128 0x11
 1017 007d 01       		.uleb128 0x1
 1018 007e 31       		.uleb128 0x31
 1019 007f 13       		.uleb128 0x13
 1020 0080 00       		.byte	0
 1021 0081 00       		.byte	0
 1022 0082 0A       		.uleb128 0xa
 1023 0083 2E       		.uleb128 0x2e
 1024 0084 01       		.byte	0x1
 1025 0085 3F       		.uleb128 0x3f
 1026 0086 19       		.uleb128 0x19
 1027 0087 03       		.uleb128 0x3
 1028 0088 0E       		.uleb128 0xe
 1029 0089 3A       		.uleb128 0x3a
 1030 008a 0B       		.uleb128 0xb
 1031 008b 3B       		.uleb128 0x3b
 1032 008c 0B       		.uleb128 0xb
 1033 008d 27       		.uleb128 0x27
 1034 008e 19       		.uleb128 0x19
 1035 008f 49       		.uleb128 0x49
 1036 0090 13       		.uleb128 0x13
 1037 0091 8701     		.uleb128 0x87
 1038 0093 19       		.uleb128 0x19
 1039 0094 11       		.uleb128 0x11
 1040 0095 01       		.uleb128 0x1
 1041 0096 12       		.uleb128 0x12
 1042 0097 06       		.uleb128 0x6
 1043 0098 40       		.uleb128 0x40
 1044 0099 18       		.uleb128 0x18
 1045 009a 9742     		.uleb128 0x2117
 1046 009c 19       		.uleb128 0x19
 1047 009d 01       		.uleb128 0x1
 1048 009e 13       		.uleb128 0x13
 1049 009f 00       		.byte	0
 1050 00a0 00       		.byte	0
 1051 00a1 0B       		.uleb128 0xb
 1052 00a2 34       		.uleb128 0x34
 1053 00a3 00       		.byte	0
 1054 00a4 03       		.uleb128 0x3
 1055 00a5 0E       		.uleb128 0xe
 1056 00a6 3A       		.uleb128 0x3a
 1057 00a7 0B       		.uleb128 0xb
 1058 00a8 3B       		.uleb128 0x3b
 1059 00a9 0B       		.uleb128 0xb
 1060 00aa 49       		.uleb128 0x49
ARM GAS  C:\Users\Xwx47\AppData\Local\Temp\cciT7yXG.s 			page 21


 1061 00ab 13       		.uleb128 0x13
 1062 00ac 02       		.uleb128 0x2
 1063 00ad 18       		.uleb128 0x18
 1064 00ae 00       		.byte	0
 1065 00af 00       		.byte	0
 1066 00b0 0C       		.uleb128 0xc
 1067 00b1 0B       		.uleb128 0xb
 1068 00b2 01       		.byte	0x1
 1069 00b3 11       		.uleb128 0x11
 1070 00b4 01       		.uleb128 0x1
 1071 00b5 12       		.uleb128 0x12
 1072 00b6 06       		.uleb128 0x6
 1073 00b7 01       		.uleb128 0x1
 1074 00b8 13       		.uleb128 0x13
 1075 00b9 00       		.byte	0
 1076 00ba 00       		.byte	0
 1077 00bb 0D       		.uleb128 0xd
 1078 00bc 34       		.uleb128 0x34
 1079 00bd 00       		.byte	0
 1080 00be 03       		.uleb128 0x3
 1081 00bf 0E       		.uleb128 0xe
 1082 00c0 3A       		.uleb128 0x3a
 1083 00c1 0B       		.uleb128 0xb
 1084 00c2 3B       		.uleb128 0x3b
 1085 00c3 0B       		.uleb128 0xb
 1086 00c4 49       		.uleb128 0x49
 1087 00c5 13       		.uleb128 0x13
 1088 00c6 02       		.uleb128 0x2
 1089 00c7 17       		.uleb128 0x17
 1090 00c8 00       		.byte	0
 1091 00c9 00       		.byte	0
 1092 00ca 0E       		.uleb128 0xe
 1093 00cb 898201   		.uleb128 0x4109
 1094 00ce 01       		.byte	0x1
 1095 00cf 11       		.uleb128 0x11
 1096 00d0 01       		.uleb128 0x1
 1097 00d1 31       		.uleb128 0x31
 1098 00d2 13       		.uleb128 0x13
 1099 00d3 01       		.uleb128 0x1
 1100 00d4 13       		.uleb128 0x13
 1101 00d5 00       		.byte	0
 1102 00d6 00       		.byte	0
 1103 00d7 0F       		.uleb128 0xf
 1104 00d8 8A8201   		.uleb128 0x410a
 1105 00db 00       		.byte	0
 1106 00dc 02       		.uleb128 0x2
 1107 00dd 18       		.uleb128 0x18
 1108 00de 9142     		.uleb128 0x2111
 1109 00e0 18       		.uleb128 0x18
 1110 00e1 00       		.byte	0
 1111 00e2 00       		.byte	0
 1112 00e3 10       		.uleb128 0x10
 1113 00e4 01       		.uleb128 0x1
 1114 00e5 01       		.byte	0x1
 1115 00e6 49       		.uleb128 0x49
 1116 00e7 13       		.uleb128 0x13
 1117 00e8 01       		.uleb128 0x1
ARM GAS  C:\Users\Xwx47\AppData\Local\Temp\cciT7yXG.s 			page 22


 1118 00e9 13       		.uleb128 0x13
 1119 00ea 00       		.byte	0
 1120 00eb 00       		.byte	0
 1121 00ec 11       		.uleb128 0x11
 1122 00ed 21       		.uleb128 0x21
 1123 00ee 00       		.byte	0
 1124 00ef 49       		.uleb128 0x49
 1125 00f0 13       		.uleb128 0x13
 1126 00f1 2F       		.uleb128 0x2f
 1127 00f2 0B       		.uleb128 0xb
 1128 00f3 00       		.byte	0
 1129 00f4 00       		.byte	0
 1130 00f5 12       		.uleb128 0x12
 1131 00f6 26       		.uleb128 0x26
 1132 00f7 00       		.byte	0
 1133 00f8 49       		.uleb128 0x49
 1134 00f9 13       		.uleb128 0x13
 1135 00fa 00       		.byte	0
 1136 00fb 00       		.byte	0
 1137 00fc 13       		.uleb128 0x13
 1138 00fd 34       		.uleb128 0x34
 1139 00fe 00       		.byte	0
 1140 00ff 03       		.uleb128 0x3
 1141 0100 0E       		.uleb128 0xe
 1142 0101 3A       		.uleb128 0x3a
 1143 0102 0B       		.uleb128 0xb
 1144 0103 3B       		.uleb128 0x3b
 1145 0104 0B       		.uleb128 0xb
 1146 0105 49       		.uleb128 0x49
 1147 0106 13       		.uleb128 0x13
 1148 0107 3F       		.uleb128 0x3f
 1149 0108 19       		.uleb128 0x19
 1150 0109 02       		.uleb128 0x2
 1151 010a 18       		.uleb128 0x18
 1152 010b 00       		.byte	0
 1153 010c 00       		.byte	0
 1154 010d 14       		.uleb128 0x14
 1155 010e 35       		.uleb128 0x35
 1156 010f 00       		.byte	0
 1157 0110 49       		.uleb128 0x49
 1158 0111 13       		.uleb128 0x13
 1159 0112 00       		.byte	0
 1160 0113 00       		.byte	0
 1161 0114 15       		.uleb128 0x15
 1162 0115 2E       		.uleb128 0x2e
 1163 0116 00       		.byte	0
 1164 0117 3F       		.uleb128 0x3f
 1165 0118 19       		.uleb128 0x19
 1166 0119 3C       		.uleb128 0x3c
 1167 011a 19       		.uleb128 0x19
 1168 011b 6E       		.uleb128 0x6e
 1169 011c 0E       		.uleb128 0xe
 1170 011d 03       		.uleb128 0x3
 1171 011e 0E       		.uleb128 0xe
 1172 011f 3A       		.uleb128 0x3a
 1173 0120 0B       		.uleb128 0xb
 1174 0121 3B       		.uleb128 0x3b
ARM GAS  C:\Users\Xwx47\AppData\Local\Temp\cciT7yXG.s 			page 23


 1175 0122 0B       		.uleb128 0xb
 1176 0123 00       		.byte	0
 1177 0124 00       		.byte	0
 1178 0125 16       		.uleb128 0x16
 1179 0126 2E       		.uleb128 0x2e
 1180 0127 00       		.byte	0
 1181 0128 3F       		.uleb128 0x3f
 1182 0129 19       		.uleb128 0x19
 1183 012a 3C       		.uleb128 0x3c
 1184 012b 19       		.uleb128 0x19
 1185 012c 6E       		.uleb128 0x6e
 1186 012d 0E       		.uleb128 0xe
 1187 012e 03       		.uleb128 0x3
 1188 012f 0E       		.uleb128 0xe
 1189 0130 00       		.byte	0
 1190 0131 00       		.byte	0
 1191 0132 00       		.byte	0
 1192              		.section	.debug_loc,"",%progbits
 1193              	.Ldebug_loc0:
 1194              	.LLST0:
 1195 0000 4C000000 		.4byte	.LVL10
 1196 0004 4F000000 		.4byte	.LVL11-1
 1197 0008 0100     		.2byte	0x1
 1198 000a 50       		.byte	0x50
 1199 000b 00000000 		.4byte	0
 1200 000f 00000000 		.4byte	0
 1201              	.LLST1:
 1202 0013 64000000 		.4byte	.LVL15
 1203 0017 6B000000 		.4byte	.LVL16-1
 1204 001b 0100     		.2byte	0x1
 1205 001d 51       		.byte	0x51
 1206 001e 00000000 		.4byte	0
 1207 0022 00000000 		.4byte	0
 1208              		.section	.debug_aranges,"",%progbits
 1209 0000 24000000 		.4byte	0x24
 1210 0004 0200     		.2byte	0x2
 1211 0006 00000000 		.4byte	.Ldebug_info0
 1212 000a 04       		.byte	0x4
 1213 000b 00       		.byte	0
 1214 000c 0000     		.2byte	0
 1215 000e 0000     		.2byte	0
 1216 0010 00000000 		.4byte	.LFB33
 1217 0014 14000000 		.4byte	.LFE33-.LFB33
 1218 0018 00000000 		.4byte	.LFB34
 1219 001c 90000000 		.4byte	.LFE34-.LFB34
 1220 0020 00000000 		.4byte	0
 1221 0024 00000000 		.4byte	0
 1222              		.section	.debug_ranges,"",%progbits
 1223              	.Ldebug_ranges0:
 1224 0000 00000000 		.4byte	.LFB33
 1225 0004 14000000 		.4byte	.LFE33
 1226 0008 00000000 		.4byte	.LFB34
 1227 000c 90000000 		.4byte	.LFE34
 1228 0010 00000000 		.4byte	0
 1229 0014 00000000 		.4byte	0
 1230              		.section	.debug_line,"",%progbits
 1231              	.Ldebug_line0:
ARM GAS  C:\Users\Xwx47\AppData\Local\Temp\cciT7yXG.s 			page 24


 1232 0000 B4010000 		.section	.debug_str,"MS",%progbits,1
 1232      02007B01 
 1232      00000201 
 1232      FB0E0D00 
 1232      01010101 
 1233              	.LASF82:
 1234 0000 4E52465F 		.ascii	"NRF_FIFO_STATUS_BIT_TX_EMPTY\000"
 1234      4649464F 
 1234      5F535441 
 1234      5455535F 
 1234      4249545F 
 1235              	.LASF56:
 1236 001d 4E52465F 		.ascii	"NRF_TX_DS_IRQ\000"
 1236      54585F44 
 1236      535F4952 
 1236      5100
 1237              	.LASF85:
 1238 002b 4E52465F 		.ascii	"NRF_DYNPD_BIT_DPL_P0\000"
 1238      44594E50 
 1238      445F4249 
 1238      545F4450 
 1238      4C5F5030 
 1239              	.LASF86:
 1240 0040 4E52465F 		.ascii	"NRF_DYNPD_BIT_DPL_P1\000"
 1240      44594E50 
 1240      445F4249 
 1240      545F4450 
 1240      4C5F5031 
 1241              	.LASF87:
 1242 0055 4E52465F 		.ascii	"NRF_DYNPD_BIT_DPL_P2\000"
 1242      44594E50 
 1242      445F4249 
 1242      545F4450 
 1242      4C5F5032 
 1243              	.LASF88:
 1244 006a 4E52465F 		.ascii	"NRF_DYNPD_BIT_DPL_P3\000"
 1244      44594E50 
 1244      445F4249 
 1244      545F4450 
 1244      4C5F5033 
 1245              	.LASF22:
 1246 007f 4E52465F 		.ascii	"NRF_REG_RF_SETUP\000"
 1246      5245475F 
 1246      52465F53 
 1246      45545550 
 1246      00
 1247              	.LASF90:
 1248 0090 4E52465F 		.ascii	"NRF_DYNPD_BIT_DPL_P5\000"
 1248      44594E50 
 1248      445F4249 
 1248      545F4450 
 1248      4C5F5035 
 1249              	.LASF62:
 1250 00a5 4E52465F 		.ascii	"NRF_CONFIG_BIT_EN_CRC\000"
 1250      434F4E46 
 1250      49475F42 
 1250      49545F45 
ARM GAS  C:\Users\Xwx47\AppData\Local\Temp\cciT7yXG.s 			page 25


 1250      4E5F4352 
 1251              	.LASF57:
 1252 00bb 4E52465F 		.ascii	"NRF_RX_DR_IRQ\000"
 1252      52585F44 
 1252      525F4952 
 1252      5100
 1253              	.LASF104:
 1254 00c9 4C45445F 		.ascii	"LED_Write\000"
 1254      57726974 
 1254      6500
 1255              	.LASF103:
 1256 00d3 4C45445F 		.ascii	"LED_Read\000"
 1256      52656164 
 1256      00
 1257              	.LASF18:
 1258 00dc 4E52465F 		.ascii	"NRF_REG_EN_RXADDR\000"
 1258      5245475F 
 1258      454E5F52 
 1258      58414444 
 1258      5200
 1259              	.LASF24:
 1260 00ee 4E52465F 		.ascii	"NRF_REG_OBSERVE_TX\000"
 1260      5245475F 
 1260      4F425345 
 1260      5256455F 
 1260      545800
 1261              	.LASF15:
 1262 0101 73697A65 		.ascii	"sizetype\000"
 1262      74797065 
 1262      00
 1263              	.LASF115:
 1264 010a 474E5520 		.ascii	"GNU C11 5.4.1 20160609 (release) [ARM/embedded-5-br"
 1264      43313120 
 1264      352E342E 
 1264      31203230 
 1264      31363036 
 1265 013d 616E6368 		.ascii	"anch revision 237715] -mcpu=cortex-m0plus -mthumb -"
 1265      20726576 
 1265      6973696F 
 1265      6E203233 
 1265      37373135 
 1266 0170 67202D4F 		.ascii	"g -Og -ffunction-sections -ffat-lto-objects\000"
 1266      67202D66 
 1266      66756E63 
 1266      74696F6E 
 1266      2D736563 
 1267              	.LASF106:
 1268 019c 6E524632 		.ascii	"nRF24_get_rx_payload\000"
 1268      345F6765 
 1268      745F7278 
 1268      5F706179 
 1268      6C6F6164 
 1269              	.LASF40:
 1270 01b1 4E52465F 		.ascii	"NRF_REG_DYNPD\000"
 1270      5245475F 
 1270      44594E50 
 1270      4400
ARM GAS  C:\Users\Xwx47\AppData\Local\Temp\cciT7yXG.s 			page 26


 1271              	.LASF120:
 1272 01bf 6D656D63 		.ascii	"memcpy\000"
 1272      707900
 1273              	.LASF32:
 1274 01c6 4E52465F 		.ascii	"NRF_REG_TX_ADDR\000"
 1274      5245475F 
 1274      54585F41 
 1274      44445200 
 1275              	.LASF64:
 1276 01d6 4E52465F 		.ascii	"NRF_CONFIG_BIT_MASK_TX_DS\000"
 1276      434F4E46 
 1276      49475F42 
 1276      49545F4D 
 1276      41534B5F 
 1277              	.LASF94:
 1278 01f0 52585F41 		.ascii	"RX_ADDR\000"
 1278      44445200 
 1279              	.LASF39:
 1280 01f8 4E52465F 		.ascii	"NRF_REG_FIFO_STATUS\000"
 1280      5245475F 
 1280      4649464F 
 1280      5F535441 
 1280      54555300 
 1281              	.LASF101:
 1282 020c 6E524632 		.ascii	"nRF24_get_irq_flag\000"
 1282      345F6765 
 1282      745F6972 
 1282      715F666C 
 1282      616700
 1283              	.LASF34:
 1284 021f 4E52465F 		.ascii	"NRF_REG_RX_PW_P1\000"
 1284      5245475F 
 1284      52585F50 
 1284      575F5031 
 1284      00
 1285              	.LASF35:
 1286 0230 4E52465F 		.ascii	"NRF_REG_RX_PW_P2\000"
 1286      5245475F 
 1286      52585F50 
 1286      575F5032 
 1286      00
 1287              	.LASF2:
 1288 0241 73686F72 		.ascii	"short int\000"
 1288      7420696E 
 1288      7400
 1289              	.LASF37:
 1290 024b 4E52465F 		.ascii	"NRF_REG_RX_PW_P4\000"
 1290      5245475F 
 1290      52585F50 
 1290      575F5034 
 1290      00
 1291              	.LASF60:
 1292 025c 4E52465F 		.ascii	"NRF_CONFIG_BIT_PWR_UP\000"
 1292      434F4E46 
 1292      49475F42 
 1292      49545F50 
 1292      57525F55 
ARM GAS  C:\Users\Xwx47\AppData\Local\Temp\cciT7yXG.s 			page 27


 1293              	.LASF110:
 1294 0272 55415254 		.ascii	"UART_PutString\000"
 1294      5F507574 
 1294      53747269 
 1294      6E6700
 1295              	.LASF17:
 1296 0281 4E52465F 		.ascii	"NRF_REG_EN_AA\000"
 1296      5245475F 
 1296      454E5F41 
 1296      4100
 1297              	.LASF10:
 1298 028f 75696E74 		.ascii	"uint8_t\000"
 1298      385F7400 
 1299              	.LASF23:
 1300 0297 4E52465F 		.ascii	"NRF_REG_STATUS\000"
 1300      5245475F 
 1300      53544154 
 1300      555300
 1301              	.LASF66:
 1302 02a6 4E52465F 		.ascii	"NRF_EN_AA_BIT_ENAA_P0\000"
 1302      454E5F41 
 1302      415F4249 
 1302      545F454E 
 1302      41415F50 
 1303              	.LASF67:
 1304 02bc 4E52465F 		.ascii	"NRF_EN_AA_BIT_ENAA_P1\000"
 1304      454E5F41 
 1304      415F4249 
 1304      545F454E 
 1304      41415F50 
 1305              	.LASF68:
 1306 02d2 4E52465F 		.ascii	"NRF_EN_AA_BIT_ENAA_P2\000"
 1306      454E5F41 
 1306      415F4249 
 1306      545F454E 
 1306      41415F50 
 1307              	.LASF69:
 1308 02e8 4E52465F 		.ascii	"NRF_EN_AA_BIT_ENAA_P3\000"
 1308      454E5F41 
 1308      415F4249 
 1308      545F454E 
 1308      41415F50 
 1309              	.LASF70:
 1310 02fe 4E52465F 		.ascii	"NRF_EN_AA_BIT_ENAA_P4\000"
 1310      454E5F41 
 1310      415F4249 
 1310      545F454E 
 1310      41415F50 
 1311              	.LASF71:
 1312 0314 4E52465F 		.ascii	"NRF_EN_AA_BIT_ENAA_P5\000"
 1312      454E5F41 
 1312      415F4249 
 1312      545F454E 
 1312      41415F50 
 1313              	.LASF111:
 1314 032a 6E524632 		.ascii	"nRF24_start\000"
 1314      345F7374 
ARM GAS  C:\Users\Xwx47\AppData\Local\Temp\cciT7yXG.s 			page 28


 1314      61727400 
 1315              	.LASF21:
 1316 0336 4E52465F 		.ascii	"NRF_REG_RF_CH\000"
 1316      5245475F 
 1316      52465F43 
 1316      4800
 1317              	.LASF0:
 1318 0344 7369676E 		.ascii	"signed char\000"
 1318      65642063 
 1318      68617200 
 1319              	.LASF11:
 1320 0350 666C6F61 		.ascii	"float\000"
 1320      7400
 1321              	.LASF48:
 1322 0356 4E52465F 		.ascii	"NRF_PLD_SIZE_PIPE0\000"
 1322      504C445F 
 1322      53495A45 
 1322      5F504950 
 1322      453000
 1323              	.LASF6:
 1324 0369 6C6F6E67 		.ascii	"long long int\000"
 1324      206C6F6E 
 1324      6720696E 
 1324      7400
 1325              	.LASF50:
 1326 0377 4E52465F 		.ascii	"NRF_PLD_SIZE_PIPE2\000"
 1326      504C445F 
 1326      53495A45 
 1326      5F504950 
 1326      453200
 1327              	.LASF51:
 1328 038a 4E52465F 		.ascii	"NRF_PLD_SIZE_PIPE3\000"
 1328      504C445F 
 1328      53495A45 
 1328      5F504950 
 1328      453300
 1329              	.LASF52:
 1330 039d 4E52465F 		.ascii	"NRF_PLD_SIZE_PIPE4\000"
 1330      504C445F 
 1330      53495A45 
 1330      5F504950 
 1330      453400
 1331              	.LASF53:
 1332 03b0 4E52465F 		.ascii	"NRF_PLD_SIZE_PIPE5\000"
 1332      504C445F 
 1332      53495A45 
 1332      5F504950 
 1332      453500
 1333              	.LASF117:
 1334 03c3 433A5C55 		.ascii	"C:\\Users\\Xwx47\\Documents\\Creator\\nRF24_Example"
 1334      73657273 
 1334      5C587778 
 1334      34375C44 
 1334      6F63756D 
 1335 03f1 5F50726F 		.ascii	"_Projects\\02_EnhancedShockBurst_Rx.cydsn\000"
 1335      6A656374 
 1335      735C3032 
ARM GAS  C:\Users\Xwx47\AppData\Local\Temp\cciT7yXG.s 			page 29


 1335      5F456E68 
 1335      616E6365 
 1336              	.LASF75:
 1337 041a 4E52465F 		.ascii	"NRF_EN_RXADDR_BIT_ERX_P3\000"
 1337      454E5F52 
 1337      58414444 
 1337      525F4249 
 1337      545F4552 
 1338              	.LASF4:
 1339 0433 6C6F6E67 		.ascii	"long int\000"
 1339      20696E74 
 1339      00
 1340              	.LASF25:
 1341 043c 4E52465F 		.ascii	"NRF_REG_RPD\000"
 1341      5245475F 
 1341      52504400 
 1342              	.LASF92:
 1343 0448 4E52465F 		.ascii	"NRF_FEATURE_BIT_EN_ACK_PAY\000"
 1343      46454154 
 1343      5552455F 
 1343      4249545F 
 1343      454E5F41 
 1344              	.LASF65:
 1345 0463 4E52465F 		.ascii	"NRF_CONFIG_BIT_MASK_RX_DR\000"
 1345      434F4E46 
 1345      49475F42 
 1345      49545F4D 
 1345      41534B5F 
 1346              	.LASF98:
 1347 047d 6972715F 		.ascii	"irq_flag\000"
 1347      666C6167 
 1347      00
 1348              	.LASF9:
 1349 0486 5F5F7569 		.ascii	"__uint8_t\000"
 1349      6E74385F 
 1349      7400
 1350              	.LASF49:
 1351 0490 4E52465F 		.ascii	"NRF_PLD_SIZE_PIPE1\000"
 1351      504C445F 
 1351      53495A45 
 1351      5F504950 
 1351      453100
 1352              	.LASF72:
 1353 04a3 4E52465F 		.ascii	"NRF_EN_RXADDR_BIT_ERX_P0\000"
 1353      454E5F52 
 1353      58414444 
 1353      525F4249 
 1353      545F4552 
 1354              	.LASF73:
 1355 04bc 4E52465F 		.ascii	"NRF_EN_RXADDR_BIT_ERX_P1\000"
 1355      454E5F52 
 1355      58414444 
 1355      525F4249 
 1355      545F4552 
 1356              	.LASF74:
 1357 04d5 4E52465F 		.ascii	"NRF_EN_RXADDR_BIT_ERX_P2\000"
 1357      454E5F52 
ARM GAS  C:\Users\Xwx47\AppData\Local\Temp\cciT7yXG.s 			page 30


 1357      58414444 
 1357      525F4249 
 1357      545F4552 
 1358              	.LASF1:
 1359 04ee 756E7369 		.ascii	"unsigned char\000"
 1359      676E6564 
 1359      20636861 
 1359      7200
 1360              	.LASF76:
 1361 04fc 4E52465F 		.ascii	"NRF_EN_RXADDR_BIT_ERX_P4\000"
 1361      454E5F52 
 1361      58414444 
 1361      525F4249 
 1361      545F4552 
 1362              	.LASF77:
 1363 0515 4E52465F 		.ascii	"NRF_EN_RXADDR_BIT_ERX_P5\000"
 1363      454E5F52 
 1363      58414444 
 1363      525F4249 
 1363      545F4552 
 1364              	.LASF112:
 1365 052e 6E524632 		.ascii	"nRF24_set_rx_pipe_address\000"
 1365      345F7365 
 1365      745F7278 
 1365      5F706970 
 1365      655F6164 
 1366              	.LASF14:
 1367 0548 6C6F6E67 		.ascii	"long double\000"
 1367      20646F75 
 1367      626C6500 
 1368              	.LASF26:
 1369 0554 4E52465F 		.ascii	"NRF_REG_RX_ADDR_P0\000"
 1369      5245475F 
 1369      52585F41 
 1369      4444525F 
 1369      503000
 1370              	.LASF27:
 1371 0567 4E52465F 		.ascii	"NRF_REG_RX_ADDR_P1\000"
 1371      5245475F 
 1371      52585F41 
 1371      4444525F 
 1371      503100
 1372              	.LASF28:
 1373 057a 4E52465F 		.ascii	"NRF_REG_RX_ADDR_P2\000"
 1373      5245475F 
 1373      52585F41 
 1373      4444525F 
 1373      503200
 1374              	.LASF29:
 1375 058d 4E52465F 		.ascii	"NRF_REG_RX_ADDR_P3\000"
 1375      5245475F 
 1375      52585F41 
 1375      4444525F 
 1375      503300
 1376              	.LASF30:
 1377 05a0 4E52465F 		.ascii	"NRF_REG_RX_ADDR_P4\000"
 1377      5245475F 
ARM GAS  C:\Users\Xwx47\AppData\Local\Temp\cciT7yXG.s 			page 31


 1377      52585F41 
 1377      4444525F 
 1377      503400
 1378              	.LASF31:
 1379 05b3 4E52465F 		.ascii	"NRF_REG_RX_ADDR_P5\000"
 1379      5245475F 
 1379      52585F41 
 1379      4444525F 
 1379      503500
 1380              	.LASF93:
 1381 05c6 4E52465F 		.ascii	"NRF_FEATURE_BIT_EN_DPL\000"
 1381      46454154 
 1381      5552455F 
 1381      4249545F 
 1381      454E5F44 
 1382              	.LASF33:
 1383 05dd 4E52465F 		.ascii	"NRF_REG_RX_PW_P0\000"
 1383      5245475F 
 1383      52585F50 
 1383      575F5030 
 1383      00
 1384              	.LASF41:
 1385 05ee 4E52465F 		.ascii	"NRF_REG_FEATURE\000"
 1385      5245475F 
 1385      46454154 
 1385      55524500 
 1386              	.LASF7:
 1387 05fe 6C6F6E67 		.ascii	"long long unsigned int\000"
 1387      206C6F6E 
 1387      6720756E 
 1387      7369676E 
 1387      65642069 
 1388              	.LASF58:
 1389 0615 6E72665F 		.ascii	"nrf_irq\000"
 1389      69727100 
 1390              	.LASF89:
 1391 061d 4E52465F 		.ascii	"NRF_DYNPD_BIT_DPL_P4\000"
 1391      44594E50 
 1391      445F4249 
 1391      545F4450 
 1391      4C5F5034 
 1392              	.LASF8:
 1393 0632 756E7369 		.ascii	"unsigned int\000"
 1393      676E6564 
 1393      20696E74 
 1393      00
 1394              	.LASF84:
 1395 063f 4E52465F 		.ascii	"NRF_FIFO_STATUS_BIT_TX_REUSE\000"
 1395      4649464F 
 1395      5F535441 
 1395      5455535F 
 1395      4249545F 
 1396              	.LASF63:
 1397 065c 4E52465F 		.ascii	"NRF_CONFIG_BIT_MASK_MAX_RT\000"
 1397      434F4E46 
 1397      49475F42 
 1397      49545F4D 
ARM GAS  C:\Users\Xwx47\AppData\Local\Temp\cciT7yXG.s 			page 32


 1397      41534B5F 
 1398              	.LASF5:
 1399 0677 6C6F6E67 		.ascii	"long unsigned int\000"
 1399      20756E73 
 1399      69676E65 
 1399      6420696E 
 1399      7400
 1400              	.LASF102:
 1401 0689 6E524632 		.ascii	"nRF24_clear_irq_flag\000"
 1401      345F636C 
 1401      6561725F 
 1401      6972715F 
 1401      666C6167 
 1402              	.LASF78:
 1403 069e 4E52465F 		.ascii	"NRF_SETUP_RETR_BIT_ARC\000"
 1403      53455455 
 1403      505F5245 
 1403      54525F42 
 1403      49545F41 
 1404              	.LASF79:
 1405 06b5 4E52465F 		.ascii	"NRF_SETUP_RETR_BIT_ARD\000"
 1405      53455455 
 1405      505F5245 
 1405      54525F42 
 1405      49545F41 
 1406              	.LASF105:
 1407 06cc 6E524632 		.ascii	"nRF24_get_payload_size\000"
 1407      345F6765 
 1407      745F7061 
 1407      796C6F61 
 1407      645F7369 
 1408              	.LASF91:
 1409 06e3 4E52465F 		.ascii	"NRF_FEATURE_BIT_EN_DYN_ACK\000"
 1409      46454154 
 1409      5552455F 
 1409      4249545F 
 1409      454E5F44 
 1410              	.LASF114:
 1411 06fe 6E524632 		.ascii	"nRF24_start_listening\000"
 1411      345F7374 
 1411      6172745F 
 1411      6C697374 
 1411      656E696E 
 1412              	.LASF13:
 1413 0714 63686172 		.ascii	"char\000"
 1413      00
 1414              	.LASF119:
 1415 0719 6D61696E 		.ascii	"main\000"
 1415      00
 1416              	.LASF109:
 1417 071e 55415254 		.ascii	"UART_Start\000"
 1417      5F537461 
 1417      727400
 1418              	.LASF3:
 1419 0729 73686F72 		.ascii	"short unsigned int\000"
 1419      7420756E 
 1419      7369676E 
ARM GAS  C:\Users\Xwx47\AppData\Local\Temp\cciT7yXG.s 			page 33


 1419      65642069 
 1419      6E7400
 1420              	.LASF55:
 1421 073c 4E52465F 		.ascii	"NRF_MAX_RT_IRQ\000"
 1421      4D41585F 
 1421      52545F49 
 1421      525100
 1422              	.LASF97:
 1423 074b 5F426F6F 		.ascii	"_Bool\000"
 1423      6C00
 1424              	.LASF108:
 1425 0751 6973725F 		.ascii	"isr_IRQ_StartEx\000"
 1425      4952515F 
 1425      53746172 
 1425      74457800 
 1426              	.LASF100:
 1427 0761 4952515F 		.ascii	"IRQ_ClearInterrupt\000"
 1427      436C6561 
 1427      72496E74 
 1427      65727275 
 1427      707400
 1428              	.LASF99:
 1429 0774 64617461 		.ascii	"data\000"
 1429      00
 1430              	.LASF61:
 1431 0779 4E52465F 		.ascii	"NRF_CONFIG_BIT_CRCO\000"
 1431      434F4E46 
 1431      49475F42 
 1431      49545F43 
 1431      52434F00 
 1432              	.LASF116:
 1433 078d 6D61696E 		.ascii	"main.c\000"
 1433      2E6300
 1434              	.LASF96:
 1435 0794 7061796C 		.ascii	"payload_size\000"
 1435      6F61645F 
 1435      73697A65 
 1435      00
 1436              	.LASF113:
 1437 07a1 6E524632 		.ascii	"nRF24_set_tx_address\000"
 1437      345F7365 
 1437      745F7478 
 1437      5F616464 
 1437      72657373 
 1438              	.LASF12:
 1439 07b6 646F7562 		.ascii	"double\000"
 1439      6C6500
 1440              	.LASF59:
 1441 07bd 4E52465F 		.ascii	"NRF_CONFIG_BIT_PRIM_RX\000"
 1441      434F4E46 
 1441      49475F42 
 1441      49545F50 
 1441      52494D5F 
 1442              	.LASF54:
 1443 07d4 4E52465F 		.ascii	"NRF_NONE_IRQ\000"
 1443      4E4F4E45 
 1443      5F495251 
ARM GAS  C:\Users\Xwx47\AppData\Local\Temp\cciT7yXG.s 			page 34


 1443      00
 1444              	.LASF80:
 1445 07e1 4E52465F 		.ascii	"NRF_FIFO_STATUS_BIT_RX_EMPTY\000"
 1445      4649464F 
 1445      5F535441 
 1445      5455535F 
 1445      4249545F 
 1446              	.LASF16:
 1447 07fe 4E52465F 		.ascii	"NRF_REG_CONFIG\000"
 1447      5245475F 
 1447      434F4E46 
 1447      494700
 1448              	.LASF81:
 1449 080d 4E52465F 		.ascii	"NRF_FIFO_STATUS_BIT_RX_FULL\000"
 1449      4649464F 
 1449      5F535441 
 1449      5455535F 
 1449      4249545F 
 1450              	.LASF20:
 1451 0829 4E52465F 		.ascii	"NRF_REG_SETUP_RETR\000"
 1451      5245475F 
 1451      53455455 
 1451      505F5245 
 1451      545200
 1452              	.LASF19:
 1453 083c 4E52465F 		.ascii	"NRF_REG_SETUP_AW\000"
 1453      5245475F 
 1453      53455455 
 1453      505F4157 
 1453      00
 1454              	.LASF118:
 1455 084d 4952515F 		.ascii	"IRQ_Handler\000"
 1455      48616E64 
 1455      6C657200 
 1456              	.LASF95:
 1457 0859 666C6167 		.ascii	"flag\000"
 1457      00
 1458              	.LASF83:
 1459 085e 4E52465F 		.ascii	"NRF_FIFO_STATUS_BIT_TX_FULL\000"
 1459      4649464F 
 1459      5F535441 
 1459      5455535F 
 1459      4249545F 
 1460              	.LASF42:
 1461 087a 4E52465F 		.ascii	"NRF_ADDR_PIPE0\000"
 1461      41444452 
 1461      5F504950 
 1461      453000
 1462              	.LASF43:
 1463 0889 4E52465F 		.ascii	"NRF_ADDR_PIPE1\000"
 1463      41444452 
 1463      5F504950 
 1463      453100
 1464              	.LASF44:
 1465 0898 4E52465F 		.ascii	"NRF_ADDR_PIPE2\000"
 1465      41444452 
 1465      5F504950 
ARM GAS  C:\Users\Xwx47\AppData\Local\Temp\cciT7yXG.s 			page 35


 1465      453200
 1466              	.LASF45:
 1467 08a7 4E52465F 		.ascii	"NRF_ADDR_PIPE3\000"
 1467      41444452 
 1467      5F504950 
 1467      453300
 1468              	.LASF46:
 1469 08b6 4E52465F 		.ascii	"NRF_ADDR_PIPE4\000"
 1469      41444452 
 1469      5F504950 
 1469      453400
 1470              	.LASF47:
 1471 08c5 4E52465F 		.ascii	"NRF_ADDR_PIPE5\000"
 1471      41444452 
 1471      5F504950 
 1471      453500
 1472              	.LASF36:
 1473 08d4 4E52465F 		.ascii	"NRF_REG_RX_PW_P3\000"
 1473      5245475F 
 1473      52585F50 
 1473      575F5033 
 1473      00
 1474              	.LASF38:
 1475 08e5 4E52465F 		.ascii	"NRF_REG_RX_PW_P5\000"
 1475      5245475F 
 1475      52585F50 
 1475      575F5035 
 1475      00
 1476              	.LASF107:
 1477 08f6 55415254 		.ascii	"UART_PutChar\000"
 1477      5F507574 
 1477      43686172 
 1477      00
 1478              		.ident	"GCC: (GNU Tools for ARM Embedded Processors) 5.4.1 20160609 (release) [ARM/embedded-5-bran
