--------------- Clean Started: 01/11/2018 10:45:41 Project: 00_Basic_Tx, Configuration: ARM GCC 5.4-2016-q2-update Debug ---------------
Deleting file ".\CortexM0\ARM_GCC_541\Debug\main.o"
Deleting file ".\CortexM0\ARM_GCC_541\Debug\cyfitter_cfg.o"
Deleting file ".\CortexM0\ARM_GCC_541\Debug\cymetadata.o"
Deleting file ".\CortexM0\ARM_GCC_541\Debug\nRF24_LL_SPI.o"
Deleting file ".\CortexM0\ARM_GCC_541\Debug\nRF24_FUNCS.o"
Deleting file ".\CortexM0\ARM_GCC_541\Debug\nRF24_COMMANDS.o"
Deleting file ".\CortexM0\ARM_GCC_541\Debug\SPI.o"
Deleting file ".\CortexM0\ARM_GCC_541\Debug\SPI_SPI_UART.o"
Deleting file ".\CortexM0\ARM_GCC_541\Debug\SPI_PM.o"
Deleting file ".\CortexM0\ARM_GCC_541\Debug\SPI_SPI.o"
Deleting file ".\CortexM0\ARM_GCC_541\Debug\SPI_BOOT.o"
Deleting file ".\CortexM0\ARM_GCC_541\Debug\SPI_SPI_BOOT.o"
Deleting file ".\CortexM0\ARM_GCC_541\Debug\SS.o"
Deleting file ".\CortexM0\ARM_GCC_541\Debug\SS_PM.o"
Deleting file ".\CortexM0\ARM_GCC_541\Debug\IRQ.o"
Deleting file ".\CortexM0\ARM_GCC_541\Debug\IRQ_PM.o"
Deleting file ".\CortexM0\ARM_GCC_541\Debug\isr_IRQ.o"
Deleting file ".\CortexM0\ARM_GCC_541\Debug\CE.o"
Deleting file ".\CortexM0\ARM_GCC_541\Debug\CE_PM.o"
Deleting file ".\CortexM0\ARM_GCC_541\Debug\SPI_SCBCLK.o"
Deleting file ".\CortexM0\ARM_GCC_541\Debug\SPI_sclk_m.o"
Deleting file ".\CortexM0\ARM_GCC_541\Debug\SPI_sclk_m_PM.o"
Deleting file ".\CortexM0\ARM_GCC_541\Debug\SPI_miso_m.o"
Deleting file ".\CortexM0\ARM_GCC_541\Debug\SPI_miso_m_PM.o"
Deleting file ".\CortexM0\ARM_GCC_541\Debug\SPI_mosi_m.o"
Deleting file ".\CortexM0\ARM_GCC_541\Debug\SPI_mosi_m_PM.o"
Deleting file ".\CortexM0\ARM_GCC_541\Debug\Cm0Start.o"
Deleting file ".\CortexM0\ARM_GCC_541\Debug\CyFlash.o"
Deleting file ".\CortexM0\ARM_GCC_541\Debug\CyLib.o"
Deleting file ".\CortexM0\ARM_GCC_541\Debug\cyPm.o"
Deleting file ".\CortexM0\ARM_GCC_541\Debug\cyutils.o"
Deleting file ".\CortexM0\ARM_GCC_541\Debug\CyBootAsmGnu.o"
Deleting file ".\CortexM0\ARM_GCC_541\Debug\CyLFClk.o"
Deleting file ".\CortexM0\ARM_GCC_541\Debug\UART.o"
Deleting file ".\CortexM0\ARM_GCC_541\Debug\UART_PM.o"
Deleting file ".\CortexM0\ARM_GCC_541\Debug\UART_INT.o"
Deleting file ".\CortexM0\ARM_GCC_541\Debug\UART_BOOT.o"
Deleting file ".\CortexM0\ARM_GCC_541\Debug\UART_IntClock.o"
Deleting file ".\CortexM0\ARM_GCC_541\Debug\LED.o"
Deleting file ".\CortexM0\ARM_GCC_541\Debug\LED_PM.o"
Deleting file ".\CortexM0\ARM_GCC_541\Debug\00_Basic_Tx.hex"
Deleting file ".\CortexM0\ARM_GCC_541\Debug\00_Basic_Tx.elf"
Deleting file ".\CortexM0\ARM_GCC_541\Debug\00_Basic_Tx.map"
Deleting file ".\00_Basic_Tx.cycdx"
Deleting file ".\00_Basic_Tx.svd"
Deleting file ".\00_Basic_Tx.rpt"
Deleting file ".\00_Basic_Tx_timing.html"
Deleting file ".\CortexM0\ARM_GCC_541\Debug\.deps\SOURCE_C__ARM_GCC_GENERIC.P"
Deleting file ".\CortexM0\ARM_GCC_541\Debug\.deps\SOURCE_ASM__ARM_GCC_GENERIC.P"
--------------- Clean Succeeded: 01/11/2018 10:45:42 ---------------
